[1] "dataset=AIAN:models=acs,pep,wp,acs_2018,pep_2018:n.sample=2000:burnin=1000:outcome=census:family=negbin:use_softmax=T:fixed_rho=-1:fixed_tau2=-1:sigma2_prior_shape=50:sigma2_prior_rate=0.5:tau2_prior_shape=1:tau2_prior_rate=1:theta_prior_shape=0.001:theta_prior_rate=0.001:theta_multiplier=1:stan_path=code/CAR_leroux_sparse_negbin_alpha_FE.stan:CV_blocks=5:return_quantiles=F:output_path_addition=AIAN_softmax_preprocess_interceptonly_5models:chains_cores=10:alpha_variance_prior=-1:preprocess_scale=T:fixed_effects=intercept"
$dataset
[1] "aian"

$models
[1] "acs"      "pep"      "wp"       "acs_2018" "pep_2018"

$n.sample
[1] 2000

$burnin
[1] 1000

$outcome
[1] "census"

$family
[1] "negbin"

$use_softmax
[1] TRUE

$fixed_rho
[1] -1

$fixed_tau2
[1] -1

$sigma2_prior_shape
[1] 50

$sigma2_prior_rate
[1] 0.5

$tau2_prior_shape
[1] 1

$tau2_prior_rate
[1] 1

$theta_prior_shape
[1] 0.001

$theta_prior_rate
[1] 0.001

$theta_multiplier
[1] 1

$stan_path
[1] "code/CAR_leroux_sparse_negbin_alpha_FE.stan"

$CV_blocks
[1] 5

$return_quantiles
[1] FALSE

$output_path_addition
[1] "aian_softmax_preprocess_interceptonly_5models"

$chains_cores
[1] 10

$alpha_variance_prior
[1] -1

$preprocess_scale
[1] TRUE

$fixed_effects
[1] "intercept"

$results_file
[1] "results/real_data_results/real_data_fit_aian_softmax_preprocess_interceptonly_5models_ID21962_2025_01_03.RData"

 [1] "GEOID"               "state"               "acs"                
 [4] "census"              "pep"                 "wp"                 
 [7] "NAME"                "ALAND"               "ALAND_sqmi"         
[10] "acs_density"         "pep_density"         "acs_AIAN_proportion"
[13] "pep_AIAN_proportion" "acs_density_full"    "pep_density_full"   
[16] "acs_2018"            "pep_2018"            "pep_diff"           
[19] "acs_diff"           
[1] "stan_path = code/CAR_leroux_sparse_negbin_alpha_FE.stan"
[1] "check 1"
[1] "check 1.5"
groups
  1   2   3   4   5 
818 618 570 558 500 
[1] "------------1------------"
[1] "check 5"
[1] "use softmax = TRUE"

SAMPLING FOR MODEL 'anon_model' NOW (CHAIN 1).

SAMPLING FOR MODEL 'anon_model' NOW (CHAIN 2).

SAMPLING FOR MODEL 'anon_model' NOW (CHAIN 3).

SAMPLING FOR MODEL 'anon_model' NOW (CHAIN 4).

SAMPLING FOR MODEL 'anon_model' NOW (CHAIN 5).

SAMPLING FOR MODEL 'anon_model' NOW (CHAIN 6).

SAMPLING FOR MODEL 'anon_model' NOW (CHAIN 7).

SAMPLING FOR MODEL 'anon_model' NOW (CHAIN 8).

SAMPLING FOR MODEL 'anon_model' NOW (CHAIN 9).

SAMPLING FOR MODEL 'anon_model' NOW (CHAIN 10).
Chain 1: 
Chain 1: Gradient evaluation took 0.011592 seconds
Chain 1: 1000 transitions using 10 leapfrog steps per transition would take 115.92 seconds.
Chain 1: Adjust your expectations accordingly!
Chain 1: 
Chain 1: 
Chain 3: 
Chain 3: Gradient evaluation took 0.012352 seconds
Chain 3: 1000 transitions using 10 leapfrog steps per transition would take 123.52 seconds.
Chain 3: Adjust your expectations accordingly!
Chain 3: 
Chain 3: 
Chain 2: 
Chain 2: Gradient evaluation took 0.012355 seconds
Chain 2: 1000 transitions using 10 leapfrog steps per transition would take 123.55 seconds.
Chain 2: Adjust your expectations accordingly!
Chain 2: 
Chain 2: 
Chain 4: 
Chain 4: Gradient evaluation took 0.012454 seconds
Chain 4: 1000 transitions using 10 leapfrog steps per transition would take 124.54 seconds.
Chain 4: Adjust your expectations accordingly!
Chain 4: 
Chain 4: 
Chain 5: 
Chain 5: Gradient evaluation took 0.012737 seconds
Chain 5: 1000 transitions using 10 leapfrog steps per transition would take 127.37 seconds.
Chain 5: Adjust your expectations accordingly!
Chain 5: 
Chain 5: 
Chain 7: 
Chain 7: Gradient evaluation took 0.013295 seconds
Chain 7: 1000 transitions using 10 leapfrog steps per transition would take 132.95 seconds.
Chain 7: Adjust your expectations accordingly!
Chain 7: 
Chain 7: 
Chain 6: 
Chain 6: Gradient evaluation took 0.013277 seconds
Chain 6: 1000 transitions using 10 leapfrog steps per transition would take 132.77 seconds.
Chain 6: Adjust your expectations accordingly!
Chain 6: 
Chain 6: 
Chain 8: 
Chain 8: Gradient evaluation took 0.013056 seconds
Chain 8: 1000 transitions using 10 leapfrog steps per transition would take 130.56 seconds.
Chain 8: Adjust your expectations accordingly!
Chain 8: 
Chain 8: 
Chain 9: 
Chain 9: Gradient evaluation took 0.013256 seconds
Chain 9: 1000 transitions using 10 leapfrog steps per transition would take 132.56 seconds.
Chain 9: Adjust your expectations accordingly!
Chain 9: 
Chain 9: 
Chain 10: 
Chain 10: Gradient evaluation took 0.013383 seconds
Chain 10: 1000 transitions using 10 leapfrog steps per transition would take 133.83 seconds.
Chain 10: Adjust your expectations accordingly!
Chain 10: 
Chain 10: 
Chain 1: Iteration:    1 / 2000 [  0%]  (Warmup)
Chain 3: Iteration:    1 / 2000 [  0%]  (Warmup)
Chain 2: Iteration:    1 / 2000 [  0%]  (Warmup)
Chain 4: Iteration:    1 / 2000 [  0%]  (Warmup)
Chain 5: Iteration:    1 / 2000 [  0%]  (Warmup)
Chain 7: Iteration:    1 / 2000 [  0%]  (Warmup)
Chain 6: Iteration:    1 / 2000 [  0%]  (Warmup)
Chain 8: Iteration:    1 / 2000 [  0%]  (Warmup)
Chain 9: Iteration:    1 / 2000 [  0%]  (Warmup)
Chain 10: Iteration:    1 / 2000 [  0%]  (Warmup)
Chain 8: Iteration:  200 / 2000 [ 10%]  (Warmup)
Chain 6: Iteration:  200 / 2000 [ 10%]  (Warmup)
Chain 1: Iteration:  200 / 2000 [ 10%]  (Warmup)
Chain 9: Iteration:  200 / 2000 [ 10%]  (Warmup)
Chain 5: Iteration:  200 / 2000 [ 10%]  (Warmup)
Chain 10: Iteration:  200 / 2000 [ 10%]  (Warmup)
Chain 4: Iteration:  200 / 2000 [ 10%]  (Warmup)
Chain 2: Iteration:  200 / 2000 [ 10%]  (Warmup)
Chain 3: Iteration:  200 / 2000 [ 10%]  (Warmup)
Chain 7: Iteration:  200 / 2000 [ 10%]  (Warmup)
Chain 8: Iteration:  400 / 2000 [ 20%]  (Warmup)
Chain 10: Iteration:  400 / 2000 [ 20%]  (Warmup)
Chain 6: Iteration:  400 / 2000 [ 20%]  (Warmup)
Chain 5: Iteration:  400 / 2000 [ 20%]  (Warmup)
Chain 1: Iteration:  400 / 2000 [ 20%]  (Warmup)
Chain 4: Iteration:  400 / 2000 [ 20%]  (Warmup)
Chain 9: Iteration:  400 / 2000 [ 20%]  (Warmup)
Chain 2: Iteration:  400 / 2000 [ 20%]  (Warmup)
Chain 3: Iteration:  400 / 2000 [ 20%]  (Warmup)
Chain 7: Iteration:  400 / 2000 [ 20%]  (Warmup)
Chain 8: Iteration:  600 / 2000 [ 30%]  (Warmup)
Chain 9: Iteration:  600 / 2000 [ 30%]  (Warmup)
Chain 10: Iteration:  600 / 2000 [ 30%]  (Warmup)
Chain 6: Iteration:  600 / 2000 [ 30%]  (Warmup)
Chain 4: Iteration:  600 / 2000 [ 30%]  (Warmup)
Chain 1: Iteration:  600 / 2000 [ 30%]  (Warmup)
Chain 2: Iteration:  600 / 2000 [ 30%]  (Warmup)
Chain 7: Iteration:  600 / 2000 [ 30%]  (Warmup)
Chain 5: Iteration:  600 / 2000 [ 30%]  (Warmup)
Chain 3: Iteration:  600 / 2000 [ 30%]  (Warmup)
Chain 9: Iteration:  800 / 2000 [ 40%]  (Warmup)
Chain 8: Iteration:  800 / 2000 [ 40%]  (Warmup)
Chain 10: Iteration:  800 / 2000 [ 40%]  (Warmup)
Chain 1: Iteration:  800 / 2000 [ 40%]  (Warmup)
Chain 2: Iteration:  800 / 2000 [ 40%]  (Warmup)
Chain 6: Iteration:  800 / 2000 [ 40%]  (Warmup)
Chain 7: Iteration:  800 / 2000 [ 40%]  (Warmup)
Chain 9: Iteration: 1000 / 2000 [ 50%]  (Warmup)
Chain 9: Iteration: 1001 / 2000 [ 50%]  (Sampling)
Chain 10: Iteration: 1000 / 2000 [ 50%]  (Warmup)
Chain 10: Iteration: 1001 / 2000 [ 50%]  (Sampling)
Chain 1: Iteration: 1000 / 2000 [ 50%]  (Warmup)
Chain 1: Iteration: 1001 / 2000 [ 50%]  (Sampling)
Chain 3: Iteration:  800 / 2000 [ 40%]  (Warmup)
Chain 2: Iteration: 1000 / 2000 [ 50%]  (Warmup)
Chain 2: Iteration: 1001 / 2000 [ 50%]  (Sampling)
Chain 4: Iteration:  800 / 2000 [ 40%]  (Warmup)
Chain 6: Iteration: 1000 / 2000 [ 50%]  (Warmup)
Chain 6: Iteration: 1001 / 2000 [ 50%]  (Sampling)
Chain 8: Iteration: 1000 / 2000 [ 50%]  (Warmup)
Chain 8: Iteration: 1001 / 2000 [ 50%]  (Sampling)
Chain 5: Iteration:  800 / 2000 [ 40%]  (Warmup)
Chain 1: Iteration: 1200 / 2000 [ 60%]  (Sampling)
Chain 2: Iteration: 1200 / 2000 [ 60%]  (Sampling)
Chain 1: Iteration: 1400 / 2000 [ 70%]  (Sampling)
Chain 10: Iteration: 1200 / 2000 [ 60%]  (Sampling)
Chain 9: Iteration: 1200 / 2000 [ 60%]  (Sampling)
Chain 4: Iteration: 1000 / 2000 [ 50%]  (Warmup)
Chain 4: Iteration: 1001 / 2000 [ 50%]  (Sampling)
Chain 3: Iteration: 1000 / 2000 [ 50%]  (Warmup)
Chain 3: Iteration: 1001 / 2000 [ 50%]  (Sampling)
Chain 6: Iteration: 1200 / 2000 [ 60%]  (Sampling)
Chain 4: Iteration: 1200 / 2000 [ 60%]  (Sampling)
Chain 5: Iteration: 1000 / 2000 [ 50%]  (Warmup)
Chain 5: Iteration: 1001 / 2000 [ 50%]  (Sampling)
Chain 6: Iteration: 1400 / 2000 [ 70%]  (Sampling)
Chain 1: Iteration: 1600 / 2000 [ 80%]  (Sampling)
Chain 2: Iteration: 1400 / 2000 [ 70%]  (Sampling)
Chain 10: Iteration: 1400 / 2000 [ 70%]  (Sampling)
Chain 4: Iteration: 1400 / 2000 [ 70%]  (Sampling)
Chain 7: Iteration: 1000 / 2000 [ 50%]  (Warmup)
Chain 7: Iteration: 1001 / 2000 [ 50%]  (Sampling)
Chain 1: Iteration: 1800 / 2000 [ 90%]  (Sampling)
Chain 6: Iteration: 1600 / 2000 [ 80%]  (Sampling)
Chain 8: Iteration: 1200 / 2000 [ 60%]  (Sampling)
Chain 6: Iteration: 1800 / 2000 [ 90%]  (Sampling)
Chain 4: Iteration: 1600 / 2000 [ 80%]  (Sampling)
Chain 2: Iteration: 1600 / 2000 [ 80%]  (Sampling)
Chain 5: Iteration: 1200 / 2000 [ 60%]  (Sampling)
Chain 6: Iteration: 2000 / 2000 [100%]  (Sampling)
Chain 6: 
Chain 6:  Elapsed Time: 2053.83 seconds (Warm-up)
Chain 6:                1694.84 seconds (Sampling)
Chain 6:                3748.66 seconds (Total)
Chain 6: 
Chain 3: Iteration: 1200 / 2000 [ 60%]  (Sampling)
Chain 10: Iteration: 1600 / 2000 [ 80%]  (Sampling)
Chain 1: Iteration: 2000 / 2000 [100%]  (Sampling)
Chain 1: 
Chain 1:  Elapsed Time: 1807.83 seconds (Warm-up)
Chain 1:                2244.39 seconds (Sampling)
Chain 1:                4052.22 seconds (Total)
Chain 1: 
Chain 9: Iteration: 1400 / 2000 [ 70%]  (Sampling)
Chain 7: Iteration: 1200 / 2000 [ 60%]  (Sampling)
Chain 2: Iteration: 1800 / 2000 [ 90%]  (Sampling)
Chain 2: Iteration: 2000 / 2000 [100%]  (Sampling)
Chain 2: 
Chain 2:  Elapsed Time: 1865.67 seconds (Warm-up)
Chain 2:                3129.41 seconds (Sampling)
Chain 2:                4995.08 seconds (Total)
Chain 2: 
Chain 4: Iteration: 1800 / 2000 [ 90%]  (Sampling)
Chain 8: Iteration: 1400 / 2000 [ 70%]  (Sampling)
Chain 5: Iteration: 1400 / 2000 [ 70%]  (Sampling)
Chain 10: Iteration: 1800 / 2000 [ 90%]  (Sampling)
Chain 9: Iteration: 1600 / 2000 [ 80%]  (Sampling)
Chain 7: Iteration: 1400 / 2000 [ 70%]  (Sampling)
Chain 3: Iteration: 1400 / 2000 [ 70%]  (Sampling)
Chain 10: Iteration: 2000 / 2000 [100%]  (Sampling)
Chain 10: 
Chain 10:  Elapsed Time: 1767.27 seconds (Warm-up)
Chain 10:                4522.74 seconds (Sampling)
Chain 10:                6290.01 seconds (Total)
Chain 10: 
Chain 5: Iteration: 1600 / 2000 [ 80%]  (Sampling)
Chain 7: Iteration: 1600 / 2000 [ 80%]  (Sampling)
Chain 4: Iteration: 2000 / 2000 [100%]  (Sampling)
Chain 8: Iteration: 1600 / 2000 [ 80%]  (Sampling)
Chain 4: 
Chain 4:  Elapsed Time: 2420.3 seconds (Warm-up)
Chain 4:                4590.04 seconds (Sampling)
Chain 4:                7010.34 seconds (Total)
Chain 4: 
Chain 9: Iteration: 1800 / 2000 [ 90%]  (Sampling)
Chain 3: Iteration: 1600 / 2000 [ 80%]  (Sampling)
Chain 7: Iteration: 1800 / 2000 [ 90%]  (Sampling)
Chain 5: Iteration: 1800 / 2000 [ 90%]  (Sampling)
Chain 8: Iteration: 1800 / 2000 [ 90%]  (Sampling)
Chain 9: Iteration: 2000 / 2000 [100%]  (Sampling)
Chain 9: 
Chain 9:  Elapsed Time: 1739.77 seconds (Warm-up)
Chain 9:                7567.7 seconds (Sampling)
Chain 9:                9307.47 seconds (Total)
Chain 9: 
Chain 3: Iteration: 1800 / 2000 [ 90%]  (Sampling)
Chain 5: Iteration: 2000 / 2000 [100%]  (Sampling)
Chain 5: 
Chain 5:  Elapsed Time: 2764.13 seconds (Warm-up)
Chain 5:                7076.6 seconds (Sampling)
Chain 5:                9840.74 seconds (Total)
Chain 5: 
Chain 7: Iteration: 2000 / 2000 [100%]  (Sampling)
Chain 7: 
Chain 7:  Elapsed Time: 2971.98 seconds (Warm-up)
Chain 7:                7160.3 seconds (Sampling)
Chain 7:                10132.3 seconds (Total)
Chain 7: 
Chain 8: Iteration: 2000 / 2000 [100%]  (Sampling)
Chain 8: 
Chain 8:  Elapsed Time: 2064.46 seconds (Warm-up)
Chain 8:                8563.81 seconds (Sampling)
Chain 8:                10628.3 seconds (Total)
Chain 8: 
Chain 3: Iteration: 2000 / 2000 [100%]  (Sampling)
Chain 3: 
Chain 3:  Elapsed Time: 2512.72 seconds (Warm-up)
Chain 3:                8712.38 seconds (Sampling)
Chain 3:                11225.1 seconds (Total)
Chain 3: 
[1] "check 6"
[1] "------------2------------"
[1] "check 5"
[1] "use softmax = TRUE"

SAMPLING FOR MODEL 'anon_model' NOW (CHAIN 1).

SAMPLING FOR MODEL 'anon_model' NOW (CHAIN 2).

SAMPLING FOR MODEL 'anon_model' NOW (CHAIN 3).

SAMPLING FOR MODEL 'anon_model' NOW (CHAIN 4).

SAMPLING FOR MODEL 'anon_model' NOW (CHAIN 5).
Chain 1: 
Chain 1: Gradient evaluation took 0.018236 seconds
Chain 1: 1000 transitions using 10 leapfrog steps per transition would take 182.36 seconds.
Chain 1: Adjust your expectations accordingly!
Chain 1: 
Chain 1: 

SAMPLING FOR MODEL 'anon_model' NOW (CHAIN 6).
Chain 2: 
Chain 2: Gradient evaluation took 0.018206 seconds
Chain 2: 1000 transitions using 10 leapfrog steps per transition would take 182.06 seconds.
Chain 2: Adjust your expectations accordingly!
Chain 2: 
Chain 2: 

SAMPLING FOR MODEL 'anon_model' NOW (CHAIN 7).
Chain 3: 
Chain 3: Gradient evaluation took 0.017919 seconds
Chain 3: 1000 transitions using 10 leapfrog steps per transition would take 179.19 seconds.
Chain 3: Adjust your expectations accordingly!
Chain 3: 
Chain 3: 
Chain 1: Iteration:    1 / 2000 [  0%]  (Warmup)

SAMPLING FOR MODEL 'anon_model' NOW (CHAIN 8).
Chain 4: 
Chain 4: Gradient evaluation took 0.018011 seconds
Chain 4: 1000 transitions using 10 leapfrog steps per transition would take 180.11 seconds.
Chain 4: Adjust your expectations accordingly!
Chain 4: 
Chain 4: 
Chain 2: Iteration:    1 / 2000 [  0%]  (Warmup)

SAMPLING FOR MODEL 'anon_model' NOW (CHAIN 9).
Chain 5: 
Chain 5: Gradient evaluation took 0.018591 seconds
Chain 5: 1000 transitions using 10 leapfrog steps per transition would take 185.91 seconds.
Chain 5: Adjust your expectations accordingly!
Chain 5: 
Chain 5: 
Chain 3: Iteration:    1 / 2000 [  0%]  (Warmup)

SAMPLING FOR MODEL 'anon_model' NOW (CHAIN 10).
Chain 6: 
Chain 6: Gradient evaluation took 0.018924 seconds
Chain 6: 1000 transitions using 10 leapfrog steps per transition would take 189.24 seconds.
Chain 6: Adjust your expectations accordingly!
Chain 6: 
Chain 6: 
Chain 4: Iteration:    1 / 2000 [  0%]  (Warmup)
Chain 7: 
Chain 7: Gradient evaluation took 0.018954 seconds
Chain 7: 1000 transitions using 10 leapfrog steps per transition would take 189.54 seconds.
Chain 7: Adjust your expectations accordingly!
Chain 7: 
Chain 7: 
Chain 5: Iteration:    1 / 2000 [  0%]  (Warmup)
Chain 8: 
Chain 8: Gradient evaluation took 0.019042 seconds
Chain 8: 1000 transitions using 10 leapfrog steps per transition would take 190.42 seconds.
Chain 8: Adjust your expectations accordingly!
Chain 8: 
Chain 8: 
Chain 6: Iteration:    1 / 2000 [  0%]  (Warmup)
Chain 9: 
Chain 9: Gradient evaluation took 0.019197 seconds
Chain 9: 1000 transitions using 10 leapfrog steps per transition would take 191.97 seconds.
Chain 9: Adjust your expectations accordingly!
Chain 9: 
Chain 9: 
Chain 7: Iteration:    1 / 2000 [  0%]  (Warmup)
Chain 10: 
Chain 10: Gradient evaluation took 0.019255 seconds
Chain 10: 1000 transitions using 10 leapfrog steps per transition would take 192.55 seconds.
Chain 10: Adjust your expectations accordingly!
Chain 10: 
Chain 10: 
Chain 8: Iteration:    1 / 2000 [  0%]  (Warmup)
Chain 9: Iteration:    1 / 2000 [  0%]  (Warmup)
Chain 10: Iteration:    1 / 2000 [  0%]  (Warmup)
Chain 2: Iteration:  200 / 2000 [ 10%]  (Warmup)
Chain 7: Iteration:  200 / 2000 [ 10%]  (Warmup)
Chain 1: Iteration:  200 / 2000 [ 10%]  (Warmup)
Chain 8: Iteration:  200 / 2000 [ 10%]  (Warmup)
Chain 9: Iteration:  200 / 2000 [ 10%]  (Warmup)
Chain 6: Iteration:  200 / 2000 [ 10%]  (Warmup)
Chain 10: Iteration:  200 / 2000 [ 10%]  (Warmup)
Chain 5: Iteration:  200 / 2000 [ 10%]  (Warmup)
Chain 3: Iteration:  200 / 2000 [ 10%]  (Warmup)
Chain 4: Iteration:  200 / 2000 [ 10%]  (Warmup)
Chain 2: Iteration:  400 / 2000 [ 20%]  (Warmup)
Chain 10: Iteration:  400 / 2000 [ 20%]  (Warmup)
Chain 7: Iteration:  400 / 2000 [ 20%]  (Warmup)
Chain 6: Iteration:  400 / 2000 [ 20%]  (Warmup)
Chain 5: Iteration:  400 / 2000 [ 20%]  (Warmup)
Chain 9: Iteration:  400 / 2000 [ 20%]  (Warmup)
Chain 8: Iteration:  400 / 2000 [ 20%]  (Warmup)
Chain 1: Iteration:  400 / 2000 [ 20%]  (Warmup)
Chain 4: Iteration:  400 / 2000 [ 20%]  (Warmup)
Chain 2: Iteration:  600 / 2000 [ 30%]  (Warmup)
Chain 10: Iteration:  600 / 2000 [ 30%]  (Warmup)
Chain 7: Iteration:  600 / 2000 [ 30%]  (Warmup)
Chain 3: Iteration:  400 / 2000 [ 20%]  (Warmup)
Chain 5: Iteration:  600 / 2000 [ 30%]  (Warmup)
Chain 8: Iteration:  600 / 2000 [ 30%]  (Warmup)
Chain 9: Iteration:  600 / 2000 [ 30%]  (Warmup)
Chain 5: Iteration:  800 / 2000 [ 40%]  (Warmup)
Chain 1: Iteration:  600 / 2000 [ 30%]  (Warmup)
Chain 6: Iteration:  600 / 2000 [ 30%]  (Warmup)
Chain 4: Iteration:  600 / 2000 [ 30%]  (Warmup)
Chain 2: Iteration:  800 / 2000 [ 40%]  (Warmup)
Chain 10: Iteration:  800 / 2000 [ 40%]  (Warmup)
Chain 3: Iteration:  600 / 2000 [ 30%]  (Warmup)
Chain 1: Iteration:  800 / 2000 [ 40%]  (Warmup)
Chain 7: Iteration:  800 / 2000 [ 40%]  (Warmup)
Chain 8: Iteration:  800 / 2000 [ 40%]  (Warmup)
Chain 6: Iteration:  800 / 2000 [ 40%]  (Warmup)
Chain 4: Iteration:  800 / 2000 [ 40%]  (Warmup)
Chain 5: Iteration: 1000 / 2000 [ 50%]  (Warmup)
Chain 5: Iteration: 1001 / 2000 [ 50%]  (Sampling)
Chain 1: Iteration: 1000 / 2000 [ 50%]  (Warmup)
Chain 1: Iteration: 1001 / 2000 [ 50%]  (Sampling)
Chain 10: Iteration: 1000 / 2000 [ 50%]  (Warmup)
Chain 10: Iteration: 1001 / 2000 [ 50%]  (Sampling)
Chain 9: Iteration:  800 / 2000 [ 40%]  (Warmup)
Chain 1: Iteration: 1200 / 2000 [ 60%]  (Sampling)
Chain 8: Iteration: 1000 / 2000 [ 50%]  (Warmup)
Chain 8: Iteration: 1001 / 2000 [ 50%]  (Sampling)
Chain 2: Iteration: 1000 / 2000 [ 50%]  (Warmup)
Chain 2: Iteration: 1001 / 2000 [ 50%]  (Sampling)
Chain 10: Iteration: 1200 / 2000 [ 60%]  (Sampling)
Chain 5: Iteration: 1200 / 2000 [ 60%]  (Sampling)
Chain 6: Iteration: 1000 / 2000 [ 50%]  (Warmup)
Chain 6: Iteration: 1001 / 2000 [ 50%]  (Sampling)
Chain 4: Iteration: 1000 / 2000 [ 50%]  (Warmup)
Chain 4: Iteration: 1001 / 2000 [ 50%]  (Sampling)
Chain 1: Iteration: 1400 / 2000 [ 70%]  (Sampling)
Chain 7: Iteration: 1000 / 2000 [ 50%]  (Warmup)
Chain 7: Iteration: 1001 / 2000 [ 50%]  (Sampling)
Chain 6: Iteration: 1200 / 2000 [ 60%]  (Sampling)
Chain 4: Iteration: 1200 / 2000 [ 60%]  (Sampling)
Chain 10: Iteration: 1400 / 2000 [ 70%]  (Sampling)
Chain 1: Iteration: 1600 / 2000 [ 80%]  (Sampling)
Chain 3: Iteration:  800 / 2000 [ 40%]  (Warmup)
Chain 9: Iteration: 1000 / 2000 [ 50%]  (Warmup)
Chain 9: Iteration: 1001 / 2000 [ 50%]  (Sampling)
Chain 4: Iteration: 1400 / 2000 [ 70%]  (Sampling)
Chain 6: Iteration: 1400 / 2000 [ 70%]  (Sampling)
Chain 8: Iteration: 1200 / 2000 [ 60%]  (Sampling)
Chain 4: Iteration: 1600 / 2000 [ 80%]  (Sampling)
Chain 5: Iteration: 1400 / 2000 [ 70%]  (Sampling)
Chain 1: Iteration: 1800 / 2000 [ 90%]  (Sampling)
Chain 4: Iteration: 1800 / 2000 [ 90%]  (Sampling)
Chain 10: Iteration: 1600 / 2000 [ 80%]  (Sampling)
Chain 4: Iteration: 2000 / 2000 [100%]  (Sampling)
Chain 4: 
Chain 4:  Elapsed Time: 2396.35 seconds (Warm-up)
Chain 4:                1430.13 seconds (Sampling)
Chain 4:                3826.49 seconds (Total)
Chain 4: 
Chain 2: Iteration: 1200 / 2000 [ 60%]  (Sampling)
Chain 1: Iteration: 2000 / 2000 [100%]  (Sampling)
Chain 1: 
Chain 1:  Elapsed Time: 1910.66 seconds (Warm-up)
Chain 1:                2093.67 seconds (Sampling)
Chain 1:                4004.33 seconds (Total)
Chain 1: 
Chain 9: Iteration: 1200 / 2000 [ 60%]  (Sampling)
Chain 3: Iteration: 1000 / 2000 [ 50%]  (Warmup)
Chain 3: Iteration: 1001 / 2000 [ 50%]  (Sampling)
Chain 7: Iteration: 1200 / 2000 [ 60%]  (Sampling)
Chain 6: Iteration: 1600 / 2000 [ 80%]  (Sampling)
Chain 5: Iteration: 1600 / 2000 [ 80%]  (Sampling)
Chain 8: Iteration: 1400 / 2000 [ 70%]  (Sampling)
Chain 10: Iteration: 1800 / 2000 [ 90%]  (Sampling)
Chain 3: Iteration: 1200 / 2000 [ 60%]  (Sampling)
Chain 2: Iteration: 1400 / 2000 [ 70%]  (Sampling)
Chain 9: Iteration: 1400 / 2000 [ 70%]  (Sampling)
Chain 7: Iteration: 1400 / 2000 [ 70%]  (Sampling)
Chain 3: Iteration: 1400 / 2000 [ 70%]  (Sampling)
Chain 6: Iteration: 1800 / 2000 [ 90%]  (Sampling)
Chain 5: Iteration: 1800 / 2000 [ 90%]  (Sampling)
Chain 8: Iteration: 1600 / 2000 [ 80%]  (Sampling)
Chain 10: Iteration: 2000 / 2000 [100%]  (Sampling)
Chain 10: 
Chain 10:  Elapsed Time: 1949.73 seconds (Warm-up)
Chain 10:                5426.82 seconds (Sampling)
Chain 10:                7376.56 seconds (Total)
Chain 10: 
Chain 7: Iteration: 1600 / 2000 [ 80%]  (Sampling)
Chain 2: Iteration: 1600 / 2000 [ 80%]  (Sampling)
Chain 9: Iteration: 1600 / 2000 [ 80%]  (Sampling)
Chain 3: Iteration: 1600 / 2000 [ 80%]  (Sampling)
Chain 6: Iteration: 2000 / 2000 [100%]  (Sampling)
Chain 6: 
Chain 6:  Elapsed Time: 2258.36 seconds (Warm-up)
Chain 6:                6794.41 seconds (Sampling)
Chain 6:                9052.77 seconds (Total)
Chain 6: 
Chain 8: Iteration: 1800 / 2000 [ 90%]  (Sampling)
Chain 5: Iteration: 2000 / 2000 [100%]  (Sampling)
Chain 5: 
Chain 5:  Elapsed Time: 1811.62 seconds (Warm-up)
Chain 5:                7378.28 seconds (Sampling)
Chain 5:                9189.9 seconds (Total)
Chain 5: 
Chain 7: Iteration: 1800 / 2000 [ 90%]  (Sampling)
Chain 2: Iteration: 1800 / 2000 [ 90%]  (Sampling)
Chain 9: Iteration: 1800 / 2000 [ 90%]  (Sampling)
Chain 3: Iteration: 1800 / 2000 [ 90%]  (Sampling)
Chain 8: Iteration: 2000 / 2000 [100%]  (Sampling)
Chain 8: 
Chain 8:  Elapsed Time: 2183.23 seconds (Warm-up)
Chain 8:                8900.55 seconds (Sampling)
Chain 8:                11083.8 seconds (Total)
Chain 8: 
Chain 2: Iteration: 2000 / 2000 [100%]  (Sampling)
Chain 2: 
Chain 2:  Elapsed Time: 2213.59 seconds (Warm-up)
Chain 2:                9358.56 seconds (Sampling)
Chain 2:                11572.1 seconds (Total)
Chain 2: 
Chain 7: Iteration: 2000 / 2000 [100%]  (Sampling)
Chain 7: 
Chain 7:  Elapsed Time: 2623.7 seconds (Warm-up)
Chain 7:                9011.92 seconds (Sampling)
Chain 7:                11635.6 seconds (Total)
Chain 7: 
Chain 9: Iteration: 2000 / 2000 [100%]  (Sampling)
Chain 9: 
Chain 9:  Elapsed Time: 2939.38 seconds (Warm-up)
Chain 9:                9233.48 seconds (Sampling)
Chain 9:                12172.9 seconds (Total)
Chain 9: 
Chain 3: Iteration: 2000 / 2000 [100%]  (Sampling)
Chain 3: 
Chain 3:  Elapsed Time: 4411.96 seconds (Warm-up)
Chain 3:                7957.57 seconds (Sampling)
Chain 3:                12369.5 seconds (Total)
Chain 3: 
[1] "check 6"
[1] "------------3------------"
[1] "check 5"
[1] "use softmax = TRUE"

SAMPLING FOR MODEL 'anon_model' NOW (CHAIN 1).

SAMPLING FOR MODEL 'anon_model' NOW (CHAIN 2).

SAMPLING FOR MODEL 'anon_model' NOW (CHAIN 3).

SAMPLING FOR MODEL 'anon_model' NOW (CHAIN 4).
Chain 1: 
Chain 1: Gradient evaluation took 0.015815 seconds
Chain 1: 1000 transitions using 10 leapfrog steps per transition would take 158.15 seconds.
Chain 1: Adjust your expectations accordingly!
Chain 1: 
Chain 1: 

SAMPLING FOR MODEL 'anon_model' NOW (CHAIN 5).
Chain 2: 
Chain 2: Gradient evaluation took 0.015787 seconds
Chain 2: 1000 transitions using 10 leapfrog steps per transition would take 157.87 seconds.
Chain 2: Adjust your expectations accordingly!
Chain 2: 
Chain 2: 
Chain 1: Iteration:    1 / 2000 [  0%]  (Warmup)

SAMPLING FOR MODEL 'anon_model' NOW (CHAIN 6).
Chain 3: 
Chain 3: Gradient evaluation took 0.016228 seconds
Chain 3: 1000 transitions using 10 leapfrog steps per transition would take 162.28 seconds.
Chain 3: Adjust your expectations accordingly!
Chain 3: 
Chain 3: 
Chain 2: Iteration:    1 / 2000 [  0%]  (Warmup)

SAMPLING FOR MODEL 'anon_model' NOW (CHAIN 7).
Chain 4: 
Chain 4: Gradient evaluation took 0.016133 seconds
Chain 4: 1000 transitions using 10 leapfrog steps per transition would take 161.33 seconds.
Chain 4: Adjust your expectations accordingly!
Chain 4: 
Chain 4: 
Chain 3: Iteration:    1 / 2000 [  0%]  (Warmup)

SAMPLING FOR MODEL 'anon_model' NOW (CHAIN 8).
Chain 5: 
Chain 5: Gradient evaluation took 0.016101 seconds
Chain 5: 1000 transitions using 10 leapfrog steps per transition would take 161.01 seconds.
Chain 5: Adjust your expectations accordingly!
Chain 5: 
Chain 5: 
Chain 4: Iteration:    1 / 2000 [  0%]  (Warmup)

SAMPLING FOR MODEL 'anon_model' NOW (CHAIN 9).
Chain 6: 
Chain 6: Gradient evaluation took 0.015713 seconds
Chain 6: 1000 transitions using 10 leapfrog steps per transition would take 157.13 seconds.
Chain 6: Adjust your expectations accordingly!
Chain 6: 
Chain 6: 
Chain 5: Iteration:    1 / 2000 [  0%]  (Warmup)

SAMPLING FOR MODEL 'anon_model' NOW (CHAIN 10).
Chain 7: 
Chain 7: Gradient evaluation took 0.015759 seconds
Chain 7: 1000 transitions using 10 leapfrog steps per transition would take 157.59 seconds.
Chain 7: Adjust your expectations accordingly!
Chain 7: 
Chain 7: 
Chain 6: Iteration:    1 / 2000 [  0%]  (Warmup)
Chain 8: 
Chain 8: Gradient evaluation took 0.016146 seconds
Chain 8: 1000 transitions using 10 leapfrog steps per transition would take 161.46 seconds.
Chain 8: Adjust your expectations accordingly!
Chain 8: 
Chain 8: 
Chain 7: Iteration:    1 / 2000 [  0%]  (Warmup)
Chain 9: 
Chain 9: Gradient evaluation took 0.015873 seconds
Chain 9: 1000 transitions using 10 leapfrog steps per transition would take 158.73 seconds.
Chain 9: Adjust your expectations accordingly!
Chain 9: 
Chain 9: 
Chain 8: Iteration:    1 / 2000 [  0%]  (Warmup)
Chain 10: 
Chain 10: Gradient evaluation took 0.016076 seconds
Chain 10: 1000 transitions using 10 leapfrog steps per transition would take 160.76 seconds.
Chain 10: Adjust your expectations accordingly!
Chain 10: 
Chain 10: 
Chain 9: Iteration:    1 / 2000 [  0%]  (Warmup)
Chain 10: Iteration:    1 / 2000 [  0%]  (Warmup)
Chain 7: Iteration:  200 / 2000 [ 10%]  (Warmup)
Chain 1: Iteration:  200 / 2000 [ 10%]  (Warmup)
Chain 10: Iteration:  200 / 2000 [ 10%]  (Warmup)
Chain 6: Iteration:  200 / 2000 [ 10%]  (Warmup)
Chain 2: Iteration:  200 / 2000 [ 10%]  (Warmup)
Chain 3: Iteration:  200 / 2000 [ 10%]  (Warmup)
Chain 7: Iteration:  400 / 2000 [ 20%]  (Warmup)
Chain 4: Iteration:  200 / 2000 [ 10%]  (Warmup)
Chain 9: Iteration:  200 / 2000 [ 10%]  (Warmup)
Chain 8: Iteration:  200 / 2000 [ 10%]  (Warmup)
Chain 5: Iteration:  200 / 2000 [ 10%]  (Warmup)
Chain 1: Iteration:  400 / 2000 [ 20%]  (Warmup)
Chain 3: Iteration:  400 / 2000 [ 20%]  (Warmup)
Chain 2: Iteration:  400 / 2000 [ 20%]  (Warmup)
Chain 10: Iteration:  400 / 2000 [ 20%]  (Warmup)
Chain 9: Iteration:  400 / 2000 [ 20%]  (Warmup)
Chain 6: Iteration:  400 / 2000 [ 20%]  (Warmup)
Chain 4: Iteration:  400 / 2000 [ 20%]  (Warmup)
Chain 7: Iteration:  600 / 2000 [ 30%]  (Warmup)
Chain 1: Iteration:  600 / 2000 [ 30%]  (Warmup)
Chain 5: Iteration:  400 / 2000 [ 20%]  (Warmup)
Chain 8: Iteration:  400 / 2000 [ 20%]  (Warmup)
Chain 9: Iteration:  600 / 2000 [ 30%]  (Warmup)
Chain 2: Iteration:  600 / 2000 [ 30%]  (Warmup)
Chain 10: Iteration:  600 / 2000 [ 30%]  (Warmup)
Chain 6: Iteration:  600 / 2000 [ 30%]  (Warmup)
Chain 3: Iteration:  600 / 2000 [ 30%]  (Warmup)
Chain 1: Iteration:  800 / 2000 [ 40%]  (Warmup)
Chain 4: Iteration:  600 / 2000 [ 30%]  (Warmup)
Chain 8: Iteration:  600 / 2000 [ 30%]  (Warmup)
Chain 9: Iteration:  800 / 2000 [ 40%]  (Warmup)
Chain 10: Iteration:  800 / 2000 [ 40%]  (Warmup)
Chain 7: Iteration:  800 / 2000 [ 40%]  (Warmup)
Chain 5: Iteration:  600 / 2000 [ 30%]  (Warmup)
Chain 1: Iteration: 1000 / 2000 [ 50%]  (Warmup)
Chain 1: Iteration: 1001 / 2000 [ 50%]  (Sampling)
Chain 6: Iteration:  800 / 2000 [ 40%]  (Warmup)
Chain 9: Iteration: 1000 / 2000 [ 50%]  (Warmup)
Chain 9: Iteration: 1001 / 2000 [ 50%]  (Sampling)
Chain 8: Iteration:  800 / 2000 [ 40%]  (Warmup)
Chain 2: Iteration:  800 / 2000 [ 40%]  (Warmup)
Chain 1: Iteration: 1200 / 2000 [ 60%]  (Sampling)
Chain 4: Iteration:  800 / 2000 [ 40%]  (Warmup)
Chain 5: Iteration:  800 / 2000 [ 40%]  (Warmup)
Chain 9: Iteration: 1200 / 2000 [ 60%]  (Sampling)
Chain 7: Iteration: 1000 / 2000 [ 50%]  (Warmup)
Chain 7: Iteration: 1001 / 2000 [ 50%]  (Sampling)
Chain 6: Iteration: 1000 / 2000 [ 50%]  (Warmup)
Chain 6: Iteration: 1001 / 2000 [ 50%]  (Sampling)
Chain 10: Iteration: 1000 / 2000 [ 50%]  (Warmup)
Chain 10: Iteration: 1001 / 2000 [ 50%]  (Sampling)
Chain 1: Iteration: 1400 / 2000 [ 70%]  (Sampling)
Chain 8: Iteration: 1000 / 2000 [ 50%]  (Warmup)
Chain 8: Iteration: 1001 / 2000 [ 50%]  (Sampling)
Chain 9: Iteration: 1400 / 2000 [ 70%]  (Sampling)
Chain 3: Iteration:  800 / 2000 [ 40%]  (Warmup)
Chain 5: Iteration: 1000 / 2000 [ 50%]  (Warmup)
Chain 5: Iteration: 1001 / 2000 [ 50%]  (Sampling)
Chain 8: Iteration: 1200 / 2000 [ 60%]  (Sampling)
Chain 1: Iteration: 1600 / 2000 [ 80%]  (Sampling)
Chain 10: Iteration: 1200 / 2000 [ 60%]  (Sampling)
Chain 9: Iteration: 1600 / 2000 [ 80%]  (Sampling)
Chain 4: Iteration: 1000 / 2000 [ 50%]  (Warmup)
Chain 4: Iteration: 1001 / 2000 [ 50%]  (Sampling)
Chain 6: Iteration: 1200 / 2000 [ 60%]  (Sampling)
Chain 7: Iteration: 1200 / 2000 [ 60%]  (Sampling)
Chain 5: Iteration: 1200 / 2000 [ 60%]  (Sampling)
Chain 2: Iteration: 1000 / 2000 [ 50%]  (Warmup)
Chain 2: Iteration: 1001 / 2000 [ 50%]  (Sampling)
Chain 1: Iteration: 1800 / 2000 [ 90%]  (Sampling)
Chain 8: Iteration: 1400 / 2000 [ 70%]  (Sampling)
Chain 10: Iteration: 1400 / 2000 [ 70%]  (Sampling)
Chain 7: Iteration: 1400 / 2000 [ 70%]  (Sampling)
Chain 5: Iteration: 1400 / 2000 [ 70%]  (Sampling)
Chain 8: Iteration: 1600 / 2000 [ 80%]  (Sampling)
Chain 4: Iteration: 1200 / 2000 [ 60%]  (Sampling)
Chain 9: Iteration: 1800 / 2000 [ 90%]  (Sampling)
Chain 3: Iteration: 1000 / 2000 [ 50%]  (Warmup)
Chain 3: Iteration: 1001 / 2000 [ 50%]  (Sampling)
Chain 6: Iteration: 1400 / 2000 [ 70%]  (Sampling)
Chain 10: Iteration: 1600 / 2000 [ 80%]  (Sampling)
Chain 2: Iteration: 1200 / 2000 [ 60%]  (Sampling)
Chain 8: Iteration: 1800 / 2000 [ 90%]  (Sampling)
Chain 9: Iteration: 2000 / 2000 [100%]  (Sampling)
Chain 9: 
Chain 9:  Elapsed Time: 1601.28 seconds (Warm-up)
Chain 9:                2715.86 seconds (Sampling)
Chain 9:                4317.15 seconds (Total)
Chain 9: 
Chain 1: Iteration: 2000 / 2000 [100%]  (Sampling)
Chain 1: 
Chain 1:  Elapsed Time: 1473.12 seconds (Warm-up)
Chain 1:                2924.62 seconds (Sampling)
Chain 1:                4397.74 seconds (Total)
Chain 1: 
Chain 5: Iteration: 1600 / 2000 [ 80%]  (Sampling)
Chain 8: Iteration: 2000 / 2000 [100%]  (Sampling)
Chain 8: 
Chain 8:  Elapsed Time: 2092.34 seconds (Warm-up)
Chain 8:                2653.43 seconds (Sampling)
Chain 8:                4745.76 seconds (Total)
Chain 8: 
Chain 2: Iteration: 1400 / 2000 [ 70%]  (Sampling)
Chain 10: Iteration: 1800 / 2000 [ 90%]  (Sampling)
Chain 5: Iteration: 1800 / 2000 [ 90%]  (Sampling)
Chain 6: Iteration: 1600 / 2000 [ 80%]  (Sampling)
Chain 3: Iteration: 1200 / 2000 [ 60%]  (Sampling)
Chain 7: Iteration: 1600 / 2000 [ 80%]  (Sampling)
Chain 4: Iteration: 1400 / 2000 [ 70%]  (Sampling)
Chain 5: Iteration: 2000 / 2000 [100%]  (Sampling)
Chain 5: 
Chain 5:  Elapsed Time: 2341.39 seconds (Warm-up)
Chain 5:                3641.34 seconds (Sampling)
Chain 5:                5982.74 seconds (Total)
Chain 5: 
Chain 2: Iteration: 1600 / 2000 [ 80%]  (Sampling)
Chain 10: Iteration: 2000 / 2000 [100%]  (Sampling)
Chain 10: 
Chain 10:  Elapsed Time: 2023.09 seconds (Warm-up)
Chain 10:                4143.16 seconds (Sampling)
Chain 10:                6166.25 seconds (Total)
Chain 10: 
Chain 6: Iteration: 1800 / 2000 [ 90%]  (Sampling)
Chain 2: Iteration: 1800 / 2000 [ 90%]  (Sampling)
Chain 3: Iteration: 1400 / 2000 [ 70%]  (Sampling)
Chain 7: Iteration: 1800 / 2000 [ 90%]  (Sampling)
Chain 4: Iteration: 1600 / 2000 [ 80%]  (Sampling)
Chain 2: Iteration: 2000 / 2000 [100%]  (Sampling)
Chain 2: 
Chain 2:  Elapsed Time: 2984.28 seconds (Warm-up)
Chain 2:                5053.08 seconds (Sampling)
Chain 2:                8037.35 seconds (Total)
Chain 2: 
Chain 3: Iteration: 1600 / 2000 [ 80%]  (Sampling)
Chain 6: Iteration: 2000 / 2000 [100%]  (Sampling)
Chain 6: 
Chain 6:  Elapsed Time: 2017.59 seconds (Warm-up)
Chain 6:                6539.94 seconds (Sampling)
Chain 6:                8557.54 seconds (Total)
Chain 6: 
Chain 3: Iteration: 1800 / 2000 [ 90%]  (Sampling)
Chain 7: Iteration: 2000 / 2000 [100%]  (Sampling)
Chain 7: 
Chain 7:  Elapsed Time: 2005.74 seconds (Warm-up)
Chain 7:                7445.3 seconds (Sampling)
Chain 7:                9451.03 seconds (Total)
Chain 7: 
Chain 4: Iteration: 1800 / 2000 [ 90%]  (Sampling)
Chain 3: Iteration: 2000 / 2000 [100%]  (Sampling)
Chain 3: 
Chain 3:  Elapsed Time: 3841.61 seconds (Warm-up)
Chain 3:                6350.43 seconds (Sampling)
Chain 3:                10192 seconds (Total)
Chain 3: 
Chain 4: Iteration: 2000 / 2000 [100%]  (Sampling)
Chain 4: 
Chain 4:  Elapsed Time: 2596.68 seconds (Warm-up)
Chain 4:                8406.24 seconds (Sampling)
Chain 4:                11002.9 seconds (Total)
Chain 4: 
[1] "check 6"
[1] "------------4------------"
[1] "check 5"
[1] "use softmax = TRUE"

SAMPLING FOR MODEL 'anon_model' NOW (CHAIN 1).

SAMPLING FOR MODEL 'anon_model' NOW (CHAIN 2).

SAMPLING FOR MODEL 'anon_model' NOW (CHAIN 3).

SAMPLING FOR MODEL 'anon_model' NOW (CHAIN 4).
Chain 1: 
Chain 1: Gradient evaluation took 0.017396 seconds
Chain 1: 1000 transitions using 10 leapfrog steps per transition would take 173.96 seconds.
Chain 1: Adjust your expectations accordingly!
Chain 1: 
Chain 1: 
Chain 2: 
Chain 2: Gradient evaluation took 0.017357 seconds
Chain 2: 1000 transitions using 10 leapfrog steps per transition would take 173.57 seconds.
Chain 2: Adjust your expectations accordingly!
Chain 2: 
Chain 2: 

SAMPLING FOR MODEL 'anon_model' NOW (CHAIN 5).
Chain 1: Iteration:    1 / 2000 [  0%]  (Warmup)
Chain 3: 
Chain 3: Gradient evaluation took 0.017527 seconds
Chain 3: 1000 transitions using 10 leapfrog steps per transition would take 175.27 seconds.
Chain 3: Adjust your expectations accordingly!
Chain 3: 
Chain 3: 

SAMPLING FOR MODEL 'anon_model' NOW (CHAIN 6).
Chain 2: Iteration:    1 / 2000 [  0%]  (Warmup)
Chain 4: 
Chain 4: Gradient evaluation took 0.017783 seconds
Chain 4: 1000 transitions using 10 leapfrog steps per transition would take 177.83 seconds.
Chain 4: Adjust your expectations accordingly!
Chain 4: 
Chain 4: 

SAMPLING FOR MODEL 'anon_model' NOW (CHAIN 7).
Chain 3: Iteration:    1 / 2000 [  0%]  (Warmup)
Chain 5: 
Chain 5: Gradient evaluation took 0.01795 seconds
Chain 5: 1000 transitions using 10 leapfrog steps per transition would take 179.5 seconds.
Chain 5: Adjust your expectations accordingly!
Chain 5: 
Chain 5: 

SAMPLING FOR MODEL 'anon_model' NOW (CHAIN 8).
Chain 4: Iteration:    1 / 2000 [  0%]  (Warmup)
Chain 6: 
Chain 6: Gradient evaluation took 0.017547 seconds
Chain 6: 1000 transitions using 10 leapfrog steps per transition would take 175.47 seconds.
Chain 6: Adjust your expectations accordingly!
Chain 6: 
Chain 6: 

SAMPLING FOR MODEL 'anon_model' NOW (CHAIN 9).
Chain 5: Iteration:    1 / 2000 [  0%]  (Warmup)
Chain 7: 
Chain 7: Gradient evaluation took 0.017595 seconds
Chain 7: 1000 transitions using 10 leapfrog steps per transition would take 175.95 seconds.
Chain 7: Adjust your expectations accordingly!
Chain 7: 
Chain 7: 

SAMPLING FOR MODEL 'anon_model' NOW (CHAIN 10).
Chain 6: Iteration:    1 / 2000 [  0%]  (Warmup)
Chain 8: 
Chain 8: Gradient evaluation took 0.017978 seconds
Chain 8: 1000 transitions using 10 leapfrog steps per transition would take 179.78 seconds.
Chain 8: Adjust your expectations accordingly!
Chain 8: 
Chain 8: 
Chain 7: Iteration:    1 / 2000 [  0%]  (Warmup)
Chain 9: 
Chain 9: Gradient evaluation took 0.018206 seconds
Chain 9: 1000 transitions using 10 leapfrog steps per transition would take 182.06 seconds.
Chain 9: Adjust your expectations accordingly!
Chain 9: 
Chain 9: 
Chain 8: Iteration:    1 / 2000 [  0%]  (Warmup)
Chain 10: 
Chain 10: Gradient evaluation took 0.017912 seconds
Chain 10: 1000 transitions using 10 leapfrog steps per transition would take 179.12 seconds.
Chain 10: Adjust your expectations accordingly!
Chain 10: 
Chain 10: 
Chain 9: Iteration:    1 / 2000 [  0%]  (Warmup)
Chain 10: Iteration:    1 / 2000 [  0%]  (Warmup)
Chain 3: Iteration:  200 / 2000 [ 10%]  (Warmup)
Chain 9: Iteration:  200 / 2000 [ 10%]  (Warmup)
Chain 5: Iteration:  200 / 2000 [ 10%]  (Warmup)
Chain 8: Iteration:  200 / 2000 [ 10%]  (Warmup)
Chain 2: Iteration:  200 / 2000 [ 10%]  (Warmup)
Chain 7: Iteration:  200 / 2000 [ 10%]  (Warmup)
Chain 4: Iteration:  200 / 2000 [ 10%]  (Warmup)
Chain 1: Iteration:  200 / 2000 [ 10%]  (Warmup)
Chain 6: Iteration:  200 / 2000 [ 10%]  (Warmup)
Chain 10: Iteration:  200 / 2000 [ 10%]  (Warmup)
Chain 3: Iteration:  400 / 2000 [ 20%]  (Warmup)
Chain 5: Iteration:  400 / 2000 [ 20%]  (Warmup)
Chain 10: Iteration:  400 / 2000 [ 20%]  (Warmup)
Chain 8: Iteration:  400 / 2000 [ 20%]  (Warmup)
Chain 4: Iteration:  400 / 2000 [ 20%]  (Warmup)
Chain 9: Iteration:  400 / 2000 [ 20%]  (Warmup)
Chain 6: Iteration:  400 / 2000 [ 20%]  (Warmup)
Chain 7: Iteration:  400 / 2000 [ 20%]  (Warmup)
Chain 1: Iteration:  400 / 2000 [ 20%]  (Warmup)
Chain 2: Iteration:  400 / 2000 [ 20%]  (Warmup)
Chain 5: Iteration:  600 / 2000 [ 30%]  (Warmup)
Chain 3: Iteration:  600 / 2000 [ 30%]  (Warmup)
Chain 8: Iteration:  600 / 2000 [ 30%]  (Warmup)
Chain 10: Iteration:  600 / 2000 [ 30%]  (Warmup)
Chain 4: Iteration:  600 / 2000 [ 30%]  (Warmup)
Chain 9: Iteration:  600 / 2000 [ 30%]  (Warmup)
Chain 2: Iteration:  600 / 2000 [ 30%]  (Warmup)
Chain 1: Iteration:  600 / 2000 [ 30%]  (Warmup)
Chain 6: Iteration:  600 / 2000 [ 30%]  (Warmup)
Chain 7: Iteration:  600 / 2000 [ 30%]  (Warmup)
Chain 3: Iteration:  800 / 2000 [ 40%]  (Warmup)
Chain 5: Iteration:  800 / 2000 [ 40%]  (Warmup)
Chain 10: Iteration:  800 / 2000 [ 40%]  (Warmup)
Chain 8: Iteration:  800 / 2000 [ 40%]  (Warmup)
Chain 2: Iteration:  800 / 2000 [ 40%]  (Warmup)
Chain 9: Iteration:  800 / 2000 [ 40%]  (Warmup)
Chain 6: Iteration:  800 / 2000 [ 40%]  (Warmup)
Chain 7: Iteration:  800 / 2000 [ 40%]  (Warmup)
Chain 1: Iteration:  800 / 2000 [ 40%]  (Warmup)
Chain 10: Iteration: 1000 / 2000 [ 50%]  (Warmup)
Chain 10: Iteration: 1001 / 2000 [ 50%]  (Sampling)
Chain 3: Iteration: 1000 / 2000 [ 50%]  (Warmup)
Chain 3: Iteration: 1001 / 2000 [ 50%]  (Sampling)
Chain 4: Iteration:  800 / 2000 [ 40%]  (Warmup)
Chain 8: Iteration: 1000 / 2000 [ 50%]  (Warmup)
Chain 8: Iteration: 1001 / 2000 [ 50%]  (Sampling)
Chain 2: Iteration: 1000 / 2000 [ 50%]  (Warmup)
Chain 2: Iteration: 1001 / 2000 [ 50%]  (Sampling)
Chain 5: Iteration: 1000 / 2000 [ 50%]  (Warmup)
Chain 5: Iteration: 1001 / 2000 [ 50%]  (Sampling)
Chain 1: Iteration: 1000 / 2000 [ 50%]  (Warmup)
Chain 1: Iteration: 1001 / 2000 [ 50%]  (Sampling)
Chain 7: Iteration: 1000 / 2000 [ 50%]  (Warmup)
Chain 7: Iteration: 1001 / 2000 [ 50%]  (Sampling)
Chain 9: Iteration: 1000 / 2000 [ 50%]  (Warmup)
Chain 9: Iteration: 1001 / 2000 [ 50%]  (Sampling)
Chain 6: Iteration: 1000 / 2000 [ 50%]  (Warmup)
Chain 6: Iteration: 1001 / 2000 [ 50%]  (Sampling)
Chain 10: Iteration: 1200 / 2000 [ 60%]  (Sampling)
Chain 1: Iteration: 1200 / 2000 [ 60%]  (Sampling)
Chain 5: Iteration: 1200 / 2000 [ 60%]  (Sampling)
Chain 3: Iteration: 1200 / 2000 [ 60%]  (Sampling)
Chain 9: Iteration: 1200 / 2000 [ 60%]  (Sampling)
Chain 1: Iteration: 1400 / 2000 [ 70%]  (Sampling)
Chain 2: Iteration: 1200 / 2000 [ 60%]  (Sampling)
Chain 8: Iteration: 1200 / 2000 [ 60%]  (Sampling)
Chain 6: Iteration: 1200 / 2000 [ 60%]  (Sampling)
Chain 7: Iteration: 1200 / 2000 [ 60%]  (Sampling)
Chain 10: Iteration: 1400 / 2000 [ 70%]  (Sampling)
Chain 9: Iteration: 1400 / 2000 [ 70%]  (Sampling)
Chain 4: Iteration: 1000 / 2000 [ 50%]  (Warmup)
Chain 4: Iteration: 1001 / 2000 [ 50%]  (Sampling)
Chain 1: Iteration: 1600 / 2000 [ 80%]  (Sampling)
Chain 5: Iteration: 1400 / 2000 [ 70%]  (Sampling)
Chain 7: Iteration: 1400 / 2000 [ 70%]  (Sampling)
Chain 3: Iteration: 1400 / 2000 [ 70%]  (Sampling)
Chain 2: Iteration: 1400 / 2000 [ 70%]  (Sampling)
Chain 6: Iteration: 1400 / 2000 [ 70%]  (Sampling)
Chain 4: Iteration: 1200 / 2000 [ 60%]  (Sampling)
Chain 8: Iteration: 1400 / 2000 [ 70%]  (Sampling)
Chain 1: Iteration: 1800 / 2000 [ 90%]  (Sampling)
Chain 10: Iteration: 1600 / 2000 [ 80%]  (Sampling)
Chain 9: Iteration: 1600 / 2000 [ 80%]  (Sampling)
Chain 3: Iteration: 1600 / 2000 [ 80%]  (Sampling)
Chain 1: Iteration: 2000 / 2000 [100%]  (Sampling)
Chain 1: 
Chain 1:  Elapsed Time: 2223.9 seconds (Warm-up)
Chain 1:                3780.06 seconds (Sampling)
Chain 1:                6003.96 seconds (Total)
Chain 1: 
Chain 7: Iteration: 1600 / 2000 [ 80%]  (Sampling)
Chain 5: Iteration: 1600 / 2000 [ 80%]  (Sampling)
Chain 4: Iteration: 1400 / 2000 [ 70%]  (Sampling)
Chain 2: Iteration: 1600 / 2000 [ 80%]  (Sampling)
Chain 6: Iteration: 1600 / 2000 [ 80%]  (Sampling)
Chain 8: Iteration: 1600 / 2000 [ 80%]  (Sampling)
Chain 10: Iteration: 1800 / 2000 [ 90%]  (Sampling)
Chain 4: Iteration: 1600 / 2000 [ 80%]  (Sampling)
Chain 9: Iteration: 1800 / 2000 [ 90%]  (Sampling)
Chain 3: Iteration: 1800 / 2000 [ 90%]  (Sampling)
Chain 7: Iteration: 1800 / 2000 [ 90%]  (Sampling)
Chain 5: Iteration: 1800 / 2000 [ 90%]  (Sampling)
Chain 4: Iteration: 1800 / 2000 [ 90%]  (Sampling)
Chain 2: Iteration: 1800 / 2000 [ 90%]  (Sampling)
Chain 6: Iteration: 1800 / 2000 [ 90%]  (Sampling)
Chain 8: Iteration: 1800 / 2000 [ 90%]  (Sampling)
Chain 10: Iteration: 2000 / 2000 [100%]  (Sampling)
Chain 10: 
Chain 10:  Elapsed Time: 1849.13 seconds (Warm-up)
Chain 10:                8002.22 seconds (Sampling)
Chain 10:                9851.35 seconds (Total)
Chain 10: 
Chain 9: Iteration: 2000 / 2000 [100%]  (Sampling)
Chain 3: Iteration: 2000 / 2000 [100%]  (Sampling)
Chain 9: 
Chain 9:  Elapsed Time: 2254 seconds (Warm-up)
Chain 9:                7741.99 seconds (Sampling)
Chain 9:                9995.99 seconds (Total)
Chain 9: 
Chain 3: 
Chain 3:  Elapsed Time: 1855.82 seconds (Warm-up)
Chain 3:                8150.34 seconds (Sampling)
Chain 3:                10006.2 seconds (Total)
Chain 3: 
Chain 4: Iteration: 2000 / 2000 [100%]  (Sampling)
Chain 4: 
Chain 4:  Elapsed Time: 3637.56 seconds (Warm-up)
Chain 4:                6881.81 seconds (Sampling)
Chain 4:                10519.4 seconds (Total)
Chain 4: 
Chain 7: Iteration: 2000 / 2000 [100%]  (Sampling)
Chain 7: 
Chain 7:  Elapsed Time: 2230.7 seconds (Warm-up)
Chain 7:                8537.57 seconds (Sampling)
Chain 7:                10768.3 seconds (Total)
Chain 7: 
Chain 5: Iteration: 2000 / 2000 [100%]  (Sampling)
Chain 5: 
Chain 5:  Elapsed Time: 2203.16 seconds (Warm-up)
Chain 5:                8613.97 seconds (Sampling)
Chain 5:                10817.1 seconds (Total)
Chain 5: 
Chain 2: Iteration: 2000 / 2000 [100%]  (Sampling)
Chain 2: 
Chain 2:  Elapsed Time: 2067.89 seconds (Warm-up)
Chain 2:                9021.97 seconds (Sampling)
Chain 2:                11089.9 seconds (Total)
Chain 2: 
Chain 6: Iteration: 2000 / 2000 [100%]  (Sampling)
Chain 6: 
Chain 6:  Elapsed Time: 2313.4 seconds (Warm-up)
Chain 6:                9182.48 seconds (Sampling)
Chain 6:                11495.9 seconds (Total)
Chain 6: 
Chain 8: Iteration: 2000 / 2000 [100%]  (Sampling)
Chain 8: 
Chain 8:  Elapsed Time: 2001.71 seconds (Warm-up)
Chain 8:                9613.59 seconds (Sampling)
Chain 8:                11615.3 seconds (Total)
Chain 8: 
[1] "check 6"
[1] "------------5------------"
[1] "check 5"
[1] "use softmax = TRUE"

SAMPLING FOR MODEL 'anon_model' NOW (CHAIN 1).

SAMPLING FOR MODEL 'anon_model' NOW (CHAIN 2).

SAMPLING FOR MODEL 'anon_model' NOW (CHAIN 3).
Chain 1: 
Chain 1: Gradient evaluation took 0.016826 seconds
Chain 1: 1000 transitions using 10 leapfrog steps per transition would take 168.26 seconds.
Chain 1: Adjust your expectations accordingly!
Chain 1: 
Chain 1: 

SAMPLING FOR MODEL 'anon_model' NOW (CHAIN 4).
Chain 2: 
Chain 2: Gradient evaluation took 0.016896 seconds
Chain 2: 1000 transitions using 10 leapfrog steps per transition would take 168.96 seconds.
Chain 2: Adjust your expectations accordingly!
Chain 2: 
Chain 2: 
Chain 1: Iteration:    1 / 2000 [  0%]  (Warmup)

SAMPLING FOR MODEL 'anon_model' NOW (CHAIN 5).
Chain 3: 
Chain 3: Gradient evaluation took 0.017226 seconds
Chain 3: 1000 transitions using 10 leapfrog steps per transition would take 172.26 seconds.
Chain 3: Adjust your expectations accordingly!
Chain 3: 
Chain 3: 
Chain 2: Iteration:    1 / 2000 [  0%]  (Warmup)

SAMPLING FOR MODEL 'anon_model' NOW (CHAIN 6).
Chain 4: 
Chain 4: Gradient evaluation took 0.026541 seconds
Chain 4: 1000 transitions using 10 leapfrog steps per transition would take 265.41 seconds.
Chain 4: Adjust your expectations accordingly!
Chain 4: 
Chain 4: 
Chain 3: Iteration:    1 / 2000 [  0%]  (Warmup)

SAMPLING FOR MODEL 'anon_model' NOW (CHAIN 7).
Chain 5: 
Chain 5: Gradient evaluation took 0.017602 seconds
Chain 5: 1000 transitions using 10 leapfrog steps per transition would take 176.02 seconds.
Chain 5: Adjust your expectations accordingly!
Chain 5: 
Chain 5: 
Chain 4: Iteration:    1 / 2000 [  0%]  (Warmup)

SAMPLING FOR MODEL 'anon_model' NOW (CHAIN 8).
Chain 6: 
Chain 6: Gradient evaluation took 0.017876 seconds
Chain 6: 1000 transitions using 10 leapfrog steps per transition would take 178.76 seconds.
Chain 6: Adjust your expectations accordingly!
Chain 6: 
Chain 6: 
Chain 5: Iteration:    1 / 2000 [  0%]  (Warmup)

SAMPLING FOR MODEL 'anon_model' NOW (CHAIN 9).
Chain 7: 
Chain 7: Gradient evaluation took 0.0177 seconds
Chain 7: 1000 transitions using 10 leapfrog steps per transition would take 177 seconds.
Chain 7: Adjust your expectations accordingly!
Chain 7: 
Chain 7: 
Chain 6: Iteration:    1 / 2000 [  0%]  (Warmup)

SAMPLING FOR MODEL 'anon_model' NOW (CHAIN 10).
Chain 8: 
Chain 8: Gradient evaluation took 0.028472 seconds
Chain 8: 1000 transitions using 10 leapfrog steps per transition would take 284.72 seconds.
Chain 8: Adjust your expectations accordingly!
Chain 8: 
Chain 8: 
Chain 7: Iteration:    1 / 2000 [  0%]  (Warmup)
Chain 9: 
Chain 9: Gradient evaluation took 0.028899 seconds
Chain 9: 1000 transitions using 10 leapfrog steps per transition would take 288.99 seconds.
Chain 9: Adjust your expectations accordingly!
Chain 9: 
Chain 9: 
Chain 8: Iteration:    1 / 2000 [  0%]  (Warmup)
Chain 10: 
Chain 10: Gradient evaluation took 0.028982 seconds
Chain 10: 1000 transitions using 10 leapfrog steps per transition would take 289.82 seconds.
Chain 10: Adjust your expectations accordingly!
Chain 10: 
Chain 10: 
Chain 9: Iteration:    1 / 2000 [  0%]  (Warmup)
Chain 10: Iteration:    1 / 2000 [  0%]  (Warmup)
Chain 5: Iteration:  200 / 2000 [ 10%]  (Warmup)
Chain 10: Iteration:  200 / 2000 [ 10%]  (Warmup)
Chain 9: Iteration:  200 / 2000 [ 10%]  (Warmup)
Chain 8: Iteration:  200 / 2000 [ 10%]  (Warmup)
Chain 4: Iteration:  200 / 2000 [ 10%]  (Warmup)
Chain 2: Iteration:  200 / 2000 [ 10%]  (Warmup)
Chain 1: Iteration:  200 / 2000 [ 10%]  (Warmup)
Chain 7: Iteration:  200 / 2000 [ 10%]  (Warmup)
Chain 3: Iteration:  200 / 2000 [ 10%]  (Warmup)
Chain 6: Iteration:  200 / 2000 [ 10%]  (Warmup)
Chain 9: Iteration:  400 / 2000 [ 20%]  (Warmup)
Chain 5: Iteration:  400 / 2000 [ 20%]  (Warmup)
Chain 8: Iteration:  400 / 2000 [ 20%]  (Warmup)
Chain 10: Iteration:  400 / 2000 [ 20%]  (Warmup)
Chain 2: Iteration:  400 / 2000 [ 20%]  (Warmup)
Chain 4: Iteration:  400 / 2000 [ 20%]  (Warmup)
Chain 7: Iteration:  400 / 2000 [ 20%]  (Warmup)
Chain 3: Iteration:  400 / 2000 [ 20%]  (Warmup)
Chain 6: Iteration:  400 / 2000 [ 20%]  (Warmup)
Chain 1: Iteration:  400 / 2000 [ 20%]  (Warmup)
Chain 2: Iteration:  600 / 2000 [ 30%]  (Warmup)
Chain 8: Iteration:  600 / 2000 [ 30%]  (Warmup)
Chain 9: Iteration:  600 / 2000 [ 30%]  (Warmup)
Chain 4: Iteration:  600 / 2000 [ 30%]  (Warmup)
Chain 7: Iteration:  600 / 2000 [ 30%]  (Warmup)
Chain 6: Iteration:  600 / 2000 [ 30%]  (Warmup)
Chain 5: Iteration:  600 / 2000 [ 30%]  (Warmup)
Chain 10: Iteration:  600 / 2000 [ 30%]  (Warmup)
Chain 9: Iteration:  800 / 2000 [ 40%]  (Warmup)
Chain 3: Iteration:  600 / 2000 [ 30%]  (Warmup)
Chain 4: Iteration:  800 / 2000 [ 40%]  (Warmup)
Chain 2: Iteration:  800 / 2000 [ 40%]  (Warmup)
Chain 1: Iteration:  600 / 2000 [ 30%]  (Warmup)
Chain 6: Iteration:  800 / 2000 [ 40%]  (Warmup)
Chain 10: Iteration:  800 / 2000 [ 40%]  (Warmup)
Chain 4: Iteration: 1000 / 2000 [ 50%]  (Warmup)
Chain 8: Iteration:  800 / 2000 [ 40%]  (Warmup)
Chain 4: Iteration: 1001 / 2000 [ 50%]  (Sampling)
Chain 2: Iteration: 1000 / 2000 [ 50%]  (Warmup)
Chain 2: Iteration: 1001 / 2000 [ 50%]  (Sampling)
Chain 9: Iteration: 1000 / 2000 [ 50%]  (Warmup)
Chain 9: Iteration: 1001 / 2000 [ 50%]  (Sampling)
Chain 3: Iteration:  800 / 2000 [ 40%]  (Warmup)
Chain 6: Iteration: 1000 / 2000 [ 50%]  (Warmup)
Chain 6: Iteration: 1001 / 2000 [ 50%]  (Sampling)
Chain 1: Iteration:  800 / 2000 [ 40%]  (Warmup)
Chain 7: Iteration:  800 / 2000 [ 40%]  (Warmup)
Chain 5: Iteration:  800 / 2000 [ 40%]  (Warmup)
Chain 6: Iteration: 1200 / 2000 [ 60%]  (Sampling)
Chain 10: Iteration: 1000 / 2000 [ 50%]  (Warmup)
Chain 10: Iteration: 1001 / 2000 [ 50%]  (Sampling)
Chain 4: Iteration: 1200 / 2000 [ 60%]  (Sampling)
Chain 2: Iteration: 1200 / 2000 [ 60%]  (Sampling)
Chain 8: Iteration: 1000 / 2000 [ 50%]  (Warmup)
Chain 8: Iteration: 1001 / 2000 [ 50%]  (Sampling)
Chain 6: Iteration: 1400 / 2000 [ 70%]  (Sampling)
Chain 5: Iteration: 1000 / 2000 [ 50%]  (Warmup)
Chain 5: Iteration: 1001 / 2000 [ 50%]  (Sampling)
Chain 3: Iteration: 1000 / 2000 [ 50%]  (Warmup)
Chain 3: Iteration: 1001 / 2000 [ 50%]  (Sampling)
Chain 1: Iteration: 1000 / 2000 [ 50%]  (Warmup)
Chain 1: Iteration: 1001 / 2000 [ 50%]  (Sampling)
Chain 5: Iteration: 1200 / 2000 [ 60%]  (Sampling)
Chain 10: Iteration: 1200 / 2000 [ 60%]  (Sampling)
Chain 7: Iteration: 1000 / 2000 [ 50%]  (Warmup)
Chain 7: Iteration: 1001 / 2000 [ 50%]  (Sampling)
Chain 2: Iteration: 1400 / 2000 [ 70%]  (Sampling)
Chain 9: Iteration: 1200 / 2000 [ 60%]  (Sampling)
Chain 5: Iteration: 1400 / 2000 [ 70%]  (Sampling)
Chain 5: Iteration: 1600 / 2000 [ 80%]  (Sampling)
Chain 7: Iteration: 1200 / 2000 [ 60%]  (Sampling)
Chain 4: Iteration: 1400 / 2000 [ 70%]  (Sampling)
Chain 6: Iteration: 1600 / 2000 [ 80%]  (Sampling)
Chain 5: Iteration: 1800 / 2000 [ 90%]  (Sampling)
Chain 8: Iteration: 1200 / 2000 [ 60%]  (Sampling)
Chain 3: Iteration: 1200 / 2000 [ 60%]  (Sampling)
Chain 1: Iteration: 1200 / 2000 [ 60%]  (Sampling)
Chain 10: Iteration: 1400 / 2000 [ 70%]  (Sampling)
Chain 2: Iteration: 1600 / 2000 [ 80%]  (Sampling)
Chain 9: Iteration: 1400 / 2000 [ 70%]  (Sampling)
Chain 3: Iteration: 1400 / 2000 [ 70%]  (Sampling)
Chain 7: Iteration: 1400 / 2000 [ 70%]  (Sampling)
Chain 5: Iteration: 2000 / 2000 [100%]  (Sampling)
Chain 5: 
Chain 5:  Elapsed Time: 2928.82 seconds (Warm-up)
Chain 5:                3078.49 seconds (Sampling)
Chain 5:                6007.31 seconds (Total)
Chain 5: 
Chain 4: Iteration: 1600 / 2000 [ 80%]  (Sampling)
Chain 6: Iteration: 1800 / 2000 [ 90%]  (Sampling)
Chain 1: Iteration: 1400 / 2000 [ 70%]  (Sampling)
Chain 8: Iteration: 1400 / 2000 [ 70%]  (Sampling)
Chain 10: Iteration: 1600 / 2000 [ 80%]  (Sampling)
Chain 3: Iteration: 1600 / 2000 [ 80%]  (Sampling)
Chain 2: Iteration: 1800 / 2000 [ 90%]  (Sampling)
Chain 7: Iteration: 1600 / 2000 [ 80%]  (Sampling)
Chain 9: Iteration: 1600 / 2000 [ 80%]  (Sampling)
Chain 4: Iteration: 1800 / 2000 [ 90%]  (Sampling)
Chain 7: Iteration: 1800 / 2000 [ 90%]  (Sampling)
Chain 6: Iteration: 2000 / 2000 [100%]  (Sampling)
Chain 6: 
Chain 6:  Elapsed Time: 1918.34 seconds (Warm-up)
Chain 6:                6641.86 seconds (Sampling)
Chain 6:                8560.19 seconds (Total)
Chain 6: 
Chain 1: Iteration: 1600 / 2000 [ 80%]  (Sampling)
Chain 8: Iteration: 1600 / 2000 [ 80%]  (Sampling)
Chain 10: Iteration: 1800 / 2000 [ 90%]  (Sampling)
Chain 3: Iteration: 1800 / 2000 [ 90%]  (Sampling)
Chain 2: Iteration: 2000 / 2000 [100%]  (Sampling)
Chain 2: 
Chain 2:  Elapsed Time: 1835.96 seconds (Warm-up)
Chain 2:                7730.86 seconds (Sampling)
Chain 2:                9566.82 seconds (Total)
Chain 2: 
Chain 7: Iteration: 2000 / 2000 [100%]  (Sampling)
Chain 7: 
Chain 7:  Elapsed Time: 3281.39 seconds (Warm-up)
Chain 7:                6318.9 seconds (Sampling)
Chain 7:                9600.29 seconds (Total)
Chain 7: 
Chain 9: Iteration: 1800 / 2000 [ 90%]  (Sampling)
Chain 4: Iteration: 2000 / 2000 [100%]  (Sampling)
Chain 1: Iteration: 1800 / 2000 [ 90%]  (Sampling)
Chain 4: 
Chain 4:  Elapsed Time: 1767.5 seconds (Warm-up)
Chain 4:                8805.49 seconds (Sampling)
Chain 4:                10573 seconds (Total)
Chain 4: 
Chain 8: Iteration: 1800 / 2000 [ 90%]  (Sampling)
Chain 10: Iteration: 2000 / 2000 [100%]  (Sampling)
Chain 10: 
Chain 10:  Elapsed Time: 2292.55 seconds (Warm-up)
Chain 10:                9144.62 seconds (Sampling)
Chain 10:                11437.2 seconds (Total)
Chain 10: 
Chain 3: Iteration: 2000 / 2000 [100%]  (Sampling)
Chain 3: 
Chain 3:  Elapsed Time: 2962.46 seconds (Warm-up)
Chain 3:                8533.6 seconds (Sampling)
Chain 3:                11496.1 seconds (Total)
Chain 3: 
Chain 9: Iteration: 2000 / 2000 [100%]  (Sampling)
Chain 9: 
Chain 9:  Elapsed Time: 1898.31 seconds (Warm-up)
Chain 9:                9935.24 seconds (Sampling)
Chain 9:                11833.5 seconds (Total)
Chain 9: 
Chain 1: Iteration: 2000 / 2000 [100%]  (Sampling)
Chain 1: 
Chain 1:  Elapsed Time: 3080.15 seconds (Warm-up)
Chain 1:                8985.03 seconds (Sampling)
Chain 1:                12065.2 seconds (Total)
Chain 1: 
Chain 8: Iteration: 2000 / 2000 [100%]  (Sampling)
Chain 8: 
Chain 8:  Elapsed Time: 2861.07 seconds (Warm-up)
Chain 8:                9726.15 seconds (Sampling)
Chain 8:                12587.2 seconds (Total)
Chain 8: 
[1] "check 6"

SAMPLING FOR MODEL 'anon_model' NOW (CHAIN 1).

SAMPLING FOR MODEL 'anon_model' NOW (CHAIN 2).

SAMPLING FOR MODEL 'anon_model' NOW (CHAIN 3).
Chain 1: 
Chain 1: Gradient evaluation took 0.016284 seconds
Chain 1: 1000 transitions using 10 leapfrog steps per transition would take 162.84 seconds.
Chain 1: Adjust your expectations accordingly!
Chain 1: 
Chain 1: 

SAMPLING FOR MODEL 'anon_model' NOW (CHAIN 4).
Chain 2: 
Chain 2: Gradient evaluation took 0.016246 seconds
Chain 2: 1000 transitions using 10 leapfrog steps per transition would take 162.46 seconds.
Chain 2: Adjust your expectations accordingly!
Chain 2: 
Chain 2: 
Chain 1: Iteration:    1 / 2000 [  0%]  (Warmup)

SAMPLING FOR MODEL 'anon_model' NOW (CHAIN 5).
Chain 3: 
Chain 3: Gradient evaluation took 0.016588 seconds
Chain 3: 1000 transitions using 10 leapfrog steps per transition would take 165.88 seconds.
Chain 3: Adjust your expectations accordingly!
Chain 3: 
Chain 3: 
Chain 2: Iteration:    1 / 2000 [  0%]  (Warmup)

SAMPLING FOR MODEL 'anon_model' NOW (CHAIN 6).
Chain 4: 
Chain 4: Gradient evaluation took 0.016996 seconds
Chain 4: 1000 transitions using 10 leapfrog steps per transition would take 169.96 seconds.
Chain 4: Adjust your expectations accordingly!
Chain 4: 
Chain 4: 
Chain 3: Iteration:    1 / 2000 [  0%]  (Warmup)

SAMPLING FOR MODEL 'anon_model' NOW (CHAIN 7).
Chain 5: 
Chain 5: Gradient evaluation took 0.017179 seconds
Chain 5: 1000 transitions using 10 leapfrog steps per transition would take 171.79 seconds.
Chain 5: Adjust your expectations accordingly!
Chain 5: 
Chain 5: 
Chain 4: Iteration:    1 / 2000 [  0%]  (Warmup)

SAMPLING FOR MODEL 'anon_model' NOW (CHAIN 8).
Chain 6: 
Chain 6: Gradient evaluation took 0.016655 seconds
Chain 6: 1000 transitions using 10 leapfrog steps per transition would take 166.55 seconds.
Chain 6: Adjust your expectations accordingly!
Chain 6: 
Chain 6: 
Chain 5: Iteration:    1 / 2000 [  0%]  (Warmup)

SAMPLING FOR MODEL 'anon_model' NOW (CHAIN 9).
Chain 7: 
Chain 7: Gradient evaluation took 0.01659 seconds
Chain 7: 1000 transitions using 10 leapfrog steps per transition would take 165.9 seconds.
Chain 7: Adjust your expectations accordingly!
Chain 7: 
Chain 7: 
Chain 6: Iteration:    1 / 2000 [  0%]  (Warmup)

SAMPLING FOR MODEL 'anon_model' NOW (CHAIN 10).
Chain 8: 
Chain 8: Gradient evaluation took 0.016871 seconds
Chain 8: 1000 transitions using 10 leapfrog steps per transition would take 168.71 seconds.
Chain 8: Adjust your expectations accordingly!
Chain 8: 
Chain 8: 
Chain 7: Iteration:    1 / 2000 [  0%]  (Warmup)
Chain 9: 
Chain 9: Gradient evaluation took 0.016809 seconds
Chain 9: 1000 transitions using 10 leapfrog steps per transition would take 168.09 seconds.
Chain 9: Adjust your expectations accordingly!
Chain 9: 
Chain 9: 
Chain 8: Iteration:    1 / 2000 [  0%]  (Warmup)
Chain 10: 
Chain 10: Gradient evaluation took 0.016974 seconds
Chain 10: 1000 transitions using 10 leapfrog steps per transition would take 169.74 seconds.
Chain 10: Adjust your expectations accordingly!
Chain 10: 
Chain 10: 
Chain 9: Iteration:    1 / 2000 [  0%]  (Warmup)
Chain 10: Iteration:    1 / 2000 [  0%]  (Warmup)
Chain 3: Iteration:  200 / 2000 [ 10%]  (Warmup)
Chain 10: Iteration:  200 / 2000 [ 10%]  (Warmup)
Chain 8: Iteration:  200 / 2000 [ 10%]  (Warmup)
Chain 7: Iteration:  200 / 2000 [ 10%]  (Warmup)
Chain 2: Iteration:  200 / 2000 [ 10%]  (Warmup)
Chain 4: Iteration:  200 / 2000 [ 10%]  (Warmup)
Chain 5: Iteration:  200 / 2000 [ 10%]  (Warmup)
Chain 6: Iteration:  200 / 2000 [ 10%]  (Warmup)
Chain 1: Iteration:  200 / 2000 [ 10%]  (Warmup)
Chain 9: Iteration:  200 / 2000 [ 10%]  (Warmup)
Chain 3: Iteration:  400 / 2000 [ 20%]  (Warmup)
Chain 10: Iteration:  400 / 2000 [ 20%]  (Warmup)
Chain 4: Iteration:  400 / 2000 [ 20%]  (Warmup)
Chain 5: Iteration:  400 / 2000 [ 20%]  (Warmup)
Chain 6: Iteration:  400 / 2000 [ 20%]  (Warmup)
Chain 2: Iteration:  400 / 2000 [ 20%]  (Warmup)
Chain 8: Iteration:  400 / 2000 [ 20%]  (Warmup)
Chain 1: Iteration:  400 / 2000 [ 20%]  (Warmup)
Chain 3: Iteration:  600 / 2000 [ 30%]  (Warmup)
Chain 7: Iteration:  400 / 2000 [ 20%]  (Warmup)
Chain 4: Iteration:  600 / 2000 [ 30%]  (Warmup)
Chain 10: Iteration:  600 / 2000 [ 30%]  (Warmup)
Chain 6: Iteration:  600 / 2000 [ 30%]  (Warmup)
Chain 9: Iteration:  400 / 2000 [ 20%]  (Warmup)
Chain 8: Iteration:  600 / 2000 [ 30%]  (Warmup)
Chain 2: Iteration:  600 / 2000 [ 30%]  (Warmup)
Chain 1: Iteration:  600 / 2000 [ 30%]  (Warmup)
Chain 5: Iteration:  600 / 2000 [ 30%]  (Warmup)
Chain 3: Iteration:  800 / 2000 [ 40%]  (Warmup)
Chain 10: Iteration:  800 / 2000 [ 40%]  (Warmup)
Chain 8: Iteration:  800 / 2000 [ 40%]  (Warmup)
Chain 9: Iteration:  600 / 2000 [ 30%]  (Warmup)
Chain 7: Iteration:  600 / 2000 [ 30%]  (Warmup)
Chain 1: Iteration:  800 / 2000 [ 40%]  (Warmup)
Chain 6: Iteration:  800 / 2000 [ 40%]  (Warmup)
Chain 8: Iteration: 1000 / 2000 [ 50%]  (Warmup)
Chain 2: Iteration:  800 / 2000 [ 40%]  (Warmup)
Chain 8: Iteration: 1001 / 2000 [ 50%]  (Sampling)
Chain 10: Iteration: 1000 / 2000 [ 50%]  (Warmup)
Chain 10: Iteration: 1001 / 2000 [ 50%]  (Sampling)
Chain 3: Iteration: 1000 / 2000 [ 50%]  (Warmup)
Chain 3: Iteration: 1001 / 2000 [ 50%]  (Sampling)
Chain 4: Iteration:  800 / 2000 [ 40%]  (Warmup)
Chain 9: Iteration:  800 / 2000 [ 40%]  (Warmup)
Chain 10: Iteration: 1200 / 2000 [ 60%]  (Sampling)
Chain 5: Iteration:  800 / 2000 [ 40%]  (Warmup)
Chain 10: Iteration: 1400 / 2000 [ 70%]  (Sampling)
Chain 8: Iteration: 1200 / 2000 [ 60%]  (Sampling)
Chain 3: Iteration: 1200 / 2000 [ 60%]  (Sampling)
Chain 7: Iteration:  800 / 2000 [ 40%]  (Warmup)
Chain 1: Iteration: 1000 / 2000 [ 50%]  (Warmup)
Chain 1: Iteration: 1001 / 2000 [ 50%]  (Sampling)
Chain 9: Iteration: 1000 / 2000 [ 50%]  (Warmup)
Chain 9: Iteration: 1001 / 2000 [ 50%]  (Sampling)
Chain 10: Iteration: 1600 / 2000 [ 80%]  (Sampling)
Chain 2: Iteration: 1000 / 2000 [ 50%]  (Warmup)
Chain 2: Iteration: 1001 / 2000 [ 50%]  (Sampling)
Chain 3: Iteration: 1400 / 2000 [ 70%]  (Sampling)
Chain 6: Iteration: 1000 / 2000 [ 50%]  (Warmup)
Chain 6: Iteration: 1001 / 2000 [ 50%]  (Sampling)
Chain 2: Iteration: 1200 / 2000 [ 60%]  (Sampling)
Chain 10: Iteration: 1800 / 2000 [ 90%]  (Sampling)
Chain 3: Iteration: 1600 / 2000 [ 80%]  (Sampling)
Chain 5: Iteration: 1000 / 2000 [ 50%]  (Warmup)
Chain 5: Iteration: 1001 / 2000 [ 50%]  (Sampling)
Chain 4: Iteration: 1000 / 2000 [ 50%]  (Warmup)
Chain 4: Iteration: 1001 / 2000 [ 50%]  (Sampling)
Chain 9: Iteration: 1200 / 2000 [ 60%]  (Sampling)
Chain 7: Iteration: 1000 / 2000 [ 50%]  (Warmup)
Chain 7: Iteration: 1001 / 2000 [ 50%]  (Sampling)
Chain 3: Iteration: 1800 / 2000 [ 90%]  (Sampling)
Chain 9: Iteration: 1400 / 2000 [ 70%]  (Sampling)
Chain 1: Iteration: 1200 / 2000 [ 60%]  (Sampling)
Chain 8: Iteration: 1400 / 2000 [ 70%]  (Sampling)
Chain 6: Iteration: 1200 / 2000 [ 60%]  (Sampling)
Chain 2: Iteration: 1400 / 2000 [ 70%]  (Sampling)
Chain 7: Iteration: 1200 / 2000 [ 60%]  (Sampling)
Chain 3: Iteration: 2000 / 2000 [100%]  (Sampling)
Chain 3: 
Chain 3:  Elapsed Time: 2016.71 seconds (Warm-up)
Chain 3:                2880.36 seconds (Sampling)
Chain 3:                4897.07 seconds (Total)
Chain 3: 
Chain 5: Iteration: 1200 / 2000 [ 60%]  (Sampling)
Chain 9: Iteration: 1600 / 2000 [ 80%]  (Sampling)
Chain 10: Iteration: 2000 / 2000 [100%]  (Sampling)
Chain 10: 
Chain 10:  Elapsed Time: 2007.9 seconds (Warm-up)
Chain 10:                3724.7 seconds (Sampling)
Chain 10:                5732.6 seconds (Total)
Chain 10: 
Chain 6: Iteration: 1400 / 2000 [ 70%]  (Sampling)
Chain 7: Iteration: 1400 / 2000 [ 70%]  (Sampling)
Chain 4: Iteration: 1200 / 2000 [ 60%]  (Sampling)
Chain 2: Iteration: 1600 / 2000 [ 80%]  (Sampling)
Chain 5: Iteration: 1400 / 2000 [ 70%]  (Sampling)
Chain 1: Iteration: 1400 / 2000 [ 70%]  (Sampling)
Chain 8: Iteration: 1600 / 2000 [ 80%]  (Sampling)
Chain 6: Iteration: 1600 / 2000 [ 80%]  (Sampling)
Chain 5: Iteration: 1600 / 2000 [ 80%]  (Sampling)
Chain 4: Iteration: 1400 / 2000 [ 70%]  (Sampling)
Chain 7: Iteration: 1600 / 2000 [ 80%]  (Sampling)
Chain 9: Iteration: 1800 / 2000 [ 90%]  (Sampling)
Chain 2: Iteration: 1800 / 2000 [ 90%]  (Sampling)
Chain 6: Iteration: 1800 / 2000 [ 90%]  (Sampling)
Chain 5: Iteration: 1800 / 2000 [ 90%]  (Sampling)
Chain 7: Iteration: 1800 / 2000 [ 90%]  (Sampling)
Chain 4: Iteration: 1600 / 2000 [ 80%]  (Sampling)
Chain 1: Iteration: 1600 / 2000 [ 80%]  (Sampling)
Chain 8: Iteration: 1800 / 2000 [ 90%]  (Sampling)
Chain 5: Iteration: 2000 / 2000 [100%]  (Sampling)
Chain 5: 
Chain 5:  Elapsed Time: 3843.75 seconds (Warm-up)
Chain 5:                5433.22 seconds (Sampling)
Chain 5:                9276.97 seconds (Total)
Chain 5: 
Chain 6: Iteration: 2000 / 2000 [100%]  (Sampling)
Chain 6: 
Chain 6:  Elapsed Time: 3510.85 seconds (Warm-up)
Chain 6:                5984.97 seconds (Sampling)
Chain 6:                9495.82 seconds (Total)
Chain 6: 
Chain 2: Iteration: 2000 / 2000 [100%]  (Sampling)
Chain 2: 
Chain 2:  Elapsed Time: 3048.02 seconds (Warm-up)
Chain 2:                6483.81 seconds (Sampling)
Chain 2:                9531.83 seconds (Total)
Chain 2: 
Chain 9: Iteration: 2000 / 2000 [100%]  (Sampling)
Chain 9: 
Chain 9:  Elapsed Time: 2996.28 seconds (Warm-up)
Chain 9:                6790.27 seconds (Sampling)
Chain 9:                9786.56 seconds (Total)
Chain 9: 
Chain 7: Iteration: 2000 / 2000 [100%]  (Sampling)
Chain 7: 
Chain 7:  Elapsed Time: 3905.79 seconds (Warm-up)
Chain 7:                6145.28 seconds (Sampling)
Chain 7:                10051.1 seconds (Total)
Chain 7: 
Chain 4: Iteration: 1800 / 2000 [ 90%]  (Sampling)
