[1] "dataset=all:models=acs,pep,wp:n.sample=2000:burnin=1000:outcome=census:family=negbin:use_softmax=T:fixed_rho=-1:fixed_tau2=-1:sigma2_prior_shape=50:sigma2_prior_rate=0.5:tau2_prior_shape=1:tau2_prior_rate=1:theta_prior_shape=0.001:theta_prior_rate=0.001:theta_multiplier=1000:stan_path=code/CAR_leroux_sparse_negbin_alpha_FE.stan:CV_blocks=5:return_quantiles=F:output_path_addition=softmax_interceptonly_theta1000_001:chains_cores=10:alpha_variance_prior=-1:preprocess_scale=F:fixed_effects=intercept"
$dataset
[1] "all"

$models
[1] "acs" "pep" "wp" 

$n.sample
[1] 2000

$burnin
[1] 1000

$outcome
[1] "census"

$family
[1] "negbin"

$use_softmax
[1] TRUE

$fixed_rho
[1] -1

$fixed_tau2
[1] -1

$sigma2_prior_shape
[1] 50

$sigma2_prior_rate
[1] 0.5

$tau2_prior_shape
[1] 1

$tau2_prior_rate
[1] 1

$theta_prior_shape
[1] 0.001

$theta_prior_rate
[1] 0.001

$theta_multiplier
[1] 1000

$stan_path
[1] "code/CAR_leroux_sparse_negbin_alpha_FE.stan"

$CV_blocks
[1] 5

$return_quantiles
[1] FALSE

$output_path_addition
[1] "softmax_interceptonly_theta1000_001"

$chains_cores
[1] 10

$alpha_variance_prior
[1] -1

$preprocess_scale
[1] FALSE

$fixed_effects
[1] "intercept"

$results_file
[1] "results/real_data_results/real_data_fit_softmax_interceptonly_theta1000_001_ID30849_2025_01_02.RData"

[1] "stan_path = code/CAR_leroux_sparse_negbin_alpha_FE.stan"
[1] "check 1"
[1] "check 1.5"
groups
  1   2   3   4   5 
796 627 593 528 520 
[1] "------------1------------"
[1] "check 5"
[1] "use softmax = TRUE"

SAMPLING FOR MODEL 'anon_model' NOW (CHAIN 1).

SAMPLING FOR MODEL 'anon_model' NOW (CHAIN 2).

SAMPLING FOR MODEL 'anon_model' NOW (CHAIN 3).

SAMPLING FOR MODEL 'anon_model' NOW (CHAIN 4).

SAMPLING FOR MODEL 'anon_model' NOW (CHAIN 5).

SAMPLING FOR MODEL 'anon_model' NOW (CHAIN 7).

SAMPLING FOR MODEL 'anon_model' NOW (CHAIN 6).

SAMPLING FOR MODEL 'anon_model' NOW (CHAIN 8).

SAMPLING FOR MODEL 'anon_model' NOW (CHAIN 9).

SAMPLING FOR MODEL 'anon_model' NOW (CHAIN 10).
Chain 1: 
Chain 1: Gradient evaluation took 0.007464 seconds
Chain 1: 1000 transitions using 10 leapfrog steps per transition would take 74.64 seconds.
Chain 1: Adjust your expectations accordingly!
Chain 1: 
Chain 1: 
Chain 2: 
Chain 2: Gradient evaluation took 0.007529 seconds
Chain 2: 1000 transitions using 10 leapfrog steps per transition would take 75.29 seconds.
Chain 2: Adjust your expectations accordingly!
Chain 2: 
Chain 2: 
Chain 3: 
Chain 3: Gradient evaluation took 0.00768 seconds
Chain 3: 1000 transitions using 10 leapfrog steps per transition would take 76.8 seconds.
Chain 3: Adjust your expectations accordingly!
Chain 3: 
Chain 3: 
Chain 4: 
Chain 4: Gradient evaluation took 0.007945 seconds
Chain 4: 1000 transitions using 10 leapfrog steps per transition would take 79.45 seconds.
Chain 4: Adjust your expectations accordingly!
Chain 4: 
Chain 4: 
Chain 5: 
Chain 5: Gradient evaluation took 0.008012 seconds
Chain 5: 1000 transitions using 10 leapfrog steps per transition would take 80.12 seconds.
Chain 5: Adjust your expectations accordingly!
Chain 5: 
Chain 5: 
Chain 7: 
Chain 7: Gradient evaluation took 0.008266 seconds
Chain 7: 1000 transitions using 10 leapfrog steps per transition would take 82.66 seconds.
Chain 7: Adjust your expectations accordingly!
Chain 7: 
Chain 7: 
Chain 6: 
Chain 6: Gradient evaluation took 0.008225 seconds
Chain 6: 1000 transitions using 10 leapfrog steps per transition would take 82.25 seconds.
Chain 6: Adjust your expectations accordingly!
Chain 6: 
Chain 6: 
Chain 8: 
Chain 8: Gradient evaluation took 0.008406 seconds
Chain 8: 1000 transitions using 10 leapfrog steps per transition would take 84.06 seconds.
Chain 8: Adjust your expectations accordingly!
Chain 8: 
Chain 8: 
Chain 9: 
Chain 9: Gradient evaluation took 0.008091 seconds
Chain 9: 1000 transitions using 10 leapfrog steps per transition would take 80.91 seconds.
Chain 9: Adjust your expectations accordingly!
Chain 9: 
Chain 9: 
Chain 10: 
Chain 10: Gradient evaluation took 0.008135 seconds
Chain 10: 1000 transitions using 10 leapfrog steps per transition would take 81.35 seconds.
Chain 10: Adjust your expectations accordingly!
Chain 10: 
Chain 10: 
Chain 1: Iteration:    1 / 2000 [  0%]  (Warmup)
Chain 2: Iteration:    1 / 2000 [  0%]  (Warmup)
Chain 3: Iteration:    1 / 2000 [  0%]  (Warmup)
Chain 4: Iteration:    1 / 2000 [  0%]  (Warmup)
Chain 5: Iteration:    1 / 2000 [  0%]  (Warmup)
Chain 7: Iteration:    1 / 2000 [  0%]  (Warmup)
Chain 6: Iteration:    1 / 2000 [  0%]  (Warmup)
Chain 8: Iteration:    1 / 2000 [  0%]  (Warmup)
Chain 9: Iteration:    1 / 2000 [  0%]  (Warmup)
Chain 10: Iteration:    1 / 2000 [  0%]  (Warmup)
Chain 6: Iteration:  200 / 2000 [ 10%]  (Warmup)
Chain 2: Iteration:  200 / 2000 [ 10%]  (Warmup)
Chain 7: Iteration:  200 / 2000 [ 10%]  (Warmup)
Chain 1: Iteration:  200 / 2000 [ 10%]  (Warmup)
Chain 4: Iteration:  200 / 2000 [ 10%]  (Warmup)
Chain 9: Iteration:  200 / 2000 [ 10%]  (Warmup)
Chain 8: Iteration:  200 / 2000 [ 10%]  (Warmup)
Chain 3: Iteration:  200 / 2000 [ 10%]  (Warmup)
Chain 5: Iteration:  200 / 2000 [ 10%]  (Warmup)
Chain 10: Iteration:  200 / 2000 [ 10%]  (Warmup)
Chain 2: Iteration:  400 / 2000 [ 20%]  (Warmup)
Chain 1: Iteration:  400 / 2000 [ 20%]  (Warmup)
Chain 6: Iteration:  400 / 2000 [ 20%]  (Warmup)
Chain 8: Iteration:  400 / 2000 [ 20%]  (Warmup)
Chain 4: Iteration:  400 / 2000 [ 20%]  (Warmup)
Chain 7: Iteration:  400 / 2000 [ 20%]  (Warmup)
Chain 9: Iteration:  400 / 2000 [ 20%]  (Warmup)
Chain 5: Iteration:  400 / 2000 [ 20%]  (Warmup)
Chain 2: Iteration:  600 / 2000 [ 30%]  (Warmup)
Chain 3: Iteration:  400 / 2000 [ 20%]  (Warmup)
Chain 10: Iteration:  400 / 2000 [ 20%]  (Warmup)
Chain 1: Iteration:  600 / 2000 [ 30%]  (Warmup)
Chain 6: Iteration:  600 / 2000 [ 30%]  (Warmup)
Chain 4: Iteration:  600 / 2000 [ 30%]  (Warmup)
Chain 5: Iteration:  600 / 2000 [ 30%]  (Warmup)
Chain 10: Iteration:  600 / 2000 [ 30%]  (Warmup)
Chain 9: Iteration:  600 / 2000 [ 30%]  (Warmup)
Chain 1: Iteration:  800 / 2000 [ 40%]  (Warmup)
Chain 4: Iteration:  800 / 2000 [ 40%]  (Warmup)
Chain 8: Iteration:  600 / 2000 [ 30%]  (Warmup)
Chain 2: Iteration:  800 / 2000 [ 40%]  (Warmup)
Chain 7: Iteration:  600 / 2000 [ 30%]  (Warmup)
Chain 3: Iteration:  600 / 2000 [ 30%]  (Warmup)
Chain 5: Iteration:  800 / 2000 [ 40%]  (Warmup)
Chain 9: Iteration:  800 / 2000 [ 40%]  (Warmup)
Chain 8: Iteration:  800 / 2000 [ 40%]  (Warmup)
Chain 4: Iteration: 1000 / 2000 [ 50%]  (Warmup)
Chain 4: Iteration: 1001 / 2000 [ 50%]  (Sampling)
Chain 6: Iteration:  800 / 2000 [ 40%]  (Warmup)
Chain 3: Iteration:  800 / 2000 [ 40%]  (Warmup)
Chain 2: Iteration: 1000 / 2000 [ 50%]  (Warmup)
Chain 10: Iteration:  800 / 2000 [ 40%]  (Warmup)
Chain 2: Iteration: 1001 / 2000 [ 50%]  (Sampling)
Chain 4: Iteration: 1200 / 2000 [ 60%]  (Sampling)
Chain 1: Iteration: 1000 / 2000 [ 50%]  (Warmup)
Chain 1: Iteration: 1001 / 2000 [ 50%]  (Sampling)
Chain 9: Iteration: 1000 / 2000 [ 50%]  (Warmup)
Chain 9: Iteration: 1001 / 2000 [ 50%]  (Sampling)
Chain 5: Iteration: 1000 / 2000 [ 50%]  (Warmup)
Chain 5: Iteration: 1001 / 2000 [ 50%]  (Sampling)
Chain 8: Iteration: 1000 / 2000 [ 50%]  (Warmup)
Chain 8: Iteration: 1001 / 2000 [ 50%]  (Sampling)
Chain 7: Iteration:  800 / 2000 [ 40%]  (Warmup)
Chain 6: Iteration: 1000 / 2000 [ 50%]  (Warmup)
Chain 6: Iteration: 1001 / 2000 [ 50%]  (Sampling)
Chain 3: Iteration: 1000 / 2000 [ 50%]  (Warmup)
Chain 3: Iteration: 1001 / 2000 [ 50%]  (Sampling)
Chain 6: Iteration: 1200 / 2000 [ 60%]  (Sampling)
Chain 1: Iteration: 1200 / 2000 [ 60%]  (Sampling)
Chain 4: Iteration: 1400 / 2000 [ 70%]  (Sampling)
Chain 10: Iteration: 1000 / 2000 [ 50%]  (Warmup)
Chain 10: Iteration: 1001 / 2000 [ 50%]  (Sampling)
Chain 9: Iteration: 1200 / 2000 [ 60%]  (Sampling)
Chain 5: Iteration: 1200 / 2000 [ 60%]  (Sampling)
Chain 10: Iteration: 1200 / 2000 [ 60%]  (Sampling)
Chain 3: Iteration: 1200 / 2000 [ 60%]  (Sampling)
Chain 2: Iteration: 1200 / 2000 [ 60%]  (Sampling)
Chain 6: Iteration: 1400 / 2000 [ 70%]  (Sampling)
Chain 1: Iteration: 1400 / 2000 [ 70%]  (Sampling)
Chain 4: Iteration: 1600 / 2000 [ 80%]  (Sampling)
Chain 10: Iteration: 1400 / 2000 [ 70%]  (Sampling)
Chain 8: Iteration: 1200 / 2000 [ 60%]  (Sampling)
Chain 1: Iteration: 1600 / 2000 [ 80%]  (Sampling)
Chain 3: Iteration: 1400 / 2000 [ 70%]  (Sampling)
Chain 6: Iteration: 1600 / 2000 [ 80%]  (Sampling)
Chain 7: Iteration: 1000 / 2000 [ 50%]  (Warmup)
Chain 7: Iteration: 1001 / 2000 [ 50%]  (Sampling)
Chain 4: Iteration: 1800 / 2000 [ 90%]  (Sampling)
Chain 1: Iteration: 1800 / 2000 [ 90%]  (Sampling)
Chain 2: Iteration: 1400 / 2000 [ 70%]  (Sampling)
Chain 8: Iteration: 1400 / 2000 [ 70%]  (Sampling)
Chain 10: Iteration: 1600 / 2000 [ 80%]  (Sampling)
Chain 5: Iteration: 1400 / 2000 [ 70%]  (Sampling)
Chain 1: Iteration: 2000 / 2000 [100%]  (Sampling)
Chain 1: 
Chain 1:  Elapsed Time: 1180.07 seconds (Warm-up)
Chain 1:                1291.12 seconds (Sampling)
Chain 1:                2471.19 seconds (Total)
Chain 1: 
Chain 9: Iteration: 1400 / 2000 [ 70%]  (Sampling)
Chain 4: Iteration: 2000 / 2000 [100%]  (Sampling)
Chain 4: 
Chain 4:  Elapsed Time: 956.422 seconds (Warm-up)
Chain 4:                1701.93 seconds (Sampling)
Chain 4:                2658.35 seconds (Total)
Chain 4: 
Chain 6: Iteration: 1800 / 2000 [ 90%]  (Sampling)
Chain 3: Iteration: 1600 / 2000 [ 80%]  (Sampling)
Chain 7: Iteration: 1200 / 2000 [ 60%]  (Sampling)
Chain 8: Iteration: 1600 / 2000 [ 80%]  (Sampling)
Chain 10: Iteration: 1800 / 2000 [ 90%]  (Sampling)
Chain 2: Iteration: 1600 / 2000 [ 80%]  (Sampling)
Chain 6: Iteration: 2000 / 2000 [100%]  (Sampling)
Chain 6: 
Chain 6:  Elapsed Time: 1294.27 seconds (Warm-up)
Chain 6:                2217.18 seconds (Sampling)
Chain 6:                3511.45 seconds (Total)
Chain 6: 
Chain 7: Iteration: 1400 / 2000 [ 70%]  (Sampling)
Chain 3: Iteration: 1800 / 2000 [ 90%]  (Sampling)
Chain 5: Iteration: 1600 / 2000 [ 80%]  (Sampling)
Chain 9: Iteration: 1600 / 2000 [ 80%]  (Sampling)
Chain 7: Iteration: 1600 / 2000 [ 80%]  (Sampling)
Chain 8: Iteration: 1800 / 2000 [ 90%]  (Sampling)
Chain 10: Iteration: 2000 / 2000 [100%]  (Sampling)
Chain 10: 
Chain 10:  Elapsed Time: 1496.79 seconds (Warm-up)
Chain 10:                3023.1 seconds (Sampling)
Chain 10:                4519.89 seconds (Total)
Chain 10: 
Chain 2: Iteration: 1800 / 2000 [ 90%]  (Sampling)
Chain 3: Iteration: 2000 / 2000 [100%]  (Sampling)
Chain 3: 
Chain 3:  Elapsed Time: 1451.27 seconds (Warm-up)
Chain 3:                3315.78 seconds (Sampling)
Chain 3:                4767.05 seconds (Total)
Chain 3: 
Chain 5: Iteration: 1800 / 2000 [ 90%]  (Sampling)
Chain 7: Iteration: 1800 / 2000 [ 90%]  (Sampling)
Chain 9: Iteration: 1800 / 2000 [ 90%]  (Sampling)
Chain 8: Iteration: 2000 / 2000 [100%]  (Sampling)
Chain 8: 
Chain 8:  Elapsed Time: 1250.97 seconds (Warm-up)
Chain 8:                4330.8 seconds (Sampling)
Chain 8:                5581.76 seconds (Total)
Chain 8: 
Chain 2: Iteration: 2000 / 2000 [100%]  (Sampling)
Chain 2: 
Chain 2:  Elapsed Time: 1104.62 seconds (Warm-up)
Chain 2:                4626.86 seconds (Sampling)
Chain 2:                5731.48 seconds (Total)
Chain 2: 
Chain 5: Iteration: 2000 / 2000 [100%]  (Sampling)
Chain 5: 
Chain 5:  Elapsed Time: 1241.41 seconds (Warm-up)
Chain 5:                4786.84 seconds (Sampling)
Chain 5:                6028.25 seconds (Total)
Chain 5: 
Chain 7: Iteration: 2000 / 2000 [100%]  (Sampling)
Chain 7: 
Chain 7:  Elapsed Time: 2192.89 seconds (Warm-up)
Chain 7:                4031.34 seconds (Sampling)
Chain 7:                6224.23 seconds (Total)
Chain 7: 
Chain 9: Iteration: 2000 / 2000 [100%]  (Sampling)
Chain 9: 
Chain 9:  Elapsed Time: 1221.76 seconds (Warm-up)
Chain 9:                5047.03 seconds (Sampling)
Chain 9:                6268.78 seconds (Total)
Chain 9: 
[1] "check 6"
[1] "------------2------------"
[1] "check 5"
[1] "use softmax = TRUE"

SAMPLING FOR MODEL 'anon_model' NOW (CHAIN 1).

SAMPLING FOR MODEL 'anon_model' NOW (CHAIN 2).

SAMPLING FOR MODEL 'anon_model' NOW (CHAIN 3).

SAMPLING FOR MODEL 'anon_model' NOW (CHAIN 4).
Chain 1: 
Chain 1: Gradient evaluation took 0.010913 seconds
Chain 1: 1000 transitions using 10 leapfrog steps per transition would take 109.13 seconds.
Chain 1: Adjust your expectations accordingly!
Chain 1: 
Chain 1: 

SAMPLING FOR MODEL 'anon_model' NOW (CHAIN 5).
Chain 2: 
Chain 2: Gradient evaluation took 0.010773 seconds
Chain 2: 1000 transitions using 10 leapfrog steps per transition would take 107.73 seconds.
Chain 2: Adjust your expectations accordingly!
Chain 2: 
Chain 2: 
Chain 1: Iteration:    1 / 2000 [  0%]  (Warmup)

SAMPLING FOR MODEL 'anon_model' NOW (CHAIN 6).
Chain 3: 
Chain 3: Gradient evaluation took 0.010461 seconds
Chain 3: 1000 transitions using 10 leapfrog steps per transition would take 104.61 seconds.
Chain 3: Adjust your expectations accordingly!
Chain 3: 
Chain 3: 
Chain 2: Iteration:    1 / 2000 [  0%]  (Warmup)

SAMPLING FOR MODEL 'anon_model' NOW (CHAIN 7).
Chain 4: 
Chain 4: Gradient evaluation took 0.010489 seconds
Chain 4: 1000 transitions using 10 leapfrog steps per transition would take 104.89 seconds.
Chain 4: Adjust your expectations accordingly!
Chain 4: 
Chain 4: 
Chain 3: Iteration:    1 / 2000 [  0%]  (Warmup)

SAMPLING FOR MODEL 'anon_model' NOW (CHAIN 8).
Chain 5: 
Chain 5: Gradient evaluation took 0.010217 seconds
Chain 5: 1000 transitions using 10 leapfrog steps per transition would take 102.17 seconds.
Chain 5: Adjust your expectations accordingly!
Chain 5: 
Chain 5: 
Chain 4: Iteration:    1 / 2000 [  0%]  (Warmup)

SAMPLING FOR MODEL 'anon_model' NOW (CHAIN 9).
Chain 6: 
Chain 6: Gradient evaluation took 0.010155 seconds
Chain 6: 1000 transitions using 10 leapfrog steps per transition would take 101.55 seconds.
Chain 6: Adjust your expectations accordingly!
Chain 6: 
Chain 6: 
Chain 5: Iteration:    1 / 2000 [  0%]  (Warmup)

SAMPLING FOR MODEL 'anon_model' NOW (CHAIN 10).
Chain 7: 
Chain 7: Gradient evaluation took 0.010291 seconds
Chain 7: 1000 transitions using 10 leapfrog steps per transition would take 102.91 seconds.
Chain 7: Adjust your expectations accordingly!
Chain 7: 
Chain 7: 
Chain 6: Iteration:    1 / 2000 [  0%]  (Warmup)
Chain 8: 
Chain 8: Gradient evaluation took 0.010471 seconds
Chain 8: 1000 transitions using 10 leapfrog steps per transition would take 104.71 seconds.
Chain 8: Adjust your expectations accordingly!
Chain 8: 
Chain 8: 
Chain 7: Iteration:    1 / 2000 [  0%]  (Warmup)
Chain 9: 
Chain 9: Gradient evaluation took 0.010285 seconds
Chain 9: 1000 transitions using 10 leapfrog steps per transition would take 102.85 seconds.
Chain 9: Adjust your expectations accordingly!
Chain 9: 
Chain 9: 
Chain 8: Iteration:    1 / 2000 [  0%]  (Warmup)
Chain 10: 
Chain 10: Gradient evaluation took 0.010408 seconds
Chain 10: 1000 transitions using 10 leapfrog steps per transition would take 104.08 seconds.
Chain 10: Adjust your expectations accordingly!
Chain 10: 
Chain 10: 
Chain 9: Iteration:    1 / 2000 [  0%]  (Warmup)
Chain 10: Iteration:    1 / 2000 [  0%]  (Warmup)
Chain 2: Iteration:  200 / 2000 [ 10%]  (Warmup)
Chain 8: Iteration:  200 / 2000 [ 10%]  (Warmup)
Chain 1: Iteration:  200 / 2000 [ 10%]  (Warmup)
Chain 9: Iteration:  200 / 2000 [ 10%]  (Warmup)
Chain 7: Iteration:  200 / 2000 [ 10%]  (Warmup)
Chain 5: Iteration:  200 / 2000 [ 10%]  (Warmup)
Chain 4: Iteration:  200 / 2000 [ 10%]  (Warmup)
Chain 10: Iteration:  200 / 2000 [ 10%]  (Warmup)
Chain 3: Iteration:  200 / 2000 [ 10%]  (Warmup)
Chain 6: Iteration:  200 / 2000 [ 10%]  (Warmup)
Chain 9: Iteration:  400 / 2000 [ 20%]  (Warmup)
Chain 1: Iteration:  400 / 2000 [ 20%]  (Warmup)
Chain 7: Iteration:  400 / 2000 [ 20%]  (Warmup)
Chain 8: Iteration:  400 / 2000 [ 20%]  (Warmup)
Chain 2: Iteration:  400 / 2000 [ 20%]  (Warmup)
Chain 3: Iteration:  400 / 2000 [ 20%]  (Warmup)
Chain 5: Iteration:  400 / 2000 [ 20%]  (Warmup)
Chain 4: Iteration:  400 / 2000 [ 20%]  (Warmup)
Chain 10: Iteration:  400 / 2000 [ 20%]  (Warmup)
Chain 6: Iteration:  400 / 2000 [ 20%]  (Warmup)
Chain 9: Iteration:  600 / 2000 [ 30%]  (Warmup)
Chain 7: Iteration:  600 / 2000 [ 30%]  (Warmup)
Chain 5: Iteration:  600 / 2000 [ 30%]  (Warmup)
Chain 4: Iteration:  600 / 2000 [ 30%]  (Warmup)
Chain 1: Iteration:  600 / 2000 [ 30%]  (Warmup)
Chain 3: Iteration:  600 / 2000 [ 30%]  (Warmup)
Chain 2: Iteration:  600 / 2000 [ 30%]  (Warmup)
Chain 6: Iteration:  600 / 2000 [ 30%]  (Warmup)
Chain 8: Iteration:  600 / 2000 [ 30%]  (Warmup)
Chain 9: Iteration:  800 / 2000 [ 40%]  (Warmup)
Chain 5: Iteration:  800 / 2000 [ 40%]  (Warmup)
Chain 10: Iteration:  600 / 2000 [ 30%]  (Warmup)
Chain 6: Iteration:  800 / 2000 [ 40%]  (Warmup)
Chain 7: Iteration:  800 / 2000 [ 40%]  (Warmup)
Chain 3: Iteration:  800 / 2000 [ 40%]  (Warmup)
Chain 2: Iteration:  800 / 2000 [ 40%]  (Warmup)
Chain 1: Iteration:  800 / 2000 [ 40%]  (Warmup)
Chain 4: Iteration:  800 / 2000 [ 40%]  (Warmup)
Chain 8: Iteration:  800 / 2000 [ 40%]  (Warmup)
Chain 9: Iteration: 1000 / 2000 [ 50%]  (Warmup)
Chain 9: Iteration: 1001 / 2000 [ 50%]  (Sampling)
Chain 5: Iteration: 1000 / 2000 [ 50%]  (Warmup)
Chain 5: Iteration: 1001 / 2000 [ 50%]  (Sampling)
Chain 10: Iteration:  800 / 2000 [ 40%]  (Warmup)
Chain 7: Iteration: 1000 / 2000 [ 50%]  (Warmup)
Chain 7: Iteration: 1001 / 2000 [ 50%]  (Sampling)
Chain 3: Iteration: 1000 / 2000 [ 50%]  (Warmup)
Chain 3: Iteration: 1001 / 2000 [ 50%]  (Sampling)
Chain 9: Iteration: 1200 / 2000 [ 60%]  (Sampling)
Chain 2: Iteration: 1000 / 2000 [ 50%]  (Warmup)
Chain 2: Iteration: 1001 / 2000 [ 50%]  (Sampling)
Chain 4: Iteration: 1000 / 2000 [ 50%]  (Warmup)
Chain 4: Iteration: 1001 / 2000 [ 50%]  (Sampling)
Chain 8: Iteration: 1000 / 2000 [ 50%]  (Warmup)
Chain 8: Iteration: 1001 / 2000 [ 50%]  (Sampling)
Chain 1: Iteration: 1000 / 2000 [ 50%]  (Warmup)
Chain 1: Iteration: 1001 / 2000 [ 50%]  (Sampling)
Chain 6: Iteration: 1000 / 2000 [ 50%]  (Warmup)
Chain 6: Iteration: 1001 / 2000 [ 50%]  (Sampling)
Chain 10: Iteration: 1000 / 2000 [ 50%]  (Warmup)
Chain 10: Iteration: 1001 / 2000 [ 50%]  (Sampling)
Chain 9: Iteration: 1400 / 2000 [ 70%]  (Sampling)
Chain 6: Iteration: 1200 / 2000 [ 60%]  (Sampling)
Chain 2: Iteration: 1200 / 2000 [ 60%]  (Sampling)
Chain 8: Iteration: 1200 / 2000 [ 60%]  (Sampling)
Chain 9: Iteration: 1600 / 2000 [ 80%]  (Sampling)
Chain 5: Iteration: 1200 / 2000 [ 60%]  (Sampling)
Chain 10: Iteration: 1200 / 2000 [ 60%]  (Sampling)
Chain 4: Iteration: 1200 / 2000 [ 60%]  (Sampling)
Chain 1: Iteration: 1200 / 2000 [ 60%]  (Sampling)
Chain 6: Iteration: 1400 / 2000 [ 70%]  (Sampling)
Chain 2: Iteration: 1400 / 2000 [ 70%]  (Sampling)
Chain 3: Iteration: 1200 / 2000 [ 60%]  (Sampling)
Chain 10: Iteration: 1400 / 2000 [ 70%]  (Sampling)
Chain 1: Iteration: 1400 / 2000 [ 70%]  (Sampling)
Chain 2: Iteration: 1600 / 2000 [ 80%]  (Sampling)
Chain 10: Iteration: 1600 / 2000 [ 80%]  (Sampling)
Chain 9: Iteration: 1800 / 2000 [ 90%]  (Sampling)
Chain 7: Iteration: 1200 / 2000 [ 60%]  (Sampling)
Chain 8: Iteration: 1400 / 2000 [ 70%]  (Sampling)
Chain 5: Iteration: 1400 / 2000 [ 70%]  (Sampling)
Chain 6: Iteration: 1600 / 2000 [ 80%]  (Sampling)
Chain 3: Iteration: 1400 / 2000 [ 70%]  (Sampling)
Chain 2: Iteration: 1800 / 2000 [ 90%]  (Sampling)
Chain 4: Iteration: 1400 / 2000 [ 70%]  (Sampling)
Chain 10: Iteration: 1800 / 2000 [ 90%]  (Sampling)
Chain 1: Iteration: 1600 / 2000 [ 80%]  (Sampling)
Chain 9: Iteration: 2000 / 2000 [100%]  (Sampling)
Chain 9: 
Chain 9:  Elapsed Time: 963.018 seconds (Warm-up)
Chain 9:                1201.52 seconds (Sampling)
Chain 9:                2164.54 seconds (Total)
Chain 9: 
Chain 2: Iteration: 2000 / 2000 [100%]  (Sampling)
Chain 2: 
Chain 2:  Elapsed Time: 1149.14 seconds (Warm-up)
Chain 2:                1067.46 seconds (Sampling)
Chain 2:                2216.61 seconds (Total)
Chain 2: 
Chain 10: Iteration: 2000 / 2000 [100%]  (Sampling)
Chain 10: 
Chain 10:  Elapsed Time: 1270.08 seconds (Warm-up)
Chain 10:                961.072 seconds (Sampling)
Chain 10:                2231.15 seconds (Total)
Chain 10: 
Chain 5: Iteration: 1600 / 2000 [ 80%]  (Sampling)
Chain 8: Iteration: 1600 / 2000 [ 80%]  (Sampling)
Chain 3: Iteration: 1600 / 2000 [ 80%]  (Sampling)
Chain 6: Iteration: 1800 / 2000 [ 90%]  (Sampling)
Chain 1: Iteration: 1800 / 2000 [ 90%]  (Sampling)
Chain 5: Iteration: 1800 / 2000 [ 90%]  (Sampling)
Chain 6: Iteration: 2000 / 2000 [100%]  (Sampling)
Chain 6: 
Chain 6:  Elapsed Time: 1208.16 seconds (Warm-up)
Chain 6:                1691.3 seconds (Sampling)
Chain 6:                2899.45 seconds (Total)
Chain 6: 
Chain 4: Iteration: 1600 / 2000 [ 80%]  (Sampling)
Chain 7: Iteration: 1400 / 2000 [ 70%]  (Sampling)
Chain 1: Iteration: 2000 / 2000 [100%]  (Sampling)
Chain 1: 
Chain 1:  Elapsed Time: 1182.71 seconds (Warm-up)
Chain 1:                1923.19 seconds (Sampling)
Chain 1:                3105.9 seconds (Total)
Chain 1: 
Chain 3: Iteration: 1800 / 2000 [ 90%]  (Sampling)
Chain 5: Iteration: 2000 / 2000 [100%]  (Sampling)
Chain 5: 
Chain 5:  Elapsed Time: 1067.6 seconds (Warm-up)
Chain 5:                2125.15 seconds (Sampling)
Chain 5:                3192.75 seconds (Total)
Chain 5: 
Chain 8: Iteration: 1800 / 2000 [ 90%]  (Sampling)
Chain 4: Iteration: 1800 / 2000 [ 90%]  (Sampling)
Chain 3: Iteration: 2000 / 2000 [100%]  (Sampling)
Chain 7: Iteration: 1600 / 2000 [ 80%]  (Sampling)
Chain 3: 
Chain 3:  Elapsed Time: 1131.71 seconds (Warm-up)
Chain 3:                3021.95 seconds (Sampling)
Chain 3:                4153.66 seconds (Total)
Chain 3: 
Chain 8: Iteration: 2000 / 2000 [100%]  (Sampling)
Chain 8: 
Chain 8:  Elapsed Time: 1177.42 seconds (Warm-up)
Chain 8:                3206.02 seconds (Sampling)
Chain 8:                4383.43 seconds (Total)
Chain 8: 
Chain 4: Iteration: 2000 / 2000 [100%]  (Sampling)
Chain 4: 
Chain 4:  Elapsed Time: 1155.25 seconds (Warm-up)
Chain 4:                3861.1 seconds (Sampling)
Chain 4:                5016.35 seconds (Total)
Chain 4: 
Chain 7: Iteration: 1800 / 2000 [ 90%]  (Sampling)
Chain 7: Iteration: 2000 / 2000 [100%]  (Sampling)
Chain 7: 
Chain 7:  Elapsed Time: 1108.71 seconds (Warm-up)
Chain 7:                4825.49 seconds (Sampling)
Chain 7:                5934.2 seconds (Total)
Chain 7: 
[1] "check 6"
[1] "------------3------------"
[1] "check 5"
[1] "use softmax = TRUE"

SAMPLING FOR MODEL 'anon_model' NOW (CHAIN 1).

SAMPLING FOR MODEL 'anon_model' NOW (CHAIN 2).

SAMPLING FOR MODEL 'anon_model' NOW (CHAIN 3).
Chain 1: 
Chain 1: Gradient evaluation took 0.010905 seconds
Chain 1: 1000 transitions using 10 leapfrog steps per transition would take 109.05 seconds.
Chain 1: Adjust your expectations accordingly!
Chain 1: 
Chain 1: 

SAMPLING FOR MODEL 'anon_model' NOW (CHAIN 4).
Chain 2: 
Chain 2: Gradient evaluation took 0.011005 seconds
Chain 2: 1000 transitions using 10 leapfrog steps per transition would take 110.05 seconds.
Chain 2: Adjust your expectations accordingly!
Chain 2: 
Chain 2: 
Chain 1: Iteration:    1 / 2000 [  0%]  (Warmup)

SAMPLING FOR MODEL 'anon_model' NOW (CHAIN 5).
Chain 3: 
Chain 3: Gradient evaluation took 0.011199 seconds
Chain 3: 1000 transitions using 10 leapfrog steps per transition would take 111.99 seconds.
Chain 3: Adjust your expectations accordingly!
Chain 3: 
Chain 3: 
Chain 2: Iteration:    1 / 2000 [  0%]  (Warmup)

SAMPLING FOR MODEL 'anon_model' NOW (CHAIN 6).
Chain 4: 
Chain 4: Gradient evaluation took 0.010917 seconds
Chain 4: 1000 transitions using 10 leapfrog steps per transition would take 109.17 seconds.
Chain 4: Adjust your expectations accordingly!
Chain 4: 
Chain 4: 
Chain 3: Iteration:    1 / 2000 [  0%]  (Warmup)

SAMPLING FOR MODEL 'anon_model' NOW (CHAIN 7).
Chain 5: 
Chain 5: Gradient evaluation took 0.010638 seconds
Chain 5: 1000 transitions using 10 leapfrog steps per transition would take 106.38 seconds.
Chain 5: Adjust your expectations accordingly!
Chain 5: 
Chain 5: 
Chain 4: Iteration:    1 / 2000 [  0%]  (Warmup)

SAMPLING FOR MODEL 'anon_model' NOW (CHAIN 8).
Chain 6: 
Chain 6: Gradient evaluation took 0.01071 seconds
Chain 6: 1000 transitions using 10 leapfrog steps per transition would take 107.1 seconds.
Chain 6: Adjust your expectations accordingly!
Chain 6: 
Chain 6: 
Chain 5: Iteration:    1 / 2000 [  0%]  (Warmup)

SAMPLING FOR MODEL 'anon_model' NOW (CHAIN 9).
Chain 7: 
Chain 7: Gradient evaluation took 0.010646 seconds
Chain 7: 1000 transitions using 10 leapfrog steps per transition would take 106.46 seconds.
Chain 7: Adjust your expectations accordingly!
Chain 7: 
Chain 7: 
Chain 6: Iteration:    1 / 2000 [  0%]  (Warmup)

SAMPLING FOR MODEL 'anon_model' NOW (CHAIN 10).
Chain 8: 
Chain 8: Gradient evaluation took 0.010932 seconds
Chain 8: 1000 transitions using 10 leapfrog steps per transition would take 109.32 seconds.
Chain 8: Adjust your expectations accordingly!
Chain 8: 
Chain 8: 
Chain 7: Iteration:    1 / 2000 [  0%]  (Warmup)
Chain 9: 
Chain 9: Gradient evaluation took 0.010969 seconds
Chain 9: 1000 transitions using 10 leapfrog steps per transition would take 109.69 seconds.
Chain 9: Adjust your expectations accordingly!
Chain 9: 
Chain 9: 
Chain 8: Iteration:    1 / 2000 [  0%]  (Warmup)
Chain 10: 
Chain 10: Gradient evaluation took 0.010906 seconds
Chain 10: 1000 transitions using 10 leapfrog steps per transition would take 109.06 seconds.
Chain 10: Adjust your expectations accordingly!
Chain 10: 
Chain 10: 
Chain 9: Iteration:    1 / 2000 [  0%]  (Warmup)
Chain 10: Iteration:    1 / 2000 [  0%]  (Warmup)
Chain 9: Iteration:  200 / 2000 [ 10%]  (Warmup)
Chain 4: Iteration:  200 / 2000 [ 10%]  (Warmup)
Chain 8: Iteration:  200 / 2000 [ 10%]  (Warmup)
Chain 6: Iteration:  200 / 2000 [ 10%]  (Warmup)
Chain 3: Iteration:  200 / 2000 [ 10%]  (Warmup)
Chain 7: Iteration:  200 / 2000 [ 10%]  (Warmup)
Chain 2: Iteration:  200 / 2000 [ 10%]  (Warmup)
Chain 5: Iteration:  200 / 2000 [ 10%]  (Warmup)
Chain 1: Iteration:  200 / 2000 [ 10%]  (Warmup)
Chain 10: Iteration:  200 / 2000 [ 10%]  (Warmup)
Chain 8: Iteration:  400 / 2000 [ 20%]  (Warmup)
Chain 7: Iteration:  400 / 2000 [ 20%]  (Warmup)
Chain 9: Iteration:  400 / 2000 [ 20%]  (Warmup)
Chain 4: Iteration:  400 / 2000 [ 20%]  (Warmup)
Chain 3: Iteration:  400 / 2000 [ 20%]  (Warmup)
Chain 5: Iteration:  400 / 2000 [ 20%]  (Warmup)
Chain 1: Iteration:  400 / 2000 [ 20%]  (Warmup)
Chain 2: Iteration:  400 / 2000 [ 20%]  (Warmup)
Chain 10: Iteration:  400 / 2000 [ 20%]  (Warmup)
Chain 6: Iteration:  400 / 2000 [ 20%]  (Warmup)
Chain 8: Iteration:  600 / 2000 [ 30%]  (Warmup)
Chain 7: Iteration:  600 / 2000 [ 30%]  (Warmup)
Chain 4: Iteration:  600 / 2000 [ 30%]  (Warmup)
Chain 5: Iteration:  600 / 2000 [ 30%]  (Warmup)
Chain 1: Iteration:  600 / 2000 [ 30%]  (Warmup)
Chain 9: Iteration:  600 / 2000 [ 30%]  (Warmup)
Chain 3: Iteration:  600 / 2000 [ 30%]  (Warmup)
Chain 4: Iteration:  800 / 2000 [ 40%]  (Warmup)
Chain 8: Iteration:  800 / 2000 [ 40%]  (Warmup)
Chain 2: Iteration:  600 / 2000 [ 30%]  (Warmup)
Chain 1: Iteration:  800 / 2000 [ 40%]  (Warmup)
Chain 6: Iteration:  600 / 2000 [ 30%]  (Warmup)
Chain 5: Iteration:  800 / 2000 [ 40%]  (Warmup)
Chain 7: Iteration:  800 / 2000 [ 40%]  (Warmup)
Chain 10: Iteration:  600 / 2000 [ 30%]  (Warmup)
Chain 2: Iteration:  800 / 2000 [ 40%]  (Warmup)
Chain 3: Iteration:  800 / 2000 [ 40%]  (Warmup)
Chain 8: Iteration: 1000 / 2000 [ 50%]  (Warmup)
Chain 8: Iteration: 1001 / 2000 [ 50%]  (Sampling)
Chain 5: Iteration: 1000 / 2000 [ 50%]  (Warmup)
Chain 5: Iteration: 1001 / 2000 [ 50%]  (Sampling)
Chain 1: Iteration: 1000 / 2000 [ 50%]  (Warmup)
Chain 1: Iteration: 1001 / 2000 [ 50%]  (Sampling)
Chain 9: Iteration:  800 / 2000 [ 40%]  (Warmup)
Chain 4: Iteration: 1000 / 2000 [ 50%]  (Warmup)
Chain 4: Iteration: 1001 / 2000 [ 50%]  (Sampling)
Chain 7: Iteration: 1000 / 2000 [ 50%]  (Warmup)
Chain 7: Iteration: 1001 / 2000 [ 50%]  (Sampling)
Chain 10: Iteration:  800 / 2000 [ 40%]  (Warmup)
Chain 5: Iteration: 1200 / 2000 [ 60%]  (Sampling)
Chain 6: Iteration:  800 / 2000 [ 40%]  (Warmup)
Chain 2: Iteration: 1000 / 2000 [ 50%]  (Warmup)
Chain 2: Iteration: 1001 / 2000 [ 50%]  (Sampling)
Chain 3: Iteration: 1000 / 2000 [ 50%]  (Warmup)
Chain 3: Iteration: 1001 / 2000 [ 50%]  (Sampling)
Chain 1: Iteration: 1200 / 2000 [ 60%]  (Sampling)
Chain 8: Iteration: 1200 / 2000 [ 60%]  (Sampling)
Chain 9: Iteration: 1000 / 2000 [ 50%]  (Warmup)
Chain 9: Iteration: 1001 / 2000 [ 50%]  (Sampling)
Chain 5: Iteration: 1400 / 2000 [ 70%]  (Sampling)
Chain 2: Iteration: 1200 / 2000 [ 60%]  (Sampling)
Chain 4: Iteration: 1200 / 2000 [ 60%]  (Sampling)
Chain 6: Iteration: 1000 / 2000 [ 50%]  (Warmup)
Chain 6: Iteration: 1001 / 2000 [ 50%]  (Sampling)
Chain 3: Iteration: 1200 / 2000 [ 60%]  (Sampling)
Chain 10: Iteration: 1000 / 2000 [ 50%]  (Warmup)
Chain 10: Iteration: 1001 / 2000 [ 50%]  (Sampling)
Chain 7: Iteration: 1200 / 2000 [ 60%]  (Sampling)
Chain 2: Iteration: 1400 / 2000 [ 70%]  (Sampling)
Chain 9: Iteration: 1200 / 2000 [ 60%]  (Sampling)
Chain 8: Iteration: 1400 / 2000 [ 70%]  (Sampling)
Chain 3: Iteration: 1400 / 2000 [ 70%]  (Sampling)
Chain 5: Iteration: 1600 / 2000 [ 80%]  (Sampling)
Chain 4: Iteration: 1400 / 2000 [ 70%]  (Sampling)
Chain 1: Iteration: 1400 / 2000 [ 70%]  (Sampling)
Chain 10: Iteration: 1200 / 2000 [ 60%]  (Sampling)
Chain 6: Iteration: 1200 / 2000 [ 60%]  (Sampling)
Chain 2: Iteration: 1600 / 2000 [ 80%]  (Sampling)
Chain 5: Iteration: 1800 / 2000 [ 90%]  (Sampling)
Chain 4: Iteration: 1600 / 2000 [ 80%]  (Sampling)
Chain 3: Iteration: 1600 / 2000 [ 80%]  (Sampling)
Chain 9: Iteration: 1400 / 2000 [ 70%]  (Sampling)
Chain 7: Iteration: 1400 / 2000 [ 70%]  (Sampling)
Chain 10: Iteration: 1400 / 2000 [ 70%]  (Sampling)
Chain 6: Iteration: 1400 / 2000 [ 70%]  (Sampling)
Chain 1: Iteration: 1600 / 2000 [ 80%]  (Sampling)
Chain 2: Iteration: 1800 / 2000 [ 90%]  (Sampling)
Chain 8: Iteration: 1600 / 2000 [ 80%]  (Sampling)
Chain 5: Iteration: 2000 / 2000 [100%]  (Sampling)
Chain 5: 
Chain 5:  Elapsed Time: 942.873 seconds (Warm-up)
Chain 5:                1571.62 seconds (Sampling)
Chain 5:                2514.49 seconds (Total)
Chain 5: 
Chain 1: Iteration: 1800 / 2000 [ 90%]  (Sampling)
Chain 3: Iteration: 1800 / 2000 [ 90%]  (Sampling)
Chain 4: Iteration: 1800 / 2000 [ 90%]  (Sampling)
Chain 1: Iteration: 2000 / 2000 [100%]  (Sampling)
Chain 1: 
Chain 1:  Elapsed Time: 967.42 seconds (Warm-up)
Chain 1:                2034.15 seconds (Sampling)
Chain 1:                3001.57 seconds (Total)
Chain 1: 
Chain 6: Iteration: 1600 / 2000 [ 80%]  (Sampling)
Chain 2: Iteration: 2000 / 2000 [100%]  (Sampling)
Chain 2: 
Chain 2:  Elapsed Time: 1234.78 seconds (Warm-up)
Chain 2:                1883.31 seconds (Sampling)
Chain 2:                3118.09 seconds (Total)
Chain 2: 
Chain 9: Iteration: 1600 / 2000 [ 80%]  (Sampling)
Chain 7: Iteration: 1600 / 2000 [ 80%]  (Sampling)
Chain 6: Iteration: 1800 / 2000 [ 90%]  (Sampling)
Chain 10: Iteration: 1600 / 2000 [ 80%]  (Sampling)
Chain 8: Iteration: 1800 / 2000 [ 90%]  (Sampling)
Chain 4: Iteration: 2000 / 2000 [100%]  (Sampling)
Chain 4: 
Chain 4:  Elapsed Time: 1049.94 seconds (Warm-up)
Chain 4:                2678.78 seconds (Sampling)
Chain 4:                3728.72 seconds (Total)
Chain 4: 
Chain 9: Iteration: 1800 / 2000 [ 90%]  (Sampling)
Chain 6: Iteration: 2000 / 2000 [100%]  (Sampling)
Chain 6: 
Chain 6:  Elapsed Time: 1432.78 seconds (Warm-up)
Chain 6:                2548.12 seconds (Sampling)
Chain 6:                3980.9 seconds (Total)
Chain 6: 
Chain 3: Iteration: 2000 / 2000 [100%]  (Sampling)
Chain 3: 
Chain 3:  Elapsed Time: 1286.2 seconds (Warm-up)
Chain 3:                2833.31 seconds (Sampling)
Chain 3:                4119.51 seconds (Total)
Chain 3: 
Chain 7: Iteration: 1800 / 2000 [ 90%]  (Sampling)
Chain 10: Iteration: 1800 / 2000 [ 90%]  (Sampling)
Chain 8: Iteration: 2000 / 2000 [100%]  (Sampling)
Chain 8: 
Chain 8:  Elapsed Time: 927.053 seconds (Warm-up)
Chain 8:                3739.6 seconds (Sampling)
Chain 8:                4666.65 seconds (Total)
Chain 8: 
Chain 9: Iteration: 2000 / 2000 [100%]  (Sampling)
Chain 9: 
Chain 9:  Elapsed Time: 1340.21 seconds (Warm-up)
Chain 9:                3374.23 seconds (Sampling)
Chain 9:                4714.44 seconds (Total)
Chain 9: 
Chain 7: Iteration: 2000 / 2000 [100%]  (Sampling)
Chain 7: 
Chain 7:  Elapsed Time: 1079.09 seconds (Warm-up)
Chain 7:                4288.87 seconds (Sampling)
Chain 7:                5367.96 seconds (Total)
Chain 7: 
Chain 10: Iteration: 2000 / 2000 [100%]  (Sampling)
Chain 10: 
Chain 10:  Elapsed Time: 1472.51 seconds (Warm-up)
Chain 10:                4070.98 seconds (Sampling)
Chain 10:                5543.49 seconds (Total)
Chain 10: 
[1] "check 6"
[1] "------------4------------"
[1] "check 5"
[1] "use softmax = TRUE"

SAMPLING FOR MODEL 'anon_model' NOW (CHAIN 1).

SAMPLING FOR MODEL 'anon_model' NOW (CHAIN 2).

SAMPLING FOR MODEL 'anon_model' NOW (CHAIN 3).

SAMPLING FOR MODEL 'anon_model' NOW (CHAIN 4).

SAMPLING FOR MODEL 'anon_model' NOW (CHAIN 5).
Chain 1: 
Chain 1: Gradient evaluation took 0.014639 seconds
Chain 1: 1000 transitions using 10 leapfrog steps per transition would take 146.39 seconds.
Chain 1: Adjust your expectations accordingly!
Chain 1: 
Chain 1: 

SAMPLING FOR MODEL 'anon_model' NOW (CHAIN 6).
Chain 2: 
Chain 2: Gradient evaluation took 0.014574 seconds
Chain 2: 1000 transitions using 10 leapfrog steps per transition would take 145.74 seconds.
Chain 2: Adjust your expectations accordingly!
Chain 2: 
Chain 2: 

SAMPLING FOR MODEL 'anon_model' NOW (CHAIN 7).
Chain 1: Iteration:    1 / 2000 [  0%]  (Warmup)
Chain 3: 
Chain 3: Gradient evaluation took 0.014235 seconds
Chain 3: 1000 transitions using 10 leapfrog steps per transition would take 142.35 seconds.
Chain 3: Adjust your expectations accordingly!
Chain 3: 
Chain 3: 
Chain 2: Iteration:    1 / 2000 [  0%]  (Warmup)

SAMPLING FOR MODEL 'anon_model' NOW (CHAIN 8).
Chain 4: 
Chain 4: Gradient evaluation took 0.012987 seconds
Chain 4: 1000 transitions using 10 leapfrog steps per transition would take 129.87 seconds.
Chain 4: Adjust your expectations accordingly!
Chain 4: 
Chain 4: 
Chain 3: Iteration:    1 / 2000 [  0%]  (Warmup)

SAMPLING FOR MODEL 'anon_model' NOW (CHAIN 9).
Chain 5: 
Chain 5: Gradient evaluation took 0.013592 seconds
Chain 5: 1000 transitions using 10 leapfrog steps per transition would take 135.92 seconds.
Chain 5: Adjust your expectations accordingly!
Chain 5: 
Chain 5: 
Chain 4: Iteration:    1 / 2000 [  0%]  (Warmup)

SAMPLING FOR MODEL 'anon_model' NOW (CHAIN 10).
Chain 6: 
Chain 6: Gradient evaluation took 0.013334 seconds
Chain 6: 1000 transitions using 10 leapfrog steps per transition would take 133.34 seconds.
Chain 6: Adjust your expectations accordingly!
Chain 6: 
Chain 6: 
Chain 5: Iteration:    1 / 2000 [  0%]  (Warmup)
Chain 7: 
Chain 7: Gradient evaluation took 0.01307 seconds
Chain 7: 1000 transitions using 10 leapfrog steps per transition would take 130.7 seconds.
Chain 7: Adjust your expectations accordingly!
Chain 7: 
Chain 7: 
Chain 6: Iteration:    1 / 2000 [  0%]  (Warmup)
Chain 8: 
Chain 8: Gradient evaluation took 0.013658 seconds
Chain 8: 1000 transitions using 10 leapfrog steps per transition would take 136.58 seconds.
Chain 8: Adjust your expectations accordingly!
Chain 8: 
Chain 8: 
Chain 7: Iteration:    1 / 2000 [  0%]  (Warmup)
Chain 9: 
Chain 9: Gradient evaluation took 0.013916 seconds
Chain 9: 1000 transitions using 10 leapfrog steps per transition would take 139.16 seconds.
Chain 9: Adjust your expectations accordingly!
Chain 9: 
Chain 9: 
Chain 8: Iteration:    1 / 2000 [  0%]  (Warmup)
Chain 10: 
Chain 10: Gradient evaluation took 0.013451 seconds
Chain 10: 1000 transitions using 10 leapfrog steps per transition would take 134.51 seconds.
Chain 10: Adjust your expectations accordingly!
Chain 10: 
Chain 10: 
Chain 9: Iteration:    1 / 2000 [  0%]  (Warmup)
Chain 10: Iteration:    1 / 2000 [  0%]  (Warmup)
Chain 1: Iteration:  200 / 2000 [ 10%]  (Warmup)
Chain 2: Iteration:  200 / 2000 [ 10%]  (Warmup)
Chain 9: Iteration:  200 / 2000 [ 10%]  (Warmup)
Chain 8: Iteration:  200 / 2000 [ 10%]  (Warmup)
Chain 7: Iteration:  200 / 2000 [ 10%]  (Warmup)
Chain 6: Iteration:  200 / 2000 [ 10%]  (Warmup)
Chain 3: Iteration:  200 / 2000 [ 10%]  (Warmup)
Chain 4: Iteration:  200 / 2000 [ 10%]  (Warmup)
Chain 5: Iteration:  200 / 2000 [ 10%]  (Warmup)
Chain 10: Iteration:  200 / 2000 [ 10%]  (Warmup)
Chain 1: Iteration:  400 / 2000 [ 20%]  (Warmup)
Chain 7: Iteration:  400 / 2000 [ 20%]  (Warmup)
Chain 2: Iteration:  400 / 2000 [ 20%]  (Warmup)
Chain 9: Iteration:  400 / 2000 [ 20%]  (Warmup)
Chain 3: Iteration:  400 / 2000 [ 20%]  (Warmup)
Chain 8: Iteration:  400 / 2000 [ 20%]  (Warmup)
Chain 1: Iteration:  600 / 2000 [ 30%]  (Warmup)
Chain 5: Iteration:  400 / 2000 [ 20%]  (Warmup)
Chain 4: Iteration:  400 / 2000 [ 20%]  (Warmup)
Chain 6: Iteration:  400 / 2000 [ 20%]  (Warmup)
Chain 10: Iteration:  400 / 2000 [ 20%]  (Warmup)
Chain 1: Iteration:  800 / 2000 [ 40%]  (Warmup)
Chain 3: Iteration:  600 / 2000 [ 30%]  (Warmup)
Chain 9: Iteration:  600 / 2000 [ 30%]  (Warmup)
Chain 8: Iteration:  600 / 2000 [ 30%]  (Warmup)
Chain 2: Iteration:  600 / 2000 [ 30%]  (Warmup)
Chain 7: Iteration:  600 / 2000 [ 30%]  (Warmup)
Chain 6: Iteration:  600 / 2000 [ 30%]  (Warmup)
Chain 4: Iteration:  600 / 2000 [ 30%]  (Warmup)
Chain 5: Iteration:  600 / 2000 [ 30%]  (Warmup)
Chain 1: Iteration: 1000 / 2000 [ 50%]  (Warmup)
Chain 1: Iteration: 1001 / 2000 [ 50%]  (Sampling)
Chain 10: Iteration:  600 / 2000 [ 30%]  (Warmup)
Chain 9: Iteration:  800 / 2000 [ 40%]  (Warmup)
Chain 6: Iteration:  800 / 2000 [ 40%]  (Warmup)
Chain 2: Iteration:  800 / 2000 [ 40%]  (Warmup)
Chain 5: Iteration:  800 / 2000 [ 40%]  (Warmup)
Chain 4: Iteration:  800 / 2000 [ 40%]  (Warmup)
Chain 3: Iteration:  800 / 2000 [ 40%]  (Warmup)
Chain 1: Iteration: 1200 / 2000 [ 60%]  (Sampling)
Chain 7: Iteration:  800 / 2000 [ 40%]  (Warmup)
Chain 8: Iteration:  800 / 2000 [ 40%]  (Warmup)
Chain 6: Iteration: 1000 / 2000 [ 50%]  (Warmup)
Chain 6: Iteration: 1001 / 2000 [ 50%]  (Sampling)
Chain 9: Iteration: 1000 / 2000 [ 50%]  (Warmup)
Chain 9: Iteration: 1001 / 2000 [ 50%]  (Sampling)
Chain 10: Iteration:  800 / 2000 [ 40%]  (Warmup)
Chain 2: Iteration: 1000 / 2000 [ 50%]  (Warmup)
Chain 2: Iteration: 1001 / 2000 [ 50%]  (Sampling)
Chain 4: Iteration: 1000 / 2000 [ 50%]  (Warmup)
Chain 4: Iteration: 1001 / 2000 [ 50%]  (Sampling)
Chain 3: Iteration: 1000 / 2000 [ 50%]  (Warmup)
Chain 3: Iteration: 1001 / 2000 [ 50%]  (Sampling)
Chain 6: Iteration: 1200 / 2000 [ 60%]  (Sampling)
Chain 5: Iteration: 1000 / 2000 [ 50%]  (Warmup)
Chain 5: Iteration: 1001 / 2000 [ 50%]  (Sampling)
Chain 1: Iteration: 1400 / 2000 [ 70%]  (Sampling)
Chain 7: Iteration: 1000 / 2000 [ 50%]  (Warmup)
Chain 7: Iteration: 1001 / 2000 [ 50%]  (Sampling)
Chain 8: Iteration: 1000 / 2000 [ 50%]  (Warmup)
Chain 8: Iteration: 1001 / 2000 [ 50%]  (Sampling)
Chain 2: Iteration: 1200 / 2000 [ 60%]  (Sampling)
Chain 9: Iteration: 1200 / 2000 [ 60%]  (Sampling)
Chain 10: Iteration: 1000 / 2000 [ 50%]  (Warmup)
Chain 10: Iteration: 1001 / 2000 [ 50%]  (Sampling)
Chain 3: Iteration: 1200 / 2000 [ 60%]  (Sampling)
Chain 1: Iteration: 1600 / 2000 [ 80%]  (Sampling)
Chain 4: Iteration: 1200 / 2000 [ 60%]  (Sampling)
Chain 3: Iteration: 1400 / 2000 [ 70%]  (Sampling)
Chain 6: Iteration: 1400 / 2000 [ 70%]  (Sampling)
Chain 4: Iteration: 1400 / 2000 [ 70%]  (Sampling)
Chain 9: Iteration: 1400 / 2000 [ 70%]  (Sampling)
Chain 7: Iteration: 1200 / 2000 [ 60%]  (Sampling)
Chain 2: Iteration: 1400 / 2000 [ 70%]  (Sampling)
Chain 9: Iteration: 1600 / 2000 [ 80%]  (Sampling)
Chain 6: Iteration: 1600 / 2000 [ 80%]  (Sampling)
Chain 8: Iteration: 1200 / 2000 [ 60%]  (Sampling)
Chain 2: Iteration: 1600 / 2000 [ 80%]  (Sampling)
Chain 10: Iteration: 1200 / 2000 [ 60%]  (Sampling)
Chain 1: Iteration: 1800 / 2000 [ 90%]  (Sampling)
Chain 7: Iteration: 1400 / 2000 [ 70%]  (Sampling)
Chain 2: Iteration: 1800 / 2000 [ 90%]  (Sampling)
Chain 5: Iteration: 1200 / 2000 [ 60%]  (Sampling)
Chain 6: Iteration: 1800 / 2000 [ 90%]  (Sampling)
Chain 3: Iteration: 1600 / 2000 [ 80%]  (Sampling)
Chain 4: Iteration: 1600 / 2000 [ 80%]  (Sampling)
Chain 2: Iteration: 2000 / 2000 [100%]  (Sampling)
Chain 8: Iteration: 1400 / 2000 [ 70%]  (Sampling)
Chain 2: 
Chain 2:  Elapsed Time: 1351.95 seconds (Warm-up)
Chain 2:                1407.37 seconds (Sampling)
Chain 2:                2759.32 seconds (Total)
Chain 2: 
Chain 9: Iteration: 1800 / 2000 [ 90%]  (Sampling)
Chain 10: Iteration: 1400 / 2000 [ 70%]  (Sampling)
Chain 1: Iteration: 2000 / 2000 [100%]  (Sampling)
Chain 1: 
Chain 1:  Elapsed Time: 902.015 seconds (Warm-up)
Chain 1:                1952.53 seconds (Sampling)
Chain 1:                2854.54 seconds (Total)
Chain 1: 
Chain 4: Iteration: 1800 / 2000 [ 90%]  (Sampling)
Chain 5: Iteration: 1400 / 2000 [ 70%]  (Sampling)
Chain 6: Iteration: 2000 / 2000 [100%]  (Sampling)
Chain 6: 
Chain 6:  Elapsed Time: 1250.87 seconds (Warm-up)
Chain 6:                1814.08 seconds (Sampling)
Chain 6:                3064.95 seconds (Total)
Chain 6: 
Chain 3: Iteration: 1800 / 2000 [ 90%]  (Sampling)
Chain 10: Iteration: 1600 / 2000 [ 80%]  (Sampling)
Chain 7: Iteration: 1600 / 2000 [ 80%]  (Sampling)
Chain 4: Iteration: 2000 / 2000 [100%]  (Sampling)
Chain 4: 
Chain 4:  Elapsed Time: 1497.71 seconds (Warm-up)
Chain 4:                1956.6 seconds (Sampling)
Chain 4:                3454.31 seconds (Total)
Chain 4: 
Chain 10: Iteration: 1800 / 2000 [ 90%]  (Sampling)
Chain 5: Iteration: 1600 / 2000 [ 80%]  (Sampling)
Chain 9: Iteration: 2000 / 2000 [100%]  (Sampling)
Chain 9: 
Chain 9:  Elapsed Time: 1270.69 seconds (Warm-up)
Chain 9:                2400.95 seconds (Sampling)
Chain 9:                3671.63 seconds (Total)
Chain 9: 
Chain 8: Iteration: 1600 / 2000 [ 80%]  (Sampling)
Chain 10: Iteration: 2000 / 2000 [100%]  (Sampling)
Chain 10: 
Chain 10:  Elapsed Time: 1634.65 seconds (Warm-up)
Chain 10:                2337.91 seconds (Sampling)
Chain 10:                3972.57 seconds (Total)
Chain 10: 
Chain 3: Iteration: 2000 / 2000 [100%]  (Sampling)
Chain 3: 
Chain 3:  Elapsed Time: 1506.56 seconds (Warm-up)
Chain 3:                2582.34 seconds (Sampling)
Chain 3:                4088.9 seconds (Total)
Chain 3: 
Chain 5: Iteration: 1800 / 2000 [ 90%]  (Sampling)
Chain 7: Iteration: 1800 / 2000 [ 90%]  (Sampling)
Chain 8: Iteration: 1800 / 2000 [ 90%]  (Sampling)
Chain 5: Iteration: 2000 / 2000 [100%]  (Sampling)
Chain 5: 
Chain 5:  Elapsed Time: 1511.05 seconds (Warm-up)
Chain 5:                3389.4 seconds (Sampling)
Chain 5:                4900.45 seconds (Total)
Chain 5: 
Chain 8: Iteration: 2000 / 2000 [100%]  (Sampling)
Chain 8: 
Chain 8:  Elapsed Time: 1591.61 seconds (Warm-up)
Chain 8:                3530.77 seconds (Sampling)
Chain 8:                5122.39 seconds (Total)
Chain 8: 
Chain 7: Iteration: 2000 / 2000 [100%]  (Sampling)
Chain 7: 
Chain 7:  Elapsed Time: 1521.93 seconds (Warm-up)
Chain 7:                3862.89 seconds (Sampling)
Chain 7:                5384.81 seconds (Total)
Chain 7: 
[1] "check 6"
[1] "------------5------------"
[1] "check 5"
[1] "use softmax = TRUE"

SAMPLING FOR MODEL 'anon_model' NOW (CHAIN 1).

SAMPLING FOR MODEL 'anon_model' NOW (CHAIN 2).

SAMPLING FOR MODEL 'anon_model' NOW (CHAIN 3).

SAMPLING FOR MODEL 'anon_model' NOW (CHAIN 4).

SAMPLING FOR MODEL 'anon_model' NOW (CHAIN 5).

SAMPLING FOR MODEL 'anon_model' NOW (CHAIN 6).

SAMPLING FOR MODEL 'anon_model' NOW (CHAIN 7).

SAMPLING FOR MODEL 'anon_model' NOW (CHAIN 8).
Chain 1: 
Chain 1: Gradient evaluation took 0.010646 seconds
Chain 1: 1000 transitions using 10 leapfrog steps per transition would take 106.46 seconds.
Chain 1: Adjust your expectations accordingly!
Chain 1: 
Chain 1: 

SAMPLING FOR MODEL 'anon_model' NOW (CHAIN 9).
Chain 2: 
Chain 2: Gradient evaluation took 0.010797 seconds
Chain 2: 1000 transitions using 10 leapfrog steps per transition would take 107.97 seconds.
Chain 2: Adjust your expectations accordingly!
Chain 2: 
Chain 2: 

SAMPLING FOR MODEL 'anon_model' NOW (CHAIN 10).
Chain 1: Iteration:    1 / 2000 [  0%]  (Warmup)
Chain 3: 
Chain 3: Gradient evaluation took 0.011016 seconds
Chain 3: 1000 transitions using 10 leapfrog steps per transition would take 110.16 seconds.
Chain 3: Adjust your expectations accordingly!
Chain 3: 
Chain 3: 
Chain 2: Iteration:    1 / 2000 [  0%]  (Warmup)
Chain 4: 
Chain 4: Gradient evaluation took 0.011173 seconds
Chain 4: 1000 transitions using 10 leapfrog steps per transition would take 111.73 seconds.
Chain 4: Adjust your expectations accordingly!
Chain 4: 
Chain 4: 
Chain 3: Iteration:    1 / 2000 [  0%]  (Warmup)
Chain 5: 
Chain 5: Gradient evaluation took 0.011059 seconds
Chain 5: 1000 transitions using 10 leapfrog steps per transition would take 110.59 seconds.
Chain 5: Adjust your expectations accordingly!
Chain 5: 
Chain 5: 
Chain 4: Iteration:    1 / 2000 [  0%]  (Warmup)
Chain 6: 
Chain 6: Gradient evaluation took 0.011081 seconds
Chain 6: 1000 transitions using 10 leapfrog steps per transition would take 110.81 seconds.
Chain 6: Adjust your expectations accordingly!
Chain 6: 
Chain 6: 
Chain 5: Iteration:    1 / 2000 [  0%]  (Warmup)
Chain 7: 
Chain 7: Gradient evaluation took 0.011192 seconds
Chain 7: 1000 transitions using 10 leapfrog steps per transition would take 111.92 seconds.
Chain 7: Adjust your expectations accordingly!
Chain 7: 
Chain 7: 
Chain 6: Iteration:    1 / 2000 [  0%]  (Warmup)
Chain 8: 
Chain 8: Gradient evaluation took 0.011282 seconds
Chain 8: 1000 transitions using 10 leapfrog steps per transition would take 112.82 seconds.
Chain 8: Adjust your expectations accordingly!
Chain 8: 
Chain 8: 
Chain 7: Iteration:    1 / 2000 [  0%]  (Warmup)
Chain 9: 
Chain 9: Gradient evaluation took 0.011179 seconds
Chain 9: 1000 transitions using 10 leapfrog steps per transition would take 111.79 seconds.
Chain 9: Adjust your expectations accordingly!
Chain 9: 
Chain 9: 
Chain 8: Iteration:    1 / 2000 [  0%]  (Warmup)
Chain 10: 
Chain 10: Gradient evaluation took 0.011081 seconds
Chain 10: 1000 transitions using 10 leapfrog steps per transition would take 110.81 seconds.
Chain 10: Adjust your expectations accordingly!
Chain 10: 
Chain 10: 
Chain 9: Iteration:    1 / 2000 [  0%]  (Warmup)
Chain 10: Iteration:    1 / 2000 [  0%]  (Warmup)
Chain 4: Iteration:  200 / 2000 [ 10%]  (Warmup)
Chain 1: Iteration:  200 / 2000 [ 10%]  (Warmup)
Chain 7: Iteration:  200 / 2000 [ 10%]  (Warmup)
Chain 3: Iteration:  200 / 2000 [ 10%]  (Warmup)
Chain 5: Iteration:  200 / 2000 [ 10%]  (Warmup)
Chain 8: Iteration:  200 / 2000 [ 10%]  (Warmup)
Chain 2: Iteration:  200 / 2000 [ 10%]  (Warmup)
Chain 9: Iteration:  200 / 2000 [ 10%]  (Warmup)
Chain 6: Iteration:  200 / 2000 [ 10%]  (Warmup)
Chain 10: Iteration:  200 / 2000 [ 10%]  (Warmup)
Chain 2: Iteration:  400 / 2000 [ 20%]  (Warmup)
Chain 7: Iteration:  400 / 2000 [ 20%]  (Warmup)
Chain 8: Iteration:  400 / 2000 [ 20%]  (Warmup)
Chain 1: Iteration:  400 / 2000 [ 20%]  (Warmup)
Chain 4: Iteration:  400 / 2000 [ 20%]  (Warmup)
Chain 3: Iteration:  400 / 2000 [ 20%]  (Warmup)
Chain 6: Iteration:  400 / 2000 [ 20%]  (Warmup)
Chain 10: Iteration:  400 / 2000 [ 20%]  (Warmup)
Chain 5: Iteration:  400 / 2000 [ 20%]  (Warmup)
Chain 9: Iteration:  400 / 2000 [ 20%]  (Warmup)
Chain 2: Iteration:  600 / 2000 [ 30%]  (Warmup)
Chain 4: Iteration:  600 / 2000 [ 30%]  (Warmup)
Chain 3: Iteration:  600 / 2000 [ 30%]  (Warmup)
Chain 8: Iteration:  600 / 2000 [ 30%]  (Warmup)
Chain 7: Iteration:  600 / 2000 [ 30%]  (Warmup)
Chain 10: Iteration:  600 / 2000 [ 30%]  (Warmup)
Chain 1: Iteration:  600 / 2000 [ 30%]  (Warmup)
Chain 8: Iteration:  800 / 2000 [ 40%]  (Warmup)
Chain 5: Iteration:  600 / 2000 [ 30%]  (Warmup)
Chain 9: Iteration:  600 / 2000 [ 30%]  (Warmup)
Chain 4: Iteration:  800 / 2000 [ 40%]  (Warmup)
Chain 2: Iteration:  800 / 2000 [ 40%]  (Warmup)
Chain 6: Iteration:  600 / 2000 [ 30%]  (Warmup)
Chain 1: Iteration:  800 / 2000 [ 40%]  (Warmup)
Chain 7: Iteration:  800 / 2000 [ 40%]  (Warmup)
Chain 3: Iteration:  800 / 2000 [ 40%]  (Warmup)
Chain 2: Iteration: 1000 / 2000 [ 50%]  (Warmup)
Chain 2: Iteration: 1001 / 2000 [ 50%]  (Sampling)
Chain 8: Iteration: 1000 / 2000 [ 50%]  (Warmup)
Chain 8: Iteration: 1001 / 2000 [ 50%]  (Sampling)
Chain 10: Iteration:  800 / 2000 [ 40%]  (Warmup)
Chain 9: Iteration:  800 / 2000 [ 40%]  (Warmup)
Chain 4: Iteration: 1000 / 2000 [ 50%]  (Warmup)
Chain 4: Iteration: 1001 / 2000 [ 50%]  (Sampling)
Chain 2: Iteration: 1200 / 2000 [ 60%]  (Sampling)
Chain 1: Iteration: 1000 / 2000 [ 50%]  (Warmup)
Chain 1: Iteration: 1001 / 2000 [ 50%]  (Sampling)
Chain 3: Iteration: 1000 / 2000 [ 50%]  (Warmup)
Chain 3: Iteration: 1001 / 2000 [ 50%]  (Sampling)
Chain 6: Iteration:  800 / 2000 [ 40%]  (Warmup)
Chain 9: Iteration: 1000 / 2000 [ 50%]  (Warmup)
Chain 9: Iteration: 1001 / 2000 [ 50%]  (Sampling)
Chain 5: Iteration:  800 / 2000 [ 40%]  (Warmup)
Chain 7: Iteration: 1000 / 2000 [ 50%]  (Warmup)
Chain 7: Iteration: 1001 / 2000 [ 50%]  (Sampling)
Chain 2: Iteration: 1400 / 2000 [ 70%]  (Sampling)
Chain 1: Iteration: 1200 / 2000 [ 60%]  (Sampling)
Chain 4: Iteration: 1200 / 2000 [ 60%]  (Sampling)
Chain 3: Iteration: 1200 / 2000 [ 60%]  (Sampling)
Chain 1: Iteration: 1400 / 2000 [ 70%]  (Sampling)
Chain 6: Iteration: 1000 / 2000 [ 50%]  (Warmup)
Chain 6: Iteration: 1001 / 2000 [ 50%]  (Sampling)
Chain 9: Iteration: 1200 / 2000 [ 60%]  (Sampling)
Chain 8: Iteration: 1200 / 2000 [ 60%]  (Sampling)
Chain 2: Iteration: 1600 / 2000 [ 80%]  (Sampling)
Chain 4: Iteration: 1400 / 2000 [ 70%]  (Sampling)
Chain 1: Iteration: 1600 / 2000 [ 80%]  (Sampling)
Chain 6: Iteration: 1200 / 2000 [ 60%]  (Sampling)
Chain 1: Iteration: 1800 / 2000 [ 90%]  (Sampling)
Chain 9: Iteration: 1400 / 2000 [ 70%]  (Sampling)
Chain 8: Iteration: 1400 / 2000 [ 70%]  (Sampling)
Chain 10: Iteration: 1000 / 2000 [ 50%]  (Warmup)
Chain 4: Iteration: 1600 / 2000 [ 80%]  (Sampling)
Chain 10: Iteration: 1001 / 2000 [ 50%]  (Sampling)
Chain 3: Iteration: 1400 / 2000 [ 70%]  (Sampling)
Chain 5: Iteration: 1000 / 2000 [ 50%]  (Warmup)
Chain 5: Iteration: 1001 / 2000 [ 50%]  (Sampling)
Chain 9: Iteration: 1600 / 2000 [ 80%]  (Sampling)
Chain 2: Iteration: 1800 / 2000 [ 90%]  (Sampling)
Chain 7: Iteration: 1200 / 2000 [ 60%]  (Sampling)
Chain 1: Iteration: 2000 / 2000 [100%]  (Sampling)
Chain 1: 
Chain 1:  Elapsed Time: 1228.89 seconds (Warm-up)
Chain 1:                1135.07 seconds (Sampling)
Chain 1:                2363.96 seconds (Total)
Chain 1: 
Chain 8: Iteration: 1600 / 2000 [ 80%]  (Sampling)
Chain 4: Iteration: 1800 / 2000 [ 90%]  (Sampling)
Chain 6: Iteration: 1400 / 2000 [ 70%]  (Sampling)
Chain 5: Iteration: 1200 / 2000 [ 60%]  (Sampling)
Chain 9: Iteration: 1800 / 2000 [ 90%]  (Sampling)
Chain 8: Iteration: 1800 / 2000 [ 90%]  (Sampling)
Chain 6: Iteration: 1600 / 2000 [ 80%]  (Sampling)
Chain 3: Iteration: 1600 / 2000 [ 80%]  (Sampling)
Chain 9: Iteration: 2000 / 2000 [100%]  (Sampling)
Chain 9: 
Chain 9:  Elapsed Time: 1298.67 seconds (Warm-up)
Chain 9:                1735.05 seconds (Sampling)
Chain 9:                3033.73 seconds (Total)
Chain 9: 
Chain 4: Iteration: 2000 / 2000 [100%]  (Sampling)
Chain 4: 
Chain 4:  Elapsed Time: 1144.56 seconds (Warm-up)
Chain 4:                1941.76 seconds (Sampling)
Chain 4:                3086.32 seconds (Total)
Chain 4: 
Chain 8: Iteration: 2000 / 2000 [100%]  (Sampling)
Chain 8: 
Chain 8:  Elapsed Time: 1066.72 seconds (Warm-up)
Chain 8:                2059.11 seconds (Sampling)
Chain 8:                3125.83 seconds (Total)
Chain 8: 
Chain 5: Iteration: 1400 / 2000 [ 70%]  (Sampling)
Chain 3: Iteration: 1800 / 2000 [ 90%]  (Sampling)
Chain 7: Iteration: 1400 / 2000 [ 70%]  (Sampling)
Chain 10: Iteration: 1200 / 2000 [ 60%]  (Sampling)
Chain 3: Iteration: 2000 / 2000 [100%]  (Sampling)
Chain 3: 
Chain 3:  Elapsed Time: 1243.99 seconds (Warm-up)
Chain 3:                2333.49 seconds (Sampling)
Chain 3:                3577.48 seconds (Total)
Chain 3: 
Chain 2: Iteration: 2000 / 2000 [100%]  (Sampling)
Chain 2: 
Chain 2:  Elapsed Time: 1055.02 seconds (Warm-up)
Chain 2:                2610.65 seconds (Sampling)
Chain 2:                3665.67 seconds (Total)
Chain 2: 
Chain 6: Iteration: 1800 / 2000 [ 90%]  (Sampling)
Chain 7: Iteration: 1600 / 2000 [ 80%]  (Sampling)
Chain 5: Iteration: 1600 / 2000 [ 80%]  (Sampling)
Chain 7: Iteration: 1800 / 2000 [ 90%]  (Sampling)
Chain 10: Iteration: 1400 / 2000 [ 70%]  (Sampling)
Chain 5: Iteration: 1800 / 2000 [ 90%]  (Sampling)
Chain 6: Iteration: 2000 / 2000 [100%]  (Sampling)
Chain 6: 
Chain 6:  Elapsed Time: 1580.44 seconds (Warm-up)
Chain 6:                3178.52 seconds (Sampling)
Chain 6:                4758.95 seconds (Total)
Chain 6: 
Chain 10: Iteration: 1600 / 2000 [ 80%]  (Sampling)
Chain 5: Iteration: 2000 / 2000 [100%]  (Sampling)
Chain 5: 
Chain 5:  Elapsed Time: 2114.76 seconds (Warm-up)
Chain 5:                3176.49 seconds (Sampling)
Chain 5:                5291.26 seconds (Total)
Chain 5: 
Chain 7: Iteration: 2000 / 2000 [100%]  (Sampling)
Chain 7: 
Chain 7:  Elapsed Time: 1367.97 seconds (Warm-up)
Chain 7:                3934.79 seconds (Sampling)
Chain 7:                5302.76 seconds (Total)
Chain 7: 
Chain 10: Iteration: 1800 / 2000 [ 90%]  (Sampling)
Chain 10: Iteration: 2000 / 2000 [100%]  (Sampling)
Chain 10: 
Chain 10:  Elapsed Time: 2034.92 seconds (Warm-up)
Chain 10:                4268.52 seconds (Sampling)
Chain 10:                6303.44 seconds (Total)
Chain 10: 
[1] "check 6"

SAMPLING FOR MODEL 'anon_model' NOW (CHAIN 1).

SAMPLING FOR MODEL 'anon_model' NOW (CHAIN 2).

SAMPLING FOR MODEL 'anon_model' NOW (CHAIN 3).
Chain 1: 
Chain 1: Gradient evaluation took 0.010581 seconds
Chain 1: 1000 transitions using 10 leapfrog steps per transition would take 105.81 seconds.
Chain 1: Adjust your expectations accordingly!
Chain 1: 
Chain 1: 

SAMPLING FOR MODEL 'anon_model' NOW (CHAIN 4).
Chain 2: 
Chain 2: Gradient evaluation took 0.010568 seconds
Chain 2: 1000 transitions using 10 leapfrog steps per transition would take 105.68 seconds.
Chain 2: Adjust your expectations accordingly!
Chain 2: 
Chain 2: 
Chain 1: Iteration:    1 / 2000 [  0%]  (Warmup)

SAMPLING FOR MODEL 'anon_model' NOW (CHAIN 5).
Chain 3: 
Chain 3: Gradient evaluation took 0.010709 seconds
Chain 3: 1000 transitions using 10 leapfrog steps per transition would take 107.09 seconds.
Chain 3: Adjust your expectations accordingly!
Chain 3: 
Chain 3: 
Chain 2: Iteration:    1 / 2000 [  0%]  (Warmup)

SAMPLING FOR MODEL 'anon_model' NOW (CHAIN 6).
Chain 4: 
Chain 4: Gradient evaluation took 0.011077 seconds
Chain 4: 1000 transitions using 10 leapfrog steps per transition would take 110.77 seconds.
Chain 4: Adjust your expectations accordingly!
Chain 4: 
Chain 4: 
Chain 3: Iteration:    1 / 2000 [  0%]  (Warmup)

SAMPLING FOR MODEL 'anon_model' NOW (CHAIN 7).
Chain 5: 
Chain 5: Gradient evaluation took 0.010974 seconds
Chain 5: 1000 transitions using 10 leapfrog steps per transition would take 109.74 seconds.
Chain 5: Adjust your expectations accordingly!
Chain 5: 
Chain 5: 
Chain 4: Iteration:    1 / 2000 [  0%]  (Warmup)

SAMPLING FOR MODEL 'anon_model' NOW (CHAIN 8).
Chain 6: 
Chain 6: Gradient evaluation took 0.010963 seconds
Chain 6: 1000 transitions using 10 leapfrog steps per transition would take 109.63 seconds.
Chain 6: Adjust your expectations accordingly!
Chain 6: 
Chain 6: 
Chain 5: Iteration:    1 / 2000 [  0%]  (Warmup)

SAMPLING FOR MODEL 'anon_model' NOW (CHAIN 9).
Chain 7: 
Chain 7: Gradient evaluation took 0.011203 seconds
Chain 7: 1000 transitions using 10 leapfrog steps per transition would take 112.03 seconds.
Chain 7: Adjust your expectations accordingly!
Chain 7: 
Chain 7: 
Chain 6: Iteration:    1 / 2000 [  0%]  (Warmup)

SAMPLING FOR MODEL 'anon_model' NOW (CHAIN 10).
Chain 8: 
Chain 8: Gradient evaluation took 0.011164 seconds
Chain 8: 1000 transitions using 10 leapfrog steps per transition would take 111.64 seconds.
Chain 8: Adjust your expectations accordingly!
Chain 8: 
Chain 8: 
Chain 7: Iteration:    1 / 2000 [  0%]  (Warmup)
Chain 9: 
Chain 9: Gradient evaluation took 0.011204 seconds
Chain 9: 1000 transitions using 10 leapfrog steps per transition would take 112.04 seconds.
Chain 9: Adjust your expectations accordingly!
Chain 9: 
Chain 9: 
Chain 8: Iteration:    1 / 2000 [  0%]  (Warmup)
Chain 10: 
Chain 10: Gradient evaluation took 0.011101 seconds
Chain 10: 1000 transitions using 10 leapfrog steps per transition would take 111.01 seconds.
Chain 10: Adjust your expectations accordingly!
Chain 10: 
Chain 10: 
Chain 9: Iteration:    1 / 2000 [  0%]  (Warmup)
Chain 10: Iteration:    1 / 2000 [  0%]  (Warmup)
Chain 7: Iteration:  200 / 2000 [ 10%]  (Warmup)
Chain 3: Iteration:  200 / 2000 [ 10%]  (Warmup)
Chain 1: Iteration:  200 / 2000 [ 10%]  (Warmup)
Chain 5: Iteration:  200 / 2000 [ 10%]  (Warmup)
Chain 9: Iteration:  200 / 2000 [ 10%]  (Warmup)
Chain 4: Iteration:  200 / 2000 [ 10%]  (Warmup)
Chain 10: Iteration:  200 / 2000 [ 10%]  (Warmup)
Chain 8: Iteration:  200 / 2000 [ 10%]  (Warmup)
Chain 2: Iteration:  200 / 2000 [ 10%]  (Warmup)
Chain 7: Iteration:  400 / 2000 [ 20%]  (Warmup)
Chain 6: Iteration:  200 / 2000 [ 10%]  (Warmup)
Chain 1: Iteration:  400 / 2000 [ 20%]  (Warmup)
Chain 3: Iteration:  400 / 2000 [ 20%]  (Warmup)
Chain 2: Iteration:  400 / 2000 [ 20%]  (Warmup)
Chain 5: Iteration:  400 / 2000 [ 20%]  (Warmup)
Chain 9: Iteration:  400 / 2000 [ 20%]  (Warmup)
Chain 10: Iteration:  400 / 2000 [ 20%]  (Warmup)
Chain 4: Iteration:  400 / 2000 [ 20%]  (Warmup)
Chain 7: Iteration:  600 / 2000 [ 30%]  (Warmup)
Chain 8: Iteration:  400 / 2000 [ 20%]  (Warmup)
Chain 3: Iteration:  600 / 2000 [ 30%]  (Warmup)
Chain 6: Iteration:  400 / 2000 [ 20%]  (Warmup)
Chain 1: Iteration:  600 / 2000 [ 30%]  (Warmup)
Chain 2: Iteration:  600 / 2000 [ 30%]  (Warmup)
Chain 9: Iteration:  600 / 2000 [ 30%]  (Warmup)
Chain 7: Iteration:  800 / 2000 [ 40%]  (Warmup)
Chain 10: Iteration:  600 / 2000 [ 30%]  (Warmup)
Chain 4: Iteration:  600 / 2000 [ 30%]  (Warmup)
Chain 5: Iteration:  600 / 2000 [ 30%]  (Warmup)
Chain 3: Iteration:  800 / 2000 [ 40%]  (Warmup)
Chain 2: Iteration:  800 / 2000 [ 40%]  (Warmup)
Chain 1: Iteration:  800 / 2000 [ 40%]  (Warmup)
Chain 8: Iteration:  600 / 2000 [ 30%]  (Warmup)
Chain 6: Iteration:  600 / 2000 [ 30%]  (Warmup)
Chain 9: Iteration:  800 / 2000 [ 40%]  (Warmup)
Chain 4: Iteration:  800 / 2000 [ 40%]  (Warmup)
Chain 5: Iteration:  800 / 2000 [ 40%]  (Warmup)
Chain 7: Iteration: 1000 / 2000 [ 50%]  (Warmup)
Chain 7: Iteration: 1001 / 2000 [ 50%]  (Sampling)
Chain 10: Iteration:  800 / 2000 [ 40%]  (Warmup)
Chain 6: Iteration:  800 / 2000 [ 40%]  (Warmup)
Chain 9: Iteration: 1000 / 2000 [ 50%]  (Warmup)
Chain 9: Iteration: 1001 / 2000 [ 50%]  (Sampling)
Chain 3: Iteration: 1000 / 2000 [ 50%]  (Warmup)
Chain 3: Iteration: 1001 / 2000 [ 50%]  (Sampling)
Chain 8: Iteration:  800 / 2000 [ 40%]  (Warmup)
Chain 2: Iteration: 1000 / 2000 [ 50%]  (Warmup)
Chain 2: Iteration: 1001 / 2000 [ 50%]  (Sampling)
Chain 1: Iteration: 1000 / 2000 [ 50%]  (Warmup)
Chain 1: Iteration: 1001 / 2000 [ 50%]  (Sampling)
Chain 10: Iteration: 1000 / 2000 [ 50%]  (Warmup)
Chain 10: Iteration: 1001 / 2000 [ 50%]  (Sampling)
Chain 2: Iteration: 1200 / 2000 [ 60%]  (Sampling)
Chain 5: Iteration: 1000 / 2000 [ 50%]  (Warmup)
Chain 5: Iteration: 1001 / 2000 [ 50%]  (Sampling)
Chain 6: Iteration: 1000 / 2000 [ 50%]  (Warmup)
Chain 6: Iteration: 1001 / 2000 [ 50%]  (Sampling)
Chain 4: Iteration: 1000 / 2000 [ 50%]  (Warmup)
Chain 4: Iteration: 1001 / 2000 [ 50%]  (Sampling)
Chain 8: Iteration: 1000 / 2000 [ 50%]  (Warmup)
Chain 8: Iteration: 1001 / 2000 [ 50%]  (Sampling)
Chain 6: Iteration: 1200 / 2000 [ 60%]  (Sampling)
Chain 2: Iteration: 1400 / 2000 [ 70%]  (Sampling)
Chain 9: Iteration: 1200 / 2000 [ 60%]  (Sampling)
Chain 10: Iteration: 1200 / 2000 [ 60%]  (Sampling)
Chain 5: Iteration: 1200 / 2000 [ 60%]  (Sampling)
Chain 7: Iteration: 1200 / 2000 [ 60%]  (Sampling)
Chain 6: Iteration: 1400 / 2000 [ 70%]  (Sampling)
Chain 3: Iteration: 1200 / 2000 [ 60%]  (Sampling)
Chain 1: Iteration: 1200 / 2000 [ 60%]  (Sampling)
Chain 10: Iteration: 1400 / 2000 [ 70%]  (Sampling)
Chain 5: Iteration: 1400 / 2000 [ 70%]  (Sampling)
Chain 6: Iteration: 1600 / 2000 [ 80%]  (Sampling)
Chain 7: Iteration: 1400 / 2000 [ 70%]  (Sampling)
Chain 8: Iteration: 1200 / 2000 [ 60%]  (Sampling)
Chain 2: Iteration: 1600 / 2000 [ 80%]  (Sampling)
Chain 9: Iteration: 1400 / 2000 [ 70%]  (Sampling)
Chain 10: Iteration: 1600 / 2000 [ 80%]  (Sampling)
Chain 7: Iteration: 1600 / 2000 [ 80%]  (Sampling)
Chain 1: Iteration: 1400 / 2000 [ 70%]  (Sampling)
Chain 4: Iteration: 1200 / 2000 [ 60%]  (Sampling)
Chain 3: Iteration: 1400 / 2000 [ 70%]  (Sampling)
Chain 10: Iteration: 1800 / 2000 [ 90%]  (Sampling)
Chain 5: Iteration: 1600 / 2000 [ 80%]  (Sampling)
Chain 9: Iteration: 1600 / 2000 [ 80%]  (Sampling)
Chain 7: Iteration: 1800 / 2000 [ 90%]  (Sampling)
Chain 1: Iteration: 1600 / 2000 [ 80%]  (Sampling)
Chain 2: Iteration: 1800 / 2000 [ 90%]  (Sampling)
Chain 10: Iteration: 2000 / 2000 [100%]  (Sampling)
Chain 10: 
Chain 10:  Elapsed Time: 1283.69 seconds (Warm-up)
Chain 10:                1688.4 seconds (Sampling)
Chain 10:                2972.09 seconds (Total)
Chain 10: 
Chain 6: Iteration: 1800 / 2000 [ 90%]  (Sampling)
Chain 9: Iteration: 1800 / 2000 [ 90%]  (Sampling)
Chain 7: Iteration: 2000 / 2000 [100%]  (Sampling)
Chain 7: 
Chain 7:  Elapsed Time: 1014.4 seconds (Warm-up)
Chain 7:                2175.85 seconds (Sampling)
Chain 7:                3190.25 seconds (Total)
Chain 7: 
Chain 2: Iteration: 2000 / 2000 [100%]  (Sampling)
Chain 2: 
Chain 2:  Elapsed Time: 1159 seconds (Warm-up)
Chain 2:                2091.72 seconds (Sampling)
Chain 2:                3250.72 seconds (Total)
Chain 2: 
Chain 3: Iteration: 1600 / 2000 [ 80%]  (Sampling)
Chain 8: Iteration: 1400 / 2000 [ 70%]  (Sampling)
Chain 5: Iteration: 1800 / 2000 [ 90%]  (Sampling)
Chain 9: Iteration: 2000 / 2000 [100%]  (Sampling)
Chain 9: 
Chain 9:  Elapsed Time: 1093.75 seconds (Warm-up)
Chain 9:                2384.66 seconds (Sampling)
Chain 9:                3478.41 seconds (Total)
Chain 9: 
Chain 1: Iteration: 1800 / 2000 [ 90%]  (Sampling)
Chain 6: Iteration: 2000 / 2000 [100%]  (Sampling)
Chain 6: 
Chain 6:  Elapsed Time: 1383.31 seconds (Warm-up)
Chain 6:                2443.42 seconds (Sampling)
Chain 6:                3826.73 seconds (Total)
Chain 6: 
Chain 4: Iteration: 1400 / 2000 [ 70%]  (Sampling)
Chain 3: Iteration: 1800 / 2000 [ 90%]  (Sampling)
Chain 1: Iteration: 2000 / 2000 [100%]  (Sampling)
Chain 1: 
Chain 1:  Elapsed Time: 1225.24 seconds (Warm-up)
Chain 1:                2648.59 seconds (Sampling)
Chain 1:                3873.83 seconds (Total)
Chain 1: 
Chain 8: Iteration: 1600 / 2000 [ 80%]  (Sampling)
Chain 5: Iteration: 2000 / 2000 [100%]  (Sampling)
Chain 5: 
Chain 5:  Elapsed Time: 1374.02 seconds (Warm-up)
Chain 5:                3078.3 seconds (Sampling)
Chain 5:                4452.32 seconds (Total)
Chain 5: 
Chain 3: Iteration: 2000 / 2000 [100%]  (Sampling)
Chain 3: 
Chain 3:  Elapsed Time: 1098.61 seconds (Warm-up)
Chain 3:                3369.68 seconds (Sampling)
Chain 3:                4468.3 seconds (Total)
Chain 3: 
Chain 4: Iteration: 1600 / 2000 [ 80%]  (Sampling)
Chain 8: Iteration: 1800 / 2000 [ 90%]  (Sampling)
Chain 4: Iteration: 1800 / 2000 [ 90%]  (Sampling)
Chain 8: Iteration: 2000 / 2000 [100%]  (Sampling)
Chain 8: 
Chain 8:  Elapsed Time: 1506.24 seconds (Warm-up)
Chain 8:                4781.97 seconds (Sampling)
Chain 8:                6288.21 seconds (Total)
Chain 8: 
Chain 4: Iteration: 2000 / 2000 [100%]  (Sampling)
Chain 4: 
Chain 4:  Elapsed Time: 1421.53 seconds (Warm-up)
Chain 4:                5325.83 seconds (Sampling)
Chain 4:                6747.36 seconds (Total)
Chain 4: 
