[1] "dataset=AIAN:models=acs,pep,wp,acs_diff,pep_diff:n.sample=2000:burnin=1000:outcome=census:family=negbin:use_softmax=T:fixed_rho=-1:fixed_tau2=-1:sigma2_prior_shape=50:sigma2_prior_rate=0.5:tau2_prior_shape=1:tau2_prior_rate=1:theta_prior_shape=0.001:theta_prior_rate=0.001:theta_multiplier=1:stan_path=code/CAR_leroux_sparse_negbin_alpha_FE.stan:CV_blocks=5:return_quantiles=F:output_path_addition=AIAN_softmax_preprocess_interceptonly_5modelsDiff:chains_cores=10:alpha_variance_prior=-1:preprocess_scale=T:fixed_effects=intercept"
$dataset
[1] "aian"

$models
[1] "acs"      "pep"      "wp"       "acs_diff" "pep_diff"

$n.sample
[1] 2000

$burnin
[1] 1000

$outcome
[1] "census"

$family
[1] "negbin"

$use_softmax
[1] TRUE

$fixed_rho
[1] -1

$fixed_tau2
[1] -1

$sigma2_prior_shape
[1] 50

$sigma2_prior_rate
[1] 0.5

$tau2_prior_shape
[1] 1

$tau2_prior_rate
[1] 1

$theta_prior_shape
[1] 0.001

$theta_prior_rate
[1] 0.001

$theta_multiplier
[1] 1

$stan_path
[1] "code/CAR_leroux_sparse_negbin_alpha_FE.stan"

$CV_blocks
[1] 5

$return_quantiles
[1] FALSE

$output_path_addition
[1] "aian_softmax_preprocess_interceptonly_5modelsdiff"

$chains_cores
[1] 10

$alpha_variance_prior
[1] -1

$preprocess_scale
[1] TRUE

$fixed_effects
[1] "intercept"

$results_file
[1] "results/real_data_results/real_data_fit_aian_softmax_preprocess_interceptonly_5modelsdiff_ID23069_2025_01_03.RData"

 [1] "GEOID"               "state"               "acs"                
 [4] "census"              "pep"                 "wp"                 
 [7] "NAME"                "ALAND"               "ALAND_sqmi"         
[10] "acs_density"         "pep_density"         "acs_AIAN_proportion"
[13] "pep_AIAN_proportion" "acs_density_full"    "pep_density_full"   
[16] "acs_2018"            "pep_2018"            "pep_diff"           
[19] "acs_diff"           
[1] "stan_path = code/CAR_leroux_sparse_negbin_alpha_FE.stan"
[1] "check 1"
[1] "check 1.5"
groups
  1   2   3   4   5 
828 613 580 558 485 
[1] "------------1------------"
[1] "check 5"
[1] "use softmax = TRUE"

SAMPLING FOR MODEL 'anon_model' NOW (CHAIN 1).

SAMPLING FOR MODEL 'anon_model' NOW (CHAIN 2).

SAMPLING FOR MODEL 'anon_model' NOW (CHAIN 3).

SAMPLING FOR MODEL 'anon_model' NOW (CHAIN 4).

SAMPLING FOR MODEL 'anon_model' NOW (CHAIN 5).

SAMPLING FOR MODEL 'anon_model' NOW (CHAIN 6).

SAMPLING FOR MODEL 'anon_model' NOW (CHAIN 7).

SAMPLING FOR MODEL 'anon_model' NOW (CHAIN 9).

SAMPLING FOR MODEL 'anon_model' NOW (CHAIN 8).

SAMPLING FOR MODEL 'anon_model' NOW (CHAIN 10).
Chain 1: 
Chain 1: Gradient evaluation took 0.011755 seconds
Chain 1: 1000 transitions using 10 leapfrog steps per transition would take 117.55 seconds.
Chain 1: Adjust your expectations accordingly!
Chain 1: 
Chain 1: 
Chain 2: 
Chain 2: Gradient evaluation took 0.012208 seconds
Chain 2: 1000 transitions using 10 leapfrog steps per transition would take 122.08 seconds.
Chain 2: Adjust your expectations accordingly!
Chain 2: 
Chain 2: 
Chain 3: 
Chain 3: Gradient evaluation took 0.012299 seconds
Chain 3: 1000 transitions using 10 leapfrog steps per transition would take 122.99 seconds.
Chain 3: Adjust your expectations accordingly!
Chain 3: 
Chain 3: 
Chain 4: 
Chain 4: Gradient evaluation took 0.012398 seconds
Chain 4: 1000 transitions using 10 leapfrog steps per transition would take 123.98 seconds.
Chain 4: Adjust your expectations accordingly!
Chain 4: 
Chain 4: 
Chain 5: 
Chain 5: Gradient evaluation took 0.012366 seconds
Chain 5: 1000 transitions using 10 leapfrog steps per transition would take 123.66 seconds.
Chain 5: Adjust your expectations accordingly!
Chain 5: 
Chain 5: 
Chain 6: 
Chain 6: Gradient evaluation took 0.013109 seconds
Chain 6: 1000 transitions using 10 leapfrog steps per transition would take 131.09 seconds.
Chain 6: Adjust your expectations accordingly!
Chain 6: 
Chain 6: 
Chain 7: 
Chain 7: Gradient evaluation took 0.013371 seconds
Chain 7: 1000 transitions using 10 leapfrog steps per transition would take 133.71 seconds.
Chain 7: Adjust your expectations accordingly!
Chain 7: 
Chain 7: 
Chain 9: 
Chain 9: Gradient evaluation took 0.013217 seconds
Chain 9: 1000 transitions using 10 leapfrog steps per transition would take 132.17 seconds.
Chain 9: Adjust your expectations accordingly!
Chain 9: 
Chain 9: 
Chain 8: 
Chain 8: Gradient evaluation took 0.013449 seconds
Chain 8: 1000 transitions using 10 leapfrog steps per transition would take 134.49 seconds.
Chain 8: Adjust your expectations accordingly!
Chain 8: 
Chain 8: 
Chain 10: 
Chain 10: Gradient evaluation took 0.013473 seconds
Chain 10: 1000 transitions using 10 leapfrog steps per transition would take 134.73 seconds.
Chain 10: Adjust your expectations accordingly!
Chain 10: 
Chain 10: 
Chain 2: Iteration:    1 / 2000 [  0%]  (Warmup)
Chain 3: Iteration:    1 / 2000 [  0%]  (Warmup)
Chain 4: Iteration:    1 / 2000 [  0%]  (Warmup)
Chain 1: Iteration:    1 / 2000 [  0%]  (Warmup)
Chain 5: Iteration:    1 / 2000 [  0%]  (Warmup)
Chain 8: Iteration:    1 / 2000 [  0%]  (Warmup)
Chain 10: Iteration:    1 / 2000 [  0%]  (Warmup)
Chain 6: Iteration:    1 / 2000 [  0%]  (Warmup)
Chain 9: Iteration:    1 / 2000 [  0%]  (Warmup)
Chain 7: Iteration:    1 / 2000 [  0%]  (Warmup)
Chain 5: Iteration:  200 / 2000 [ 10%]  (Warmup)
Chain 1: Iteration:  200 / 2000 [ 10%]  (Warmup)
Chain 7: Iteration:  200 / 2000 [ 10%]  (Warmup)
Chain 6: Iteration:  200 / 2000 [ 10%]  (Warmup)
Chain 2: Iteration:  200 / 2000 [ 10%]  (Warmup)
Chain 9: Iteration:  200 / 2000 [ 10%]  (Warmup)
Chain 8: Iteration:  200 / 2000 [ 10%]  (Warmup)
Chain 10: Iteration:  200 / 2000 [ 10%]  (Warmup)
Chain 3: Iteration:  200 / 2000 [ 10%]  (Warmup)
Chain 4: Iteration:  200 / 2000 [ 10%]  (Warmup)
Chain 6: Iteration:  400 / 2000 [ 20%]  (Warmup)
Chain 7: Iteration:  400 / 2000 [ 20%]  (Warmup)
Chain 2: Iteration:  400 / 2000 [ 20%]  (Warmup)
Chain 8: Iteration:  400 / 2000 [ 20%]  (Warmup)
Chain 3: Iteration:  400 / 2000 [ 20%]  (Warmup)
Chain 9: Iteration:  400 / 2000 [ 20%]  (Warmup)
Chain 4: Iteration:  400 / 2000 [ 20%]  (Warmup)
Chain 6: Iteration:  600 / 2000 [ 30%]  (Warmup)
Chain 5: Iteration:  400 / 2000 [ 20%]  (Warmup)
Chain 9: Iteration:  600 / 2000 [ 30%]  (Warmup)
Chain 10: Iteration:  400 / 2000 [ 20%]  (Warmup)
Chain 7: Iteration:  600 / 2000 [ 30%]  (Warmup)
Chain 3: Iteration:  600 / 2000 [ 30%]  (Warmup)
Chain 2: Iteration:  600 / 2000 [ 30%]  (Warmup)
Chain 4: Iteration:  600 / 2000 [ 30%]  (Warmup)
Chain 8: Iteration:  600 / 2000 [ 30%]  (Warmup)
Chain 1: Iteration:  400 / 2000 [ 20%]  (Warmup)
Chain 9: Iteration:  800 / 2000 [ 40%]  (Warmup)
Chain 5: Iteration:  600 / 2000 [ 30%]  (Warmup)
Chain 2: Iteration:  800 / 2000 [ 40%]  (Warmup)
Chain 10: Iteration:  600 / 2000 [ 30%]  (Warmup)
Chain 6: Iteration:  800 / 2000 [ 40%]  (Warmup)
Chain 3: Iteration:  800 / 2000 [ 40%]  (Warmup)
Chain 7: Iteration:  800 / 2000 [ 40%]  (Warmup)
Chain 8: Iteration:  800 / 2000 [ 40%]  (Warmup)
Chain 4: Iteration:  800 / 2000 [ 40%]  (Warmup)
Chain 9: Iteration: 1000 / 2000 [ 50%]  (Warmup)
Chain 9: Iteration: 1001 / 2000 [ 50%]  (Sampling)
Chain 10: Iteration:  800 / 2000 [ 40%]  (Warmup)
Chain 1: Iteration:  600 / 2000 [ 30%]  (Warmup)
Chain 3: Iteration: 1000 / 2000 [ 50%]  (Warmup)
Chain 3: Iteration: 1001 / 2000 [ 50%]  (Sampling)
Chain 6: Iteration: 1000 / 2000 [ 50%]  (Warmup)
Chain 6: Iteration: 1001 / 2000 [ 50%]  (Sampling)
Chain 2: Iteration: 1000 / 2000 [ 50%]  (Warmup)
Chain 2: Iteration: 1001 / 2000 [ 50%]  (Sampling)
Chain 9: Iteration: 1200 / 2000 [ 60%]  (Sampling)
Chain 1: Iteration:  800 / 2000 [ 40%]  (Warmup)
Chain 5: Iteration:  800 / 2000 [ 40%]  (Warmup)
Chain 8: Iteration: 1000 / 2000 [ 50%]  (Warmup)
Chain 8: Iteration: 1001 / 2000 [ 50%]  (Sampling)
Chain 7: Iteration: 1000 / 2000 [ 50%]  (Warmup)
Chain 7: Iteration: 1001 / 2000 [ 50%]  (Sampling)
Chain 3: Iteration: 1200 / 2000 [ 60%]  (Sampling)
Chain 10: Iteration: 1000 / 2000 [ 50%]  (Warmup)
Chain 10: Iteration: 1001 / 2000 [ 50%]  (Sampling)
Chain 1: Iteration: 1000 / 2000 [ 50%]  (Warmup)
Chain 1: Iteration: 1001 / 2000 [ 50%]  (Sampling)
Chain 9: Iteration: 1400 / 2000 [ 70%]  (Sampling)
Chain 4: Iteration: 1000 / 2000 [ 50%]  (Warmup)
Chain 4: Iteration: 1001 / 2000 [ 50%]  (Sampling)
Chain 1: Iteration: 1200 / 2000 [ 60%]  (Sampling)
Chain 2: Iteration: 1200 / 2000 [ 60%]  (Sampling)
Chain 6: Iteration: 1200 / 2000 [ 60%]  (Sampling)
Chain 1: Iteration: 1400 / 2000 [ 70%]  (Sampling)
Chain 7: Iteration: 1200 / 2000 [ 60%]  (Sampling)
Chain 1: Iteration: 1600 / 2000 [ 80%]  (Sampling)
Chain 5: Iteration: 1000 / 2000 [ 50%]  (Warmup)
Chain 5: Iteration: 1001 / 2000 [ 50%]  (Sampling)
Chain 8: Iteration: 1200 / 2000 [ 60%]  (Sampling)
Chain 2: Iteration: 1400 / 2000 [ 70%]  (Sampling)
Chain 3: Iteration: 1400 / 2000 [ 70%]  (Sampling)
Chain 1: Iteration: 1800 / 2000 [ 90%]  (Sampling)
Chain 10: Iteration: 1200 / 2000 [ 60%]  (Sampling)
Chain 6: Iteration: 1400 / 2000 [ 70%]  (Sampling)
Chain 4: Iteration: 1200 / 2000 [ 60%]  (Sampling)
Chain 5: Iteration: 1200 / 2000 [ 60%]  (Sampling)
Chain 9: Iteration: 1600 / 2000 [ 80%]  (Sampling)
Chain 1: Iteration: 2000 / 2000 [100%]  (Sampling)
Chain 2: Iteration: 1600 / 2000 [ 80%]  (Sampling)
Chain 1: 
Chain 1:  Elapsed Time: 3362.57 seconds (Warm-up)
Chain 1:                2510.43 seconds (Sampling)
Chain 1:                5872.99 seconds (Total)
Chain 1: 
Chain 7: Iteration: 1400 / 2000 [ 70%]  (Sampling)
Chain 4: Iteration: 1400 / 2000 [ 70%]  (Sampling)
Chain 8: Iteration: 1400 / 2000 [ 70%]  (Sampling)
Chain 2: Iteration: 1800 / 2000 [ 90%]  (Sampling)
Chain 3: Iteration: 1600 / 2000 [ 80%]  (Sampling)
Chain 5: Iteration: 1400 / 2000 [ 70%]  (Sampling)
Chain 10: Iteration: 1400 / 2000 [ 70%]  (Sampling)
Chain 7: Iteration: 1600 / 2000 [ 80%]  (Sampling)
Chain 6: Iteration: 1600 / 2000 [ 80%]  (Sampling)
Chain 4: Iteration: 1600 / 2000 [ 80%]  (Sampling)
Chain 9: Iteration: 1800 / 2000 [ 90%]  (Sampling)
Chain 2: Iteration: 2000 / 2000 [100%]  (Sampling)
Chain 2: 
Chain 2:  Elapsed Time: 2659.47 seconds (Warm-up)
Chain 2:                5357.72 seconds (Sampling)
Chain 2:                8017.19 seconds (Total)
Chain 2: 
Chain 5: Iteration: 1600 / 2000 [ 80%]  (Sampling)
Chain 4: Iteration: 1800 / 2000 [ 90%]  (Sampling)
Chain 8: Iteration: 1600 / 2000 [ 80%]  (Sampling)
Chain 3: Iteration: 1800 / 2000 [ 90%]  (Sampling)
Chain 10: Iteration: 1600 / 2000 [ 80%]  (Sampling)
Chain 7: Iteration: 1800 / 2000 [ 90%]  (Sampling)
Chain 6: Iteration: 1800 / 2000 [ 90%]  (Sampling)
Chain 5: Iteration: 1800 / 2000 [ 90%]  (Sampling)
Chain 9: Iteration: 2000 / 2000 [100%]  (Sampling)
Chain 9: 
Chain 9:  Elapsed Time: 2101.66 seconds (Warm-up)
Chain 9:                7689.79 seconds (Sampling)
Chain 9:                9791.45 seconds (Total)
Chain 9: 
Chain 7: Iteration: 2000 / 2000 [100%]  (Sampling)
Chain 7: 
Chain 7:  Elapsed Time: 2944.52 seconds (Warm-up)
Chain 7:                7517.11 seconds (Sampling)
Chain 7:                10461.6 seconds (Total)
Chain 7: 
Chain 5: Iteration: 2000 / 2000 [100%]  (Sampling)
Chain 5: 
Chain 5:  Elapsed Time: 4363.68 seconds (Warm-up)
Chain 5:                6135.51 seconds (Sampling)
Chain 5:                10499.2 seconds (Total)
Chain 5: 
Chain 10: Iteration: 1800 / 2000 [ 90%]  (Sampling)
Chain 4: Iteration: 2000 / 2000 [100%]  (Sampling)
Chain 4: 
Chain 4:  Elapsed Time: 3553.6 seconds (Warm-up)
Chain 4:                7269 seconds (Sampling)
Chain 4:                10822.6 seconds (Total)
Chain 4: 
Chain 8: Iteration: 1800 / 2000 [ 90%]  (Sampling)
Chain 3: Iteration: 2000 / 2000 [100%]  (Sampling)
Chain 3: 
Chain 3:  Elapsed Time: 2573.11 seconds (Warm-up)
Chain 3:                8347.31 seconds (Sampling)
Chain 3:                10920.4 seconds (Total)
Chain 3: 
Chain 6: Iteration: 2000 / 2000 [100%]  (Sampling)
Chain 6: 
Chain 6:  Elapsed Time: 2638.4 seconds (Warm-up)
Chain 6:                8721.82 seconds (Sampling)
Chain 6:                11360.2 seconds (Total)
Chain 6: 
Chain 10: Iteration: 2000 / 2000 [100%]  (Sampling)
Chain 10: 
Chain 10:  Elapsed Time: 3283.69 seconds (Warm-up)
Chain 10:                8509.82 seconds (Sampling)
Chain 10:                11793.5 seconds (Total)
Chain 10: 
Chain 8: Iteration: 2000 / 2000 [100%]  (Sampling)
Chain 8: 
Chain 8:  Elapsed Time: 2877.1 seconds (Warm-up)
Chain 8:                9411.92 seconds (Sampling)
Chain 8:                12289 seconds (Total)
Chain 8: 
[1] "check 6"
[1] "------------2------------"
[1] "check 5"
[1] "use softmax = TRUE"

SAMPLING FOR MODEL 'anon_model' NOW (CHAIN 1).

SAMPLING FOR MODEL 'anon_model' NOW (CHAIN 2).

SAMPLING FOR MODEL 'anon_model' NOW (CHAIN 3).

SAMPLING FOR MODEL 'anon_model' NOW (CHAIN 4).

SAMPLING FOR MODEL 'anon_model' NOW (CHAIN 5).
Chain 1: 
Chain 1: Gradient evaluation took 0.018094 seconds
Chain 1: 1000 transitions using 10 leapfrog steps per transition would take 180.94 seconds.
Chain 1: Adjust your expectations accordingly!
Chain 1: 
Chain 1: 

SAMPLING FOR MODEL 'anon_model' NOW (CHAIN 6).
Chain 2: 
Chain 2: Gradient evaluation took 0.023783 seconds
Chain 2: 1000 transitions using 10 leapfrog steps per transition would take 237.83 seconds.
Chain 2: Adjust your expectations accordingly!
Chain 2: 
Chain 2: 

SAMPLING FOR MODEL 'anon_model' NOW (CHAIN 7).
Chain 3: 
Chain 3: Gradient evaluation took 0.024497 seconds
Chain 3: 1000 transitions using 10 leapfrog steps per transition would take 244.97 seconds.
Chain 3: Adjust your expectations accordingly!
Chain 3: 
Chain 3: 

SAMPLING FOR MODEL 'anon_model' NOW (CHAIN 8).
Chain 4: 
Chain 4: Gradient evaluation took 0.024096 seconds
Chain 4: 1000 transitions using 10 leapfrog steps per transition would take 240.96 seconds.
Chain 4: Adjust your expectations accordingly!
Chain 4: 
Chain 4: 
Chain 1: Iteration:    1 / 2000 [  0%]  (Warmup)

SAMPLING FOR MODEL 'anon_model' NOW (CHAIN 9).
Chain 5: 
Chain 5: Gradient evaluation took 0.024569 seconds
Chain 5: 1000 transitions using 10 leapfrog steps per transition would take 245.69 seconds.
Chain 5: Adjust your expectations accordingly!
Chain 5: 
Chain 5: 
Chain 2: Iteration:    1 / 2000 [  0%]  (Warmup)

SAMPLING FOR MODEL 'anon_model' NOW (CHAIN 10).
Chain 6: 
Chain 6: Gradient evaluation took 0.024895 seconds
Chain 6: 1000 transitions using 10 leapfrog steps per transition would take 248.95 seconds.
Chain 6: Adjust your expectations accordingly!
Chain 6: 
Chain 6: 
Chain 3: Iteration:    1 / 2000 [  0%]  (Warmup)
Chain 7: 
Chain 7: Gradient evaluation took 0.02519 seconds
Chain 7: 1000 transitions using 10 leapfrog steps per transition would take 251.9 seconds.
Chain 7: Adjust your expectations accordingly!
Chain 7: 
Chain 7: 
Chain 4: Iteration:    1 / 2000 [  0%]  (Warmup)
Chain 8: 
Chain 8: Gradient evaluation took 0.02533 seconds
Chain 8: 1000 transitions using 10 leapfrog steps per transition would take 253.3 seconds.
Chain 8: Adjust your expectations accordingly!
Chain 8: 
Chain 8: 
Chain 5: Iteration:    1 / 2000 [  0%]  (Warmup)
Chain 9: 
Chain 9: Gradient evaluation took 0.025179 seconds
Chain 9: 1000 transitions using 10 leapfrog steps per transition would take 251.79 seconds.
Chain 9: Adjust your expectations accordingly!
Chain 9: 
Chain 9: 
Chain 6: Iteration:    1 / 2000 [  0%]  (Warmup)
Chain 10: 
Chain 10: Gradient evaluation took 0.019257 seconds
Chain 10: 1000 transitions using 10 leapfrog steps per transition would take 192.57 seconds.
Chain 10: Adjust your expectations accordingly!
Chain 10: 
Chain 10: 
Chain 7: Iteration:    1 / 2000 [  0%]  (Warmup)
Chain 8: Iteration:    1 / 2000 [  0%]  (Warmup)
Chain 9: Iteration:    1 / 2000 [  0%]  (Warmup)
Chain 10: Iteration:    1 / 2000 [  0%]  (Warmup)
Chain 7: Iteration:  200 / 2000 [ 10%]  (Warmup)
Chain 4: Iteration:  200 / 2000 [ 10%]  (Warmup)
Chain 3: Iteration:  200 / 2000 [ 10%]  (Warmup)
Chain 10: Iteration:  200 / 2000 [ 10%]  (Warmup)
Chain 7: Iteration:  400 / 2000 [ 20%]  (Warmup)
Chain 2: Iteration:  200 / 2000 [ 10%]  (Warmup)
Chain 1: Iteration:  200 / 2000 [ 10%]  (Warmup)
Chain 8: Iteration:  200 / 2000 [ 10%]  (Warmup)
Chain 10: Iteration:  400 / 2000 [ 20%]  (Warmup)
Chain 5: Iteration:  200 / 2000 [ 10%]  (Warmup)
Chain 1: Iteration:  400 / 2000 [ 20%]  (Warmup)
Chain 9: Iteration:  200 / 2000 [ 10%]  (Warmup)
Chain 6: Iteration:  200 / 2000 [ 10%]  (Warmup)
Chain 2: Iteration:  400 / 2000 [ 20%]  (Warmup)
Chain 3: Iteration:  400 / 2000 [ 20%]  (Warmup)
Chain 1: Iteration:  600 / 2000 [ 30%]  (Warmup)
Chain 5: Iteration:  400 / 2000 [ 20%]  (Warmup)
Chain 8: Iteration:  400 / 2000 [ 20%]  (Warmup)
Chain 6: Iteration:  400 / 2000 [ 20%]  (Warmup)
Chain 5: Iteration:  600 / 2000 [ 30%]  (Warmup)
Chain 7: Iteration:  600 / 2000 [ 30%]  (Warmup)
Chain 2: Iteration:  600 / 2000 [ 30%]  (Warmup)
Chain 10: Iteration:  600 / 2000 [ 30%]  (Warmup)
Chain 1: Iteration:  800 / 2000 [ 40%]  (Warmup)
Chain 9: Iteration:  400 / 2000 [ 20%]  (Warmup)
Chain 8: Iteration:  600 / 2000 [ 30%]  (Warmup)
Chain 3: Iteration:  600 / 2000 [ 30%]  (Warmup)
Chain 4: Iteration:  400 / 2000 [ 20%]  (Warmup)
Chain 5: Iteration:  800 / 2000 [ 40%]  (Warmup)
Chain 9: Iteration:  600 / 2000 [ 30%]  (Warmup)
Chain 6: Iteration:  600 / 2000 [ 30%]  (Warmup)
Chain 1: Iteration: 1000 / 2000 [ 50%]  (Warmup)
Chain 1: Iteration: 1001 / 2000 [ 50%]  (Sampling)
Chain 2: Iteration:  800 / 2000 [ 40%]  (Warmup)
Chain 3: Iteration:  800 / 2000 [ 40%]  (Warmup)
Chain 8: Iteration:  800 / 2000 [ 40%]  (Warmup)
Chain 9: Iteration:  800 / 2000 [ 40%]  (Warmup)
Chain 5: Iteration: 1000 / 2000 [ 50%]  (Warmup)
Chain 5: Iteration: 1001 / 2000 [ 50%]  (Sampling)
Chain 2: Iteration: 1000 / 2000 [ 50%]  (Warmup)
Chain 2: Iteration: 1001 / 2000 [ 50%]  (Sampling)
Chain 1: Iteration: 1200 / 2000 [ 60%]  (Sampling)
Chain 2: Iteration: 1200 / 2000 [ 60%]  (Sampling)
Chain 3: Iteration: 1000 / 2000 [ 50%]  (Warmup)
Chain 3: Iteration: 1001 / 2000 [ 50%]  (Sampling)
Chain 9: Iteration: 1000 / 2000 [ 50%]  (Warmup)
Chain 9: Iteration: 1001 / 2000 [ 50%]  (Sampling)
Chain 7: Iteration:  800 / 2000 [ 40%]  (Warmup)
Chain 6: Iteration:  800 / 2000 [ 40%]  (Warmup)
Chain 5: Iteration: 1200 / 2000 [ 60%]  (Sampling)
Chain 10: Iteration:  800 / 2000 [ 40%]  (Warmup)
Chain 8: Iteration: 1000 / 2000 [ 50%]  (Warmup)
Chain 8: Iteration: 1001 / 2000 [ 50%]  (Sampling)
Chain 2: Iteration: 1400 / 2000 [ 70%]  (Sampling)
Chain 9: Iteration: 1200 / 2000 [ 60%]  (Sampling)
Chain 4: Iteration:  600 / 2000 [ 30%]  (Warmup)
Chain 3: Iteration: 1200 / 2000 [ 60%]  (Sampling)
Chain 5: Iteration: 1400 / 2000 [ 70%]  (Sampling)
Chain 7: Iteration: 1000 / 2000 [ 50%]  (Warmup)
Chain 7: Iteration: 1001 / 2000 [ 50%]  (Sampling)
Chain 9: Iteration: 1400 / 2000 [ 70%]  (Sampling)
Chain 2: Iteration: 1600 / 2000 [ 80%]  (Sampling)
Chain 3: Iteration: 1400 / 2000 [ 70%]  (Sampling)
Chain 6: Iteration: 1000 / 2000 [ 50%]  (Warmup)
Chain 6: Iteration: 1001 / 2000 [ 50%]  (Sampling)
Chain 1: Iteration: 1400 / 2000 [ 70%]  (Sampling)
Chain 10: Iteration: 1000 / 2000 [ 50%]  (Warmup)
Chain 10: Iteration: 1001 / 2000 [ 50%]  (Sampling)
Chain 3: Iteration: 1600 / 2000 [ 80%]  (Sampling)
Chain 5: Iteration: 1600 / 2000 [ 80%]  (Sampling)
Chain 8: Iteration: 1200 / 2000 [ 60%]  (Sampling)
Chain 10: Iteration: 1200 / 2000 [ 60%]  (Sampling)
Chain 4: Iteration:  800 / 2000 [ 40%]  (Warmup)
Chain 2: Iteration: 1800 / 2000 [ 90%]  (Sampling)
Chain 3: Iteration: 1800 / 2000 [ 90%]  (Sampling)
Chain 10: Iteration: 1400 / 2000 [ 70%]  (Sampling)
Chain 7: Iteration: 1200 / 2000 [ 60%]  (Sampling)
Chain 6: Iteration: 1200 / 2000 [ 60%]  (Sampling)
Chain 9: Iteration: 1600 / 2000 [ 80%]  (Sampling)
Chain 5: Iteration: 1800 / 2000 [ 90%]  (Sampling)
Chain 2: Iteration: 2000 / 2000 [100%]  (Sampling)
Chain 2: 
Chain 2:  Elapsed Time: 2211.54 seconds (Warm-up)
Chain 2:                3594.33 seconds (Sampling)
Chain 2:                5805.87 seconds (Total)
Chain 2: 
Chain 3: Iteration: 2000 / 2000 [100%]  (Sampling)
Chain 3: 
Chain 3:  Elapsed Time: 2553.55 seconds (Warm-up)
Chain 3:                3531.91 seconds (Sampling)
Chain 3:                6085.47 seconds (Total)
Chain 3: 
Chain 1: Iteration: 1600 / 2000 [ 80%]  (Sampling)
Chain 4: Iteration: 1000 / 2000 [ 50%]  (Warmup)
Chain 4: Iteration: 1001 / 2000 [ 50%]  (Sampling)
Chain 10: Iteration: 1600 / 2000 [ 80%]  (Sampling)
Chain 4: Iteration: 1200 / 2000 [ 60%]  (Sampling)
Chain 6: Iteration: 1400 / 2000 [ 70%]  (Sampling)
Chain 7: Iteration: 1400 / 2000 [ 70%]  (Sampling)
Chain 4: Iteration: 1400 / 2000 [ 70%]  (Sampling)
Chain 8: Iteration: 1400 / 2000 [ 70%]  (Sampling)
Chain 4: Iteration: 1600 / 2000 [ 80%]  (Sampling)
Chain 10: Iteration: 1800 / 2000 [ 90%]  (Sampling)
Chain 4: Iteration: 1800 / 2000 [ 90%]  (Sampling)
Chain 9: Iteration: 1800 / 2000 [ 90%]  (Sampling)
Chain 5: Iteration: 2000 / 2000 [100%]  (Sampling)
Chain 5: 
Chain 5:  Elapsed Time: 2201.12 seconds (Warm-up)
Chain 5:                5536.02 seconds (Sampling)
Chain 5:                7737.15 seconds (Total)
Chain 5: 
Chain 1: Iteration: 1800 / 2000 [ 90%]  (Sampling)
Chain 7: Iteration: 1600 / 2000 [ 80%]  (Sampling)
Chain 10: Iteration: 2000 / 2000 [100%]  (Sampling)
Chain 10: 
Chain 10:  Elapsed Time: 4246.46 seconds (Warm-up)
Chain 10:                4274.22 seconds (Sampling)
Chain 10:                8520.68 seconds (Total)
Chain 10: 
Chain 4: Iteration: 2000 / 2000 [100%]  (Sampling)
Chain 6: Iteration: 1600 / 2000 [ 80%]  (Sampling)
Chain 4: 
Chain 4:  Elapsed Time: 6289.78 seconds (Warm-up)
Chain 4:                2296.55 seconds (Sampling)
Chain 4:                8586.34 seconds (Total)
Chain 4: 
Chain 8: Iteration: 1600 / 2000 [ 80%]  (Sampling)
Chain 9: Iteration: 2000 / 2000 [100%]  (Sampling)
Chain 9: 
Chain 9:  Elapsed Time: 2586.06 seconds (Warm-up)
Chain 9:                7083.5 seconds (Sampling)
Chain 9:                9669.57 seconds (Total)
Chain 9: 
Chain 7: Iteration: 1800 / 2000 [ 90%]  (Sampling)
Chain 1: Iteration: 2000 / 2000 [100%]  (Sampling)
Chain 1: 
Chain 1:  Elapsed Time: 1863.27 seconds (Warm-up)
Chain 1:                8153.18 seconds (Sampling)
Chain 1:                10016.4 seconds (Total)
Chain 1: 
Chain 6: Iteration: 1800 / 2000 [ 90%]  (Sampling)
Chain 8: Iteration: 1800 / 2000 [ 90%]  (Sampling)
Chain 7: Iteration: 2000 / 2000 [100%]  (Sampling)
Chain 7: 
Chain 7:  Elapsed Time: 3819.77 seconds (Warm-up)
Chain 7:                7455.74 seconds (Sampling)
Chain 7:                11275.5 seconds (Total)
Chain 7: 
Chain 6: Iteration: 2000 / 2000 [100%]  (Sampling)
Chain 6: 
Chain 6:  Elapsed Time: 4003.98 seconds (Warm-up)
Chain 6:                7584.27 seconds (Sampling)
Chain 6:                11588.2 seconds (Total)
Chain 6: 
Chain 8: Iteration: 2000 / 2000 [100%]  (Sampling)
Chain 8: 
Chain 8:  Elapsed Time: 2904.18 seconds (Warm-up)
Chain 8:                9327.42 seconds (Sampling)
Chain 8:                12231.6 seconds (Total)
Chain 8: 
[1] "check 6"
[1] "------------3------------"
[1] "check 5"
[1] "use softmax = TRUE"

SAMPLING FOR MODEL 'anon_model' NOW (CHAIN 1).

SAMPLING FOR MODEL 'anon_model' NOW (CHAIN 2).

SAMPLING FOR MODEL 'anon_model' NOW (CHAIN 3).

SAMPLING FOR MODEL 'anon_model' NOW (CHAIN 4).
Chain 1: 
Chain 1: Gradient evaluation took 0.01394 seconds
Chain 1: 1000 transitions using 10 leapfrog steps per transition would take 139.4 seconds.
Chain 1: Adjust your expectations accordingly!
Chain 1: 
Chain 1: 

SAMPLING FOR MODEL 'anon_model' NOW (CHAIN 5).
Chain 2: 
Chain 2: Gradient evaluation took 0.013973 seconds
Chain 2: 1000 transitions using 10 leapfrog steps per transition would take 139.73 seconds.
Chain 2: Adjust your expectations accordingly!
Chain 2: 
Chain 2: 

SAMPLING FOR MODEL 'anon_model' NOW (CHAIN 6).
Chain 3: 
Chain 3: Gradient evaluation took 0.013998 seconds
Chain 3: 1000 transitions using 10 leapfrog steps per transition would take 139.98 seconds.
Chain 3: Adjust your expectations accordingly!
Chain 3: 
Chain 3: 
Chain 1: Iteration:    1 / 2000 [  0%]  (Warmup)

SAMPLING FOR MODEL 'anon_model' NOW (CHAIN 7).
Chain 4: 
Chain 4: Gradient evaluation took 0.014335 seconds
Chain 4: 1000 transitions using 10 leapfrog steps per transition would take 143.35 seconds.
Chain 4: Adjust your expectations accordingly!
Chain 4: 
Chain 4: 
Chain 2: Iteration:    1 / 2000 [  0%]  (Warmup)

SAMPLING FOR MODEL 'anon_model' NOW (CHAIN 8).
Chain 5: 
Chain 5: Gradient evaluation took 0.014404 seconds
Chain 5: 1000 transitions using 10 leapfrog steps per transition would take 144.04 seconds.
Chain 5: Adjust your expectations accordingly!
Chain 5: 
Chain 5: 
Chain 3: Iteration:    1 / 2000 [  0%]  (Warmup)

SAMPLING FOR MODEL 'anon_model' NOW (CHAIN 9).
Chain 6: 
Chain 6: Gradient evaluation took 0.014471 seconds
Chain 6: 1000 transitions using 10 leapfrog steps per transition would take 144.71 seconds.
Chain 6: Adjust your expectations accordingly!
Chain 6: 
Chain 6: 
Chain 4: Iteration:    1 / 2000 [  0%]  (Warmup)

SAMPLING FOR MODEL 'anon_model' NOW (CHAIN 10).
Chain 7: 
Chain 7: Gradient evaluation took 0.014647 seconds
Chain 7: 1000 transitions using 10 leapfrog steps per transition would take 146.47 seconds.
Chain 7: Adjust your expectations accordingly!
Chain 7: 
Chain 7: 
Chain 5: Iteration:    1 / 2000 [  0%]  (Warmup)
Chain 8: 
Chain 8: Gradient evaluation took 0.015037 seconds
Chain 8: 1000 transitions using 10 leapfrog steps per transition would take 150.37 seconds.
Chain 8: Adjust your expectations accordingly!
Chain 8: 
Chain 8: 
Chain 6: Iteration:    1 / 2000 [  0%]  (Warmup)
Chain 9: 
Chain 9: Gradient evaluation took 0.014758 seconds
Chain 9: 1000 transitions using 10 leapfrog steps per transition would take 147.58 seconds.
Chain 9: Adjust your expectations accordingly!
Chain 9: 
Chain 9: 
Chain 7: Iteration:    1 / 2000 [  0%]  (Warmup)
Chain 10: 
Chain 10: Gradient evaluation took 0.015082 seconds
Chain 10: 1000 transitions using 10 leapfrog steps per transition would take 150.82 seconds.
Chain 10: Adjust your expectations accordingly!
Chain 10: 
Chain 10: 
Chain 8: Iteration:    1 / 2000 [  0%]  (Warmup)
Chain 9: Iteration:    1 / 2000 [  0%]  (Warmup)
Chain 10: Iteration:    1 / 2000 [  0%]  (Warmup)
Chain 3: Iteration:  200 / 2000 [ 10%]  (Warmup)
Chain 10: Iteration:  200 / 2000 [ 10%]  (Warmup)
Chain 6: Iteration:  200 / 2000 [ 10%]  (Warmup)
Chain 5: Iteration:  200 / 2000 [ 10%]  (Warmup)
Chain 2: Iteration:  200 / 2000 [ 10%]  (Warmup)
Chain 4: Iteration:  200 / 2000 [ 10%]  (Warmup)
Chain 9: Iteration:  200 / 2000 [ 10%]  (Warmup)
Chain 8: Iteration:  200 / 2000 [ 10%]  (Warmup)
Chain 10: Iteration:  400 / 2000 [ 20%]  (Warmup)
Chain 2: Iteration:  400 / 2000 [ 20%]  (Warmup)
Chain 6: Iteration:  400 / 2000 [ 20%]  (Warmup)
Chain 1: Iteration:  200 / 2000 [ 10%]  (Warmup)
Chain 5: Iteration:  400 / 2000 [ 20%]  (Warmup)
Chain 4: Iteration:  400 / 2000 [ 20%]  (Warmup)
Chain 3: Iteration:  400 / 2000 [ 20%]  (Warmup)
Chain 9: Iteration:  400 / 2000 [ 20%]  (Warmup)
Chain 5: Iteration:  600 / 2000 [ 30%]  (Warmup)
Chain 4: Iteration:  600 / 2000 [ 30%]  (Warmup)
Chain 10: Iteration:  600 / 2000 [ 30%]  (Warmup)
Chain 2: Iteration:  600 / 2000 [ 30%]  (Warmup)
Chain 7: Iteration:  200 / 2000 [ 10%]  (Warmup)
Chain 9: Iteration:  600 / 2000 [ 30%]  (Warmup)
Chain 1: Iteration:  400 / 2000 [ 20%]  (Warmup)
Chain 6: Iteration:  600 / 2000 [ 30%]  (Warmup)
Chain 2: Iteration:  800 / 2000 [ 40%]  (Warmup)
Chain 5: Iteration:  800 / 2000 [ 40%]  (Warmup)
Chain 4: Iteration:  800 / 2000 [ 40%]  (Warmup)
Chain 10: Iteration:  800 / 2000 [ 40%]  (Warmup)
Chain 9: Iteration:  800 / 2000 [ 40%]  (Warmup)
Chain 1: Iteration:  600 / 2000 [ 30%]  (Warmup)
Chain 2: Iteration: 1000 / 2000 [ 50%]  (Warmup)
Chain 2: Iteration: 1001 / 2000 [ 50%]  (Sampling)
Chain 8: Iteration:  400 / 2000 [ 20%]  (Warmup)
Chain 1: Iteration:  800 / 2000 [ 40%]  (Warmup)
Chain 7: Iteration:  400 / 2000 [ 20%]  (Warmup)
Chain 6: Iteration:  800 / 2000 [ 40%]  (Warmup)
Chain 3: Iteration:  600 / 2000 [ 30%]  (Warmup)
Chain 2: Iteration: 1200 / 2000 [ 60%]  (Sampling)
Chain 4: Iteration: 1000 / 2000 [ 50%]  (Warmup)
Chain 1: Iteration: 1000 / 2000 [ 50%]  (Warmup)
Chain 4: Iteration: 1001 / 2000 [ 50%]  (Sampling)
Chain 1: Iteration: 1001 / 2000 [ 50%]  (Sampling)
Chain 5: Iteration: 1000 / 2000 [ 50%]  (Warmup)
Chain 5: Iteration: 1001 / 2000 [ 50%]  (Sampling)
Chain 1: Iteration: 1200 / 2000 [ 60%]  (Sampling)
Chain 10: Iteration: 1000 / 2000 [ 50%]  (Warmup)
Chain 8: Iteration:  600 / 2000 [ 30%]  (Warmup)
Chain 10: Iteration: 1001 / 2000 [ 50%]  (Sampling)
Chain 4: Iteration: 1200 / 2000 [ 60%]  (Sampling)
Chain 9: Iteration: 1000 / 2000 [ 50%]  (Warmup)
Chain 9: Iteration: 1001 / 2000 [ 50%]  (Sampling)
Chain 2: Iteration: 1400 / 2000 [ 70%]  (Sampling)
Chain 8: Iteration:  800 / 2000 [ 40%]  (Warmup)
Chain 1: Iteration: 1400 / 2000 [ 70%]  (Sampling)
Chain 6: Iteration: 1000 / 2000 [ 50%]  (Warmup)
Chain 7: Iteration:  600 / 2000 [ 30%]  (Warmup)
Chain 6: Iteration: 1001 / 2000 [ 50%]  (Sampling)
Chain 5: Iteration: 1200 / 2000 [ 60%]  (Sampling)
Chain 4: Iteration: 1400 / 2000 [ 70%]  (Sampling)
Chain 10: Iteration: 1200 / 2000 [ 60%]  (Sampling)
Chain 2: Iteration: 1600 / 2000 [ 80%]  (Sampling)
Chain 8: Iteration: 1000 / 2000 [ 50%]  (Warmup)
Chain 8: Iteration: 1001 / 2000 [ 50%]  (Sampling)
Chain 1: Iteration: 1600 / 2000 [ 80%]  (Sampling)
Chain 6: Iteration: 1200 / 2000 [ 60%]  (Sampling)
Chain 3: Iteration:  800 / 2000 [ 40%]  (Warmup)
Chain 2: Iteration: 1800 / 2000 [ 90%]  (Sampling)
Chain 8: Iteration: 1200 / 2000 [ 60%]  (Sampling)
Chain 1: Iteration: 1800 / 2000 [ 90%]  (Sampling)
Chain 10: Iteration: 1400 / 2000 [ 70%]  (Sampling)
Chain 5: Iteration: 1400 / 2000 [ 70%]  (Sampling)
Chain 2: Iteration: 2000 / 2000 [100%]  (Sampling)
Chain 7: Iteration:  800 / 2000 [ 40%]  (Warmup)
Chain 2: 
Chain 2:  Elapsed Time: 2073.97 seconds (Warm-up)
Chain 2:                3224.18 seconds (Sampling)
Chain 2:                5298.15 seconds (Total)
Chain 2: 
Chain 4: Iteration: 1600 / 2000 [ 80%]  (Sampling)
Chain 6: Iteration: 1400 / 2000 [ 70%]  (Sampling)
Chain 9: Iteration: 1200 / 2000 [ 60%]  (Sampling)
Chain 8: Iteration: 1400 / 2000 [ 70%]  (Sampling)
Chain 7: Iteration: 1000 / 2000 [ 50%]  (Warmup)
Chain 7: Iteration: 1001 / 2000 [ 50%]  (Sampling)
Chain 10: Iteration: 1600 / 2000 [ 80%]  (Sampling)
Chain 6: Iteration: 1600 / 2000 [ 80%]  (Sampling)
Chain 5: Iteration: 1600 / 2000 [ 80%]  (Sampling)
Chain 4: Iteration: 1800 / 2000 [ 90%]  (Sampling)
Chain 7: Iteration: 1200 / 2000 [ 60%]  (Sampling)
Chain 1: Iteration: 2000 / 2000 [100%]  (Sampling)
Chain 1: 
Chain 1:  Elapsed Time: 2934.18 seconds (Warm-up)
Chain 1:                3685.13 seconds (Sampling)
Chain 1:                6619.31 seconds (Total)
Chain 1: 
Chain 7: Iteration: 1400 / 2000 [ 70%]  (Sampling)
Chain 3: Iteration: 1000 / 2000 [ 50%]  (Warmup)
Chain 3: Iteration: 1001 / 2000 [ 50%]  (Sampling)
Chain 8: Iteration: 1600 / 2000 [ 80%]  (Sampling)
Chain 9: Iteration: 1400 / 2000 [ 70%]  (Sampling)
Chain 10: Iteration: 1800 / 2000 [ 90%]  (Sampling)
Chain 7: Iteration: 1600 / 2000 [ 80%]  (Sampling)
Chain 6: Iteration: 1800 / 2000 [ 90%]  (Sampling)
Chain 5: Iteration: 1800 / 2000 [ 90%]  (Sampling)
Chain 7: Iteration: 1800 / 2000 [ 90%]  (Sampling)
Chain 4: Iteration: 2000 / 2000 [100%]  (Sampling)
Chain 4: 
Chain 4:  Elapsed Time: 2932.04 seconds (Warm-up)
Chain 4:                5244.54 seconds (Sampling)
Chain 4:                8176.58 seconds (Total)
Chain 4: 
Chain 5: Iteration: 2000 / 2000 [100%]  (Sampling)
Chain 5: 
Chain 5:  Elapsed Time: 2985.88 seconds (Warm-up)
Chain 5:                5519.77 seconds (Sampling)
Chain 5:                8505.65 seconds (Total)
Chain 5: 
Chain 9: Iteration: 1600 / 2000 [ 80%]  (Sampling)
Chain 10: Iteration: 2000 / 2000 [100%]  (Sampling)
Chain 6: Iteration: 2000 / 2000 [100%]  (Sampling)
Chain 10: 
Chain 10:  Elapsed Time: 3267.33 seconds (Warm-up)
Chain 10:                5349.07 seconds (Sampling)
Chain 10:                8616.41 seconds (Total)
Chain 10: 
Chain 6: 
Chain 6:  Elapsed Time: 3890.7 seconds (Warm-up)
Chain 6:                4726.52 seconds (Sampling)
Chain 6:                8617.22 seconds (Total)
Chain 6: 
Chain 7: Iteration: 2000 / 2000 [100%]  (Sampling)
Chain 7: 
Chain 7:  Elapsed Time: 6201.26 seconds (Warm-up)
Chain 7:                2542.9 seconds (Sampling)
Chain 7:                8744.16 seconds (Total)
Chain 7: 
Chain 3: Iteration: 1200 / 2000 [ 60%]  (Sampling)
Chain 8: Iteration: 1800 / 2000 [ 90%]  (Sampling)
Chain 9: Iteration: 1800 / 2000 [ 90%]  (Sampling)
Chain 3: Iteration: 1400 / 2000 [ 70%]  (Sampling)
Chain 8: Iteration: 2000 / 2000 [100%]  (Sampling)
Chain 8: 
Chain 8:  Elapsed Time: 4312.11 seconds (Warm-up)
Chain 8:                6343.85 seconds (Sampling)
Chain 8:                10656 seconds (Total)
Chain 8: 
Chain 9: Iteration: 2000 / 2000 [100%]  (Sampling)
Chain 9: 
Chain 9:  Elapsed Time: 3548.46 seconds (Warm-up)
Chain 9:                7839.53 seconds (Sampling)
Chain 9:                11388 seconds (Total)
Chain 9: 
Chain 3: Iteration: 1600 / 2000 [ 80%]  (Sampling)
Chain 3: Iteration: 1800 / 2000 [ 90%]  (Sampling)
Chain 3: Iteration: 2000 / 2000 [100%]  (Sampling)
Chain 3: 
Chain 3:  Elapsed Time: 6848.21 seconds (Warm-up)
Chain 3:                7258.01 seconds (Sampling)
Chain 3:                14106.2 seconds (Total)
Chain 3: 
[1] "check 6"
[1] "------------4------------"
[1] "check 5"
[1] "use softmax = TRUE"

SAMPLING FOR MODEL 'anon_model' NOW (CHAIN 1).

SAMPLING FOR MODEL 'anon_model' NOW (CHAIN 2).

SAMPLING FOR MODEL 'anon_model' NOW (CHAIN 3).

SAMPLING FOR MODEL 'anon_model' NOW (CHAIN 4).
Chain 1: 
Chain 1: Gradient evaluation took 0.016966 seconds
Chain 1: 1000 transitions using 10 leapfrog steps per transition would take 169.66 seconds.
Chain 1: Adjust your expectations accordingly!
Chain 1: 
Chain 1: 

SAMPLING FOR MODEL 'anon_model' NOW (CHAIN 5).
Chain 2: 
Chain 2: Gradient evaluation took 0.017226 seconds
Chain 2: 1000 transitions using 10 leapfrog steps per transition would take 172.26 seconds.
Chain 2: Adjust your expectations accordingly!
Chain 2: 
Chain 2: 

SAMPLING FOR MODEL 'anon_model' NOW (CHAIN 6).
Chain 3: 
Chain 3: Gradient evaluation took 0.029324 seconds
Chain 3: 1000 transitions using 10 leapfrog steps per transition would take 293.24 seconds.
Chain 3: Adjust your expectations accordingly!
Chain 3: 
Chain 3: 

SAMPLING FOR MODEL 'anon_model' NOW (CHAIN 7).
Chain 1: Iteration:    1 / 2000 [  0%]  (Warmup)
Chain 4: 
Chain 4: Gradient evaluation took 0.029435 seconds
Chain 4: 1000 transitions using 10 leapfrog steps per transition would take 294.35 seconds.
Chain 4: Adjust your expectations accordingly!
Chain 4: 
Chain 4: 

SAMPLING FOR MODEL 'anon_model' NOW (CHAIN 8).
Chain 2: Iteration:    1 / 2000 [  0%]  (Warmup)
Chain 5: 
Chain 5: Gradient evaluation took 0.029041 seconds
Chain 5: 1000 transitions using 10 leapfrog steps per transition would take 290.41 seconds.
Chain 5: Adjust your expectations accordingly!
Chain 5: 
Chain 5: 

SAMPLING FOR MODEL 'anon_model' NOW (CHAIN 9).
Chain 6: 
Chain 6: Gradient evaluation took 0.017594 seconds
Chain 6: 1000 transitions using 10 leapfrog steps per transition would take 175.94 seconds.
Chain 6: Adjust your expectations accordingly!
Chain 6: 
Chain 6: 
Chain 3: Iteration:    1 / 2000 [  0%]  (Warmup)

SAMPLING FOR MODEL 'anon_model' NOW (CHAIN 10).
Chain 4: Iteration:    1 / 2000 [  0%]  (Warmup)
Chain 7: 
Chain 7: Gradient evaluation took 0.029548 seconds
Chain 7: 1000 transitions using 10 leapfrog steps per transition would take 295.48 seconds.
Chain 7: Adjust your expectations accordingly!
Chain 7: 
Chain 7: 
Chain 8: 
Chain 8: Gradient evaluation took 0.018007 seconds
Chain 8: 1000 transitions using 10 leapfrog steps per transition would take 180.07 seconds.
Chain 8: Adjust your expectations accordingly!
Chain 8: 
Chain 8: 
Chain 5: Iteration:    1 / 2000 [  0%]  (Warmup)
Chain 6: Iteration:    1 / 2000 [  0%]  (Warmup)
Chain 9: 
Chain 9: Gradient evaluation took 0.029562 seconds
Chain 9: 1000 transitions using 10 leapfrog steps per transition would take 295.62 seconds.
Chain 9: Adjust your expectations accordingly!
Chain 9: 
Chain 9: 
Chain 10: 
Chain 10: Gradient evaluation took 0.018014 seconds
Chain 10: 1000 transitions using 10 leapfrog steps per transition would take 180.14 seconds.
Chain 10: Adjust your expectations accordingly!
Chain 10: 
Chain 10: 
Chain 7: Iteration:    1 / 2000 [  0%]  (Warmup)
Chain 8: Iteration:    1 / 2000 [  0%]  (Warmup)
Chain 9: Iteration:    1 / 2000 [  0%]  (Warmup)
Chain 10: Iteration:    1 / 2000 [  0%]  (Warmup)
Chain 10: Iteration:  200 / 2000 [ 10%]  (Warmup)
Chain 3: Iteration:  200 / 2000 [ 10%]  (Warmup)
Chain 6: Iteration:  200 / 2000 [ 10%]  (Warmup)
Chain 9: Iteration:  200 / 2000 [ 10%]  (Warmup)
Chain 7: Iteration:  200 / 2000 [ 10%]  (Warmup)
Chain 5: Iteration:  200 / 2000 [ 10%]  (Warmup)
Chain 3: Iteration:  400 / 2000 [ 20%]  (Warmup)
Chain 8: Iteration:  200 / 2000 [ 10%]  (Warmup)
Chain 1: Iteration:  200 / 2000 [ 10%]  (Warmup)
Chain 1: Iteration:  400 / 2000 [ 20%]  (Warmup)
Chain 1: Iteration:  600 / 2000 [ 30%]  (Warmup)
Chain 1: Iteration:  800 / 2000 [ 40%]  (Warmup)
Chain 10: Iteration:  400 / 2000 [ 20%]  (Warmup)
Chain 2: Iteration:  200 / 2000 [ 10%]  (Warmup)
Chain 6: Iteration:  400 / 2000 [ 20%]  (Warmup)
Chain 9: Iteration:  400 / 2000 [ 20%]  (Warmup)
Chain 7: Iteration:  400 / 2000 [ 20%]  (Warmup)
Chain 8: Iteration:  400 / 2000 [ 20%]  (Warmup)
Chain 5: Iteration:  400 / 2000 [ 20%]  (Warmup)
Chain 9: Iteration:  600 / 2000 [ 30%]  (Warmup)
Chain 1: Iteration: 1000 / 2000 [ 50%]  (Warmup)
Chain 4: Iteration:  200 / 2000 [ 10%]  (Warmup)
Chain 1: Iteration: 1001 / 2000 [ 50%]  (Sampling)
Chain 8: Iteration:  600 / 2000 [ 30%]  (Warmup)
Chain 1: Iteration: 1200 / 2000 [ 60%]  (Sampling)
Chain 7: Iteration:  600 / 2000 [ 30%]  (Warmup)
Chain 9: Iteration:  800 / 2000 [ 40%]  (Warmup)
Chain 5: Iteration:  600 / 2000 [ 30%]  (Warmup)
Chain 6: Iteration:  600 / 2000 [ 30%]  (Warmup)
Chain 1: Iteration: 1400 / 2000 [ 70%]  (Sampling)
Chain 2: Iteration:  400 / 2000 [ 20%]  (Warmup)
Chain 3: Iteration:  600 / 2000 [ 30%]  (Warmup)
Chain 1: Iteration: 1600 / 2000 [ 80%]  (Sampling)
Chain 10: Iteration:  600 / 2000 [ 30%]  (Warmup)
Chain 5: Iteration:  800 / 2000 [ 40%]  (Warmup)
Chain 9: Iteration: 1000 / 2000 [ 50%]  (Warmup)
Chain 9: Iteration: 1001 / 2000 [ 50%]  (Sampling)
Chain 4: Iteration:  400 / 2000 [ 20%]  (Warmup)
Chain 8: Iteration:  800 / 2000 [ 40%]  (Warmup)
Chain 2: Iteration:  600 / 2000 [ 30%]  (Warmup)
Chain 4: Iteration:  600 / 2000 [ 30%]  (Warmup)
Chain 9: Iteration: 1200 / 2000 [ 60%]  (Sampling)
Chain 5: Iteration: 1000 / 2000 [ 50%]  (Warmup)
Chain 5: Iteration: 1001 / 2000 [ 50%]  (Sampling)
Chain 4: Iteration:  800 / 2000 [ 40%]  (Warmup)
Chain 2: Iteration:  800 / 2000 [ 40%]  (Warmup)
Chain 7: Iteration:  800 / 2000 [ 40%]  (Warmup)
Chain 1: Iteration: 1800 / 2000 [ 90%]  (Sampling)
Chain 4: Iteration: 1000 / 2000 [ 50%]  (Warmup)
Chain 4: Iteration: 1001 / 2000 [ 50%]  (Sampling)
Chain 2: Iteration: 1000 / 2000 [ 50%]  (Warmup)
Chain 2: Iteration: 1001 / 2000 [ 50%]  (Sampling)
Chain 9: Iteration: 1400 / 2000 [ 70%]  (Sampling)
Chain 5: Iteration: 1200 / 2000 [ 60%]  (Sampling)
Chain 8: Iteration: 1000 / 2000 [ 50%]  (Warmup)
Chain 8: Iteration: 1001 / 2000 [ 50%]  (Sampling)
Chain 6: Iteration:  800 / 2000 [ 40%]  (Warmup)
Chain 4: Iteration: 1200 / 2000 [ 60%]  (Sampling)
Chain 10: Iteration:  800 / 2000 [ 40%]  (Warmup)
Chain 1: Iteration: 2000 / 2000 [100%]  (Sampling)
Chain 1: 
Chain 1:  Elapsed Time: 996.766 seconds (Warm-up)
Chain 1:                2526.6 seconds (Sampling)
Chain 1:                3523.36 seconds (Total)
Chain 1: 
Chain 9: Iteration: 1600 / 2000 [ 80%]  (Sampling)
Chain 4: Iteration: 1400 / 2000 [ 70%]  (Sampling)
Chain 3: Iteration:  800 / 2000 [ 40%]  (Warmup)
Chain 2: Iteration: 1200 / 2000 [ 60%]  (Sampling)
Chain 5: Iteration: 1400 / 2000 [ 70%]  (Sampling)
Chain 7: Iteration: 1000 / 2000 [ 50%]  (Warmup)
Chain 7: Iteration: 1001 / 2000 [ 50%]  (Sampling)
Chain 6: Iteration: 1000 / 2000 [ 50%]  (Warmup)
Chain 6: Iteration: 1001 / 2000 [ 50%]  (Sampling)
Chain 4: Iteration: 1600 / 2000 [ 80%]  (Sampling)
Chain 10: Iteration: 1000 / 2000 [ 50%]  (Warmup)
Chain 10: Iteration: 1001 / 2000 [ 50%]  (Sampling)
Chain 10: Iteration: 1200 / 2000 [ 60%]  (Sampling)
Chain 6: Iteration: 1200 / 2000 [ 60%]  (Sampling)
Chain 2: Iteration: 1400 / 2000 [ 70%]  (Sampling)
Chain 8: Iteration: 1200 / 2000 [ 60%]  (Sampling)
Chain 4: Iteration: 1800 / 2000 [ 90%]  (Sampling)
Chain 7: Iteration: 1200 / 2000 [ 60%]  (Sampling)
Chain 3: Iteration: 1000 / 2000 [ 50%]  (Warmup)
Chain 3: Iteration: 1001 / 2000 [ 50%]  (Sampling)
Chain 9: Iteration: 1800 / 2000 [ 90%]  (Sampling)
Chain 10: Iteration: 1400 / 2000 [ 70%]  (Sampling)
Chain 6: Iteration: 1400 / 2000 [ 70%]  (Sampling)
Chain 5: Iteration: 1600 / 2000 [ 80%]  (Sampling)
Chain 3: Iteration: 1200 / 2000 [ 60%]  (Sampling)
Chain 7: Iteration: 1400 / 2000 [ 70%]  (Sampling)
Chain 2: Iteration: 1600 / 2000 [ 80%]  (Sampling)
Chain 3: Iteration: 1400 / 2000 [ 70%]  (Sampling)
Chain 4: Iteration: 2000 / 2000 [100%]  (Sampling)
Chain 4: 
Chain 4:  Elapsed Time: 2686.01 seconds (Warm-up)
Chain 4:                4130.77 seconds (Sampling)
Chain 4:                6816.78 seconds (Total)
Chain 4: 
Chain 6: Iteration: 1600 / 2000 [ 80%]  (Sampling)
Chain 8: Iteration: 1400 / 2000 [ 70%]  (Sampling)
Chain 9: Iteration: 2000 / 2000 [100%]  (Sampling)
Chain 7: Iteration: 1600 / 2000 [ 80%]  (Sampling)
Chain 9: 
Chain 9:  Elapsed Time: 1728.68 seconds (Warm-up)
Chain 9:                5959.32 seconds (Sampling)
Chain 9:                7688 seconds (Total)
Chain 9: 
Chain 10: Iteration: 1600 / 2000 [ 80%]  (Sampling)
Chain 5: Iteration: 1800 / 2000 [ 90%]  (Sampling)
Chain 3: Iteration: 1600 / 2000 [ 80%]  (Sampling)
Chain 2: Iteration: 1800 / 2000 [ 90%]  (Sampling)
Chain 7: Iteration: 1800 / 2000 [ 90%]  (Sampling)
Chain 6: Iteration: 1800 / 2000 [ 90%]  (Sampling)
Chain 8: Iteration: 1600 / 2000 [ 80%]  (Sampling)
Chain 7: Iteration: 2000 / 2000 [100%]  (Sampling)
Chain 7: 
Chain 7:  Elapsed Time: 3957.81 seconds (Warm-up)
Chain 7:                6040.54 seconds (Sampling)
Chain 7:                9998.35 seconds (Total)
Chain 7: 
Chain 10: Iteration: 1800 / 2000 [ 90%]  (Sampling)
Chain 5: Iteration: 2000 / 2000 [100%]  (Sampling)
Chain 5: 
Chain 5:  Elapsed Time: 2238.71 seconds (Warm-up)
Chain 5:                8017.04 seconds (Sampling)
Chain 5:                10255.8 seconds (Total)
Chain 5: 
Chain 2: Iteration: 2000 / 2000 [100%]  (Sampling)
Chain 2: 
Chain 2:  Elapsed Time: 2745.55 seconds (Warm-up)
Chain 2:                7790.69 seconds (Sampling)
Chain 2:                10536.2 seconds (Total)
Chain 2: 
Chain 3: Iteration: 1800 / 2000 [ 90%]  (Sampling)
Chain 6: Iteration: 2000 / 2000 [100%]  (Sampling)
Chain 6: 
Chain 6:  Elapsed Time: 4156.29 seconds (Warm-up)
Chain 6:                6856.56 seconds (Sampling)
Chain 6:                11012.9 seconds (Total)
Chain 6: 
Chain 8: Iteration: 1800 / 2000 [ 90%]  (Sampling)
Chain 10: Iteration: 2000 / 2000 [100%]  (Sampling)
Chain 10: 
Chain 10:  Elapsed Time: 4267.87 seconds (Warm-up)
Chain 10:                7595.09 seconds (Sampling)
Chain 10:                11863 seconds (Total)
Chain 10: 
Chain 3: Iteration: 2000 / 2000 [100%]  (Sampling)
Chain 3: 
Chain 3:  Elapsed Time: 5436.82 seconds (Warm-up)
Chain 3:                6768.86 seconds (Sampling)
Chain 3:                12205.7 seconds (Total)
Chain 3: 
Chain 8: Iteration: 2000 / 2000 [100%]  (Sampling)
Chain 8: 
Chain 8:  Elapsed Time: 2845.29 seconds (Warm-up)
Chain 8:                9860.43 seconds (Sampling)
Chain 8:                12705.7 seconds (Total)
Chain 8: 
[1] "check 6"
[1] "------------5------------"
[1] "check 5"
[1] "use softmax = TRUE"

SAMPLING FOR MODEL 'anon_model' NOW (CHAIN 1).

SAMPLING FOR MODEL 'anon_model' NOW (CHAIN 2).

SAMPLING FOR MODEL 'anon_model' NOW (CHAIN 3).
Chain 1: 
Chain 1: Gradient evaluation took 0.017504 seconds
Chain 1: 1000 transitions using 10 leapfrog steps per transition would take 175.04 seconds.
Chain 1: Adjust your expectations accordingly!
Chain 1: 
Chain 1: 

SAMPLING FOR MODEL 'anon_model' NOW (CHAIN 4).
Chain 2: 
Chain 2: Gradient evaluation took 0.018035 seconds
Chain 2: 1000 transitions using 10 leapfrog steps per transition would take 180.35 seconds.
Chain 2: Adjust your expectations accordingly!
Chain 2: 
Chain 2: 

SAMPLING FOR MODEL 'anon_model' NOW (CHAIN 5).
Chain 1: Iteration:    1 / 2000 [  0%]  (Warmup)
Chain 3: 
Chain 3: Gradient evaluation took 0.018332 seconds
Chain 3: 1000 transitions using 10 leapfrog steps per transition would take 183.32 seconds.
Chain 3: Adjust your expectations accordingly!
Chain 3: 
Chain 3: 

SAMPLING FOR MODEL 'anon_model' NOW (CHAIN 6).
Chain 2: Iteration:    1 / 2000 [  0%]  (Warmup)
Chain 4: 
Chain 4: Gradient evaluation took 0.018501 seconds
Chain 4: 1000 transitions using 10 leapfrog steps per transition would take 185.01 seconds.
Chain 4: Adjust your expectations accordingly!
Chain 4: 
Chain 4: 

SAMPLING FOR MODEL 'anon_model' NOW (CHAIN 7).
Chain 3: Iteration:    1 / 2000 [  0%]  (Warmup)
Chain 5: 
Chain 5: Gradient evaluation took 0.018324 seconds
Chain 5: 1000 transitions using 10 leapfrog steps per transition would take 183.24 seconds.
Chain 5: Adjust your expectations accordingly!
Chain 5: 
Chain 5: 

SAMPLING FOR MODEL 'anon_model' NOW (CHAIN 8).
Chain 4: Iteration:    1 / 2000 [  0%]  (Warmup)
Chain 6: 
Chain 6: Gradient evaluation took 0.018731 seconds
Chain 6: 1000 transitions using 10 leapfrog steps per transition would take 187.31 seconds.
Chain 6: Adjust your expectations accordingly!
Chain 6: 
Chain 6: 

SAMPLING FOR MODEL 'anon_model' NOW (CHAIN 9).
Chain 5: Iteration:    1 / 2000 [  0%]  (Warmup)
Chain 7: 
Chain 7: Gradient evaluation took 0.018466 seconds
Chain 7: 1000 transitions using 10 leapfrog steps per transition would take 184.66 seconds.
Chain 7: Adjust your expectations accordingly!
Chain 7: 
Chain 7: 

SAMPLING FOR MODEL 'anon_model' NOW (CHAIN 10).
Chain 8: 
Chain 8: Gradient evaluation took 0.018514 seconds
Chain 8: 1000 transitions using 10 leapfrog steps per transition would take 185.14 seconds.
Chain 8: Adjust your expectations accordingly!
Chain 8: 
Chain 8: 
Chain 6: Iteration:    1 / 2000 [  0%]  (Warmup)
Chain 9: 
Chain 9: Gradient evaluation took 0.018614 seconds
Chain 9: 1000 transitions using 10 leapfrog steps per transition would take 186.14 seconds.
Chain 9: Adjust your expectations accordingly!
Chain 9: 
Chain 9: 
Chain 7: Iteration:    1 / 2000 [  0%]  (Warmup)
Chain 8: Iteration:    1 / 2000 [  0%]  (Warmup)
Chain 10: 
Chain 10: Gradient evaluation took 0.018262 seconds
Chain 10: 1000 transitions using 10 leapfrog steps per transition would take 182.62 seconds.
Chain 10: Adjust your expectations accordingly!
Chain 10: 
Chain 10: 
Chain 9: Iteration:    1 / 2000 [  0%]  (Warmup)
Chain 10: Iteration:    1 / 2000 [  0%]  (Warmup)
Chain 5: Iteration:  200 / 2000 [ 10%]  (Warmup)
Chain 1: Iteration:  200 / 2000 [ 10%]  (Warmup)
Chain 3: Iteration:  200 / 2000 [ 10%]  (Warmup)
Chain 2: Iteration:  200 / 2000 [ 10%]  (Warmup)
Chain 8: Iteration:  200 / 2000 [ 10%]  (Warmup)
Chain 1: Iteration:  400 / 2000 [ 20%]  (Warmup)
Chain 4: Iteration:  200 / 2000 [ 10%]  (Warmup)
Chain 6: Iteration:  200 / 2000 [ 10%]  (Warmup)
Chain 5: Iteration:  400 / 2000 [ 20%]  (Warmup)
Chain 7: Iteration:  200 / 2000 [ 10%]  (Warmup)
Chain 9: Iteration:  200 / 2000 [ 10%]  (Warmup)
Chain 8: Iteration:  400 / 2000 [ 20%]  (Warmup)
Chain 2: Iteration:  400 / 2000 [ 20%]  (Warmup)
Chain 7: Iteration:  400 / 2000 [ 20%]  (Warmup)
Chain 1: Iteration:  600 / 2000 [ 30%]  (Warmup)
Chain 6: Iteration:  400 / 2000 [ 20%]  (Warmup)
Chain 4: Iteration:  400 / 2000 [ 20%]  (Warmup)
Chain 10: Iteration:  200 / 2000 [ 10%]  (Warmup)
Chain 8: Iteration:  600 / 2000 [ 30%]  (Warmup)
Chain 4: Iteration:  600 / 2000 [ 30%]  (Warmup)
Chain 10: Iteration:  400 / 2000 [ 20%]  (Warmup)
Chain 7: Iteration:  600 / 2000 [ 30%]  (Warmup)
Chain 6: Iteration:  600 / 2000 [ 30%]  (Warmup)
Chain 9: Iteration:  400 / 2000 [ 20%]  (Warmup)
Chain 5: Iteration:  600 / 2000 [ 30%]  (Warmup)
Chain 8: Iteration:  800 / 2000 [ 40%]  (Warmup)
Chain 4: Iteration:  800 / 2000 [ 40%]  (Warmup)
Chain 2: Iteration:  600 / 2000 [ 30%]  (Warmup)
Chain 3: Iteration:  400 / 2000 [ 20%]  (Warmup)
Chain 8: Iteration: 1000 / 2000 [ 50%]  (Warmup)
Chain 8: Iteration: 1001 / 2000 [ 50%]  (Sampling)
Chain 10: Iteration:  600 / 2000 [ 30%]  (Warmup)
Chain 4: Iteration: 1000 / 2000 [ 50%]  (Warmup)
Chain 4: Iteration: 1001 / 2000 [ 50%]  (Sampling)
Chain 2: Iteration:  800 / 2000 [ 40%]  (Warmup)
Chain 10: Iteration:  800 / 2000 [ 40%]  (Warmup)
Chain 8: Iteration: 1200 / 2000 [ 60%]  (Sampling)
Chain 7: Iteration:  800 / 2000 [ 40%]  (Warmup)
Chain 3: Iteration:  600 / 2000 [ 30%]  (Warmup)
Chain 6: Iteration:  800 / 2000 [ 40%]  (Warmup)
Chain 9: Iteration:  600 / 2000 [ 30%]  (Warmup)
Chain 5: Iteration:  800 / 2000 [ 40%]  (Warmup)
Chain 4: Iteration: 1200 / 2000 [ 60%]  (Sampling)
Chain 1: Iteration:  800 / 2000 [ 40%]  (Warmup)
Chain 10: Iteration: 1000 / 2000 [ 50%]  (Warmup)
Chain 10: Iteration: 1001 / 2000 [ 50%]  (Sampling)
Chain 3: Iteration:  800 / 2000 [ 40%]  (Warmup)
Chain 8: Iteration: 1400 / 2000 [ 70%]  (Sampling)
Chain 9: Iteration:  800 / 2000 [ 40%]  (Warmup)
Chain 4: Iteration: 1400 / 2000 [ 70%]  (Sampling)
Chain 2: Iteration: 1000 / 2000 [ 50%]  (Warmup)
Chain 2: Iteration: 1001 / 2000 [ 50%]  (Sampling)
Chain 3: Iteration: 1000 / 2000 [ 50%]  (Warmup)
Chain 3: Iteration: 1001 / 2000 [ 50%]  (Sampling)
Chain 3: Iteration: 1200 / 2000 [ 60%]  (Sampling)
Chain 9: Iteration: 1000 / 2000 [ 50%]  (Warmup)
Chain 9: Iteration: 1001 / 2000 [ 50%]  (Sampling)
Chain 10: Iteration: 1200 / 2000 [ 60%]  (Sampling)
Chain 8: Iteration: 1600 / 2000 [ 80%]  (Sampling)
Chain 5: Iteration: 1000 / 2000 [ 50%]  (Warmup)
Chain 5: Iteration: 1001 / 2000 [ 50%]  (Sampling)
Chain 7: Iteration: 1000 / 2000 [ 50%]  (Warmup)
Chain 7: Iteration: 1001 / 2000 [ 50%]  (Sampling)
Chain 6: Iteration: 1000 / 2000 [ 50%]  (Warmup)
Chain 6: Iteration: 1001 / 2000 [ 50%]  (Sampling)
Chain 4: Iteration: 1600 / 2000 [ 80%]  (Sampling)
Chain 3: Iteration: 1400 / 2000 [ 70%]  (Sampling)
Chain 5: Iteration: 1200 / 2000 [ 60%]  (Sampling)
Chain 1: Iteration: 1000 / 2000 [ 50%]  (Warmup)
Chain 1: Iteration: 1001 / 2000 [ 50%]  (Sampling)
Chain 5: Iteration: 1400 / 2000 [ 70%]  (Sampling)
Chain 7: Iteration: 1200 / 2000 [ 60%]  (Sampling)
Chain 8: Iteration: 1800 / 2000 [ 90%]  (Sampling)
Chain 2: Iteration: 1200 / 2000 [ 60%]  (Sampling)
Chain 5: Iteration: 1600 / 2000 [ 80%]  (Sampling)
Chain 4: Iteration: 1800 / 2000 [ 90%]  (Sampling)
Chain 9: Iteration: 1200 / 2000 [ 60%]  (Sampling)
Chain 3: Iteration: 1600 / 2000 [ 80%]  (Sampling)
Chain 10: Iteration: 1400 / 2000 [ 70%]  (Sampling)
Chain 6: Iteration: 1200 / 2000 [ 60%]  (Sampling)
Chain 5: Iteration: 1800 / 2000 [ 90%]  (Sampling)
Chain 7: Iteration: 1400 / 2000 [ 70%]  (Sampling)
Chain 1: Iteration: 1200 / 2000 [ 60%]  (Sampling)
Chain 8: Iteration: 2000 / 2000 [100%]  (Sampling)
Chain 8: 
Chain 8:  Elapsed Time: 1782.38 seconds (Warm-up)
Chain 8:                5061.08 seconds (Sampling)
Chain 8:                6843.46 seconds (Total)
Chain 8: 
Chain 5: Iteration: 2000 / 2000 [100%]  (Sampling)
Chain 5: 
Chain 5:  Elapsed Time: 4086.14 seconds (Warm-up)
Chain 5:                2884.75 seconds (Sampling)
Chain 5:                6970.89 seconds (Total)
Chain 5: 
Chain 7: Iteration: 1600 / 2000 [ 80%]  (Sampling)
Chain 2: Iteration: 1400 / 2000 [ 70%]  (Sampling)
Chain 4: Iteration: 2000 / 2000 [100%]  (Sampling)
Chain 4: 
Chain 4:  Elapsed Time: 1872.42 seconds (Warm-up)
Chain 4:                6070.89 seconds (Sampling)
Chain 4:                7943.31 seconds (Total)
Chain 4: 
Chain 9: Iteration: 1400 / 2000 [ 70%]  (Sampling)
Chain 10: Iteration: 1600 / 2000 [ 80%]  (Sampling)
Chain 3: Iteration: 1800 / 2000 [ 90%]  (Sampling)
Chain 6: Iteration: 1400 / 2000 [ 70%]  (Sampling)
Chain 7: Iteration: 1800 / 2000 [ 90%]  (Sampling)
Chain 1: Iteration: 1400 / 2000 [ 70%]  (Sampling)
Chain 2: Iteration: 1600 / 2000 [ 80%]  (Sampling)
Chain 7: Iteration: 2000 / 2000 [100%]  (Sampling)
Chain 7: 
Chain 7:  Elapsed Time: 4127.96 seconds (Warm-up)
Chain 7:                5587.08 seconds (Sampling)
Chain 7:                9715.04 seconds (Total)
Chain 7: 
Chain 10: Iteration: 1800 / 2000 [ 90%]  (Sampling)
Chain 9: Iteration: 1600 / 2000 [ 80%]  (Sampling)
Chain 3: Iteration: 2000 / 2000 [100%]  (Sampling)
Chain 3: 
Chain 3:  Elapsed Time: 3546.66 seconds (Warm-up)
Chain 3:                6624.14 seconds (Sampling)
Chain 3:                10170.8 seconds (Total)
Chain 3: 
Chain 6: Iteration: 1600 / 2000 [ 80%]  (Sampling)
Chain 1: Iteration: 1600 / 2000 [ 80%]  (Sampling)
Chain 10: Iteration: 2000 / 2000 [100%]  (Sampling)
Chain 10: 
Chain 10:  Elapsed Time: 2890.19 seconds (Warm-up)
Chain 10:                8602.34 seconds (Sampling)
Chain 10:                11492.5 seconds (Total)
Chain 10: 
Chain 2: Iteration: 1800 / 2000 [ 90%]  (Sampling)
Chain 9: Iteration: 1800 / 2000 [ 90%]  (Sampling)
Chain 6: Iteration: 1800 / 2000 [ 90%]  (Sampling)
Chain 1: Iteration: 1800 / 2000 [ 90%]  (Sampling)
Chain 2: Iteration: 2000 / 2000 [100%]  (Sampling)
Chain 2: 
Chain 2:  Elapsed Time: 3381.74 seconds (Warm-up)
Chain 2:                10059.6 seconds (Sampling)
Chain 2:                13441.3 seconds (Total)
Chain 2: 
Chain 9: Iteration: 2000 / 2000 [100%]  (Sampling)
Chain 9: 
Chain 9:  Elapsed Time: 3876.23 seconds (Warm-up)
Chain 9:                9809.12 seconds (Sampling)
Chain 9:                13685.3 seconds (Total)
Chain 9: 
Chain 6: Iteration: 2000 / 2000 [100%]  (Sampling)
Chain 6: 
Chain 6:  Elapsed Time: 4173.56 seconds (Warm-up)
Chain 6:                9820.06 seconds (Sampling)
Chain 6:                13993.6 seconds (Total)
Chain 6: 
Chain 1: Iteration: 2000 / 2000 [100%]  (Sampling)
Chain 1: 
Chain 1:  Elapsed Time: 4698.16 seconds (Warm-up)
Chain 1:                9335.65 seconds (Sampling)
Chain 1:                14033.8 seconds (Total)
Chain 1: 
[1] "check 6"

SAMPLING FOR MODEL 'anon_model' NOW (CHAIN 1).

SAMPLING FOR MODEL 'anon_model' NOW (CHAIN 2).

SAMPLING FOR MODEL 'anon_model' NOW (CHAIN 3).
Chain 1: 
Chain 1: Gradient evaluation took 0.0178 seconds
Chain 1: 1000 transitions using 10 leapfrog steps per transition would take 178 seconds.
Chain 1: Adjust your expectations accordingly!
Chain 1: 
Chain 1: 

SAMPLING FOR MODEL 'anon_model' NOW (CHAIN 4).
Chain 2: 
Chain 2: Gradient evaluation took 0.016983 seconds
Chain 2: 1000 transitions using 10 leapfrog steps per transition would take 169.83 seconds.
Chain 2: Adjust your expectations accordingly!
Chain 2: 
Chain 2: 

SAMPLING FOR MODEL 'anon_model' NOW (CHAIN 5).
Chain 3: 
Chain 3: Gradient evaluation took 0.017057 seconds
Chain 3: 1000 transitions using 10 leapfrog steps per transition would take 170.57 seconds.
Chain 3: Adjust your expectations accordingly!
Chain 3: 
Chain 3: 

SAMPLING FOR MODEL 'anon_model' NOW (CHAIN 6).
Chain 1: Iteration:    1 / 2000 [  0%]  (Warmup)
Chain 4: 
Chain 4: Gradient evaluation took 0.017255 seconds
Chain 4: 1000 transitions using 10 leapfrog steps per transition would take 172.55 seconds.
Chain 4: Adjust your expectations accordingly!
Chain 4: 
Chain 4: 
Chain 2: Iteration:    1 / 2000 [  0%]  (Warmup)

SAMPLING FOR MODEL 'anon_model' NOW (CHAIN 7).
Chain 5: 
Chain 5: Gradient evaluation took 0.017513 seconds
Chain 5: 1000 transitions using 10 leapfrog steps per transition would take 175.13 seconds.
Chain 5: Adjust your expectations accordingly!
Chain 5: 
Chain 5: 
Chain 3: Iteration:    1 / 2000 [  0%]  (Warmup)

SAMPLING FOR MODEL 'anon_model' NOW (CHAIN 8).
Chain 6: 
Chain 6: Gradient evaluation took 0.017365 seconds
Chain 6: 1000 transitions using 10 leapfrog steps per transition would take 173.65 seconds.
Chain 6: Adjust your expectations accordingly!
Chain 6: 
Chain 6: 
Chain 4: Iteration:    1 / 2000 [  0%]  (Warmup)

SAMPLING FOR MODEL 'anon_model' NOW (CHAIN 9).
Chain 7: 
Chain 7: Gradient evaluation took 0.017835 seconds
Chain 7: 1000 transitions using 10 leapfrog steps per transition would take 178.35 seconds.
Chain 7: Adjust your expectations accordingly!
Chain 7: 
Chain 7: 

SAMPLING FOR MODEL 'anon_model' NOW (CHAIN 10).
Chain 5: Iteration:    1 / 2000 [  0%]  (Warmup)
Chain 8: 
Chain 8: Gradient evaluation took 0.018141 seconds
Chain 8: 1000 transitions using 10 leapfrog steps per transition would take 181.41 seconds.
Chain 8: Adjust your expectations accordingly!
Chain 8: 
Chain 8: 
Chain 6: Iteration:    1 / 2000 [  0%]  (Warmup)
Chain 9: 
Chain 9: Gradient evaluation took 0.018033 seconds
Chain 9: 1000 transitions using 10 leapfrog steps per transition would take 180.33 seconds.
Chain 9: Adjust your expectations accordingly!
Chain 9: 
Chain 9: 
Chain 7: Iteration:    1 / 2000 [  0%]  (Warmup)
Chain 10: 
Chain 10: Gradient evaluation took 0.017736 seconds
Chain 10: 1000 transitions using 10 leapfrog steps per transition would take 177.36 seconds.
Chain 10: Adjust your expectations accordingly!
Chain 10: 
Chain 10: 
Chain 8: Iteration:    1 / 2000 [  0%]  (Warmup)
Chain 9: Iteration:    1 / 2000 [  0%]  (Warmup)
Chain 10: Iteration:    1 / 2000 [  0%]  (Warmup)
Chain 6: Iteration:  200 / 2000 [ 10%]  (Warmup)
Chain 2: Iteration:  200 / 2000 [ 10%]  (Warmup)
Chain 9: Iteration:  200 / 2000 [ 10%]  (Warmup)
Chain 5: Iteration:  200 / 2000 [ 10%]  (Warmup)
Chain 10: Iteration:  200 / 2000 [ 10%]  (Warmup)
Chain 6: Iteration:  400 / 2000 [ 20%]  (Warmup)
Chain 4: Iteration:  200 / 2000 [ 10%]  (Warmup)
Chain 10: Iteration:  400 / 2000 [ 20%]  (Warmup)
Chain 9: Iteration:  400 / 2000 [ 20%]  (Warmup)
Chain 4: Iteration:  400 / 2000 [ 20%]  (Warmup)
Chain 7: Iteration:  200 / 2000 [ 10%]  (Warmup)
Chain 3: Iteration:  200 / 2000 [ 10%]  (Warmup)
Chain 10: Iteration:  600 / 2000 [ 30%]  (Warmup)
Chain 1: Iteration:  200 / 2000 [ 10%]  (Warmup)
Chain 9: Iteration:  600 / 2000 [ 30%]  (Warmup)
Chain 8: Iteration:  200 / 2000 [ 10%]  (Warmup)
Chain 7: Iteration:  400 / 2000 [ 20%]  (Warmup)
Chain 1: Iteration:  400 / 2000 [ 20%]  (Warmup)
Chain 2: Iteration:  400 / 2000 [ 20%]  (Warmup)
Chain 4: Iteration:  600 / 2000 [ 30%]  (Warmup)
Chain 3: Iteration:  400 / 2000 [ 20%]  (Warmup)
Chain 7: Iteration:  600 / 2000 [ 30%]  (Warmup)
Chain 5: Iteration:  400 / 2000 [ 20%]  (Warmup)
Chain 1: Iteration:  600 / 2000 [ 30%]  (Warmup)
Chain 10: Iteration:  800 / 2000 [ 40%]  (Warmup)
Chain 3: Iteration:  600 / 2000 [ 30%]  (Warmup)
Chain 9: Iteration:  800 / 2000 [ 40%]  (Warmup)
Chain 1: Iteration:  800 / 2000 [ 40%]  (Warmup)
Chain 2: Iteration:  600 / 2000 [ 30%]  (Warmup)
Chain 7: Iteration:  800 / 2000 [ 40%]  (Warmup)
Chain 6: Iteration:  600 / 2000 [ 30%]  (Warmup)
Chain 3: Iteration:  800 / 2000 [ 40%]  (Warmup)
Chain 1: Iteration: 1000 / 2000 [ 50%]  (Warmup)
Chain 1: Iteration: 1001 / 2000 [ 50%]  (Sampling)
Chain 2: Iteration:  800 / 2000 [ 40%]  (Warmup)
Chain 7: Iteration: 1000 / 2000 [ 50%]  (Warmup)
Chain 7: Iteration: 1001 / 2000 [ 50%]  (Sampling)
Chain 1: Iteration: 1200 / 2000 [ 60%]  (Sampling)
Chain 5: Iteration:  600 / 2000 [ 30%]  (Warmup)
Chain 8: Iteration:  400 / 2000 [ 20%]  (Warmup)
Chain 4: Iteration:  800 / 2000 [ 40%]  (Warmup)
Chain 2: Iteration: 1000 / 2000 [ 50%]  (Warmup)
Chain 2: Iteration: 1001 / 2000 [ 50%]  (Sampling)
Chain 1: Iteration: 1400 / 2000 [ 70%]  (Sampling)
Chain 3: Iteration: 1000 / 2000 [ 50%]  (Warmup)
Chain 3: Iteration: 1001 / 2000 [ 50%]  (Sampling)
Chain 7: Iteration: 1200 / 2000 [ 60%]  (Sampling)
Chain 9: Iteration: 1000 / 2000 [ 50%]  (Warmup)
Chain 9: Iteration: 1001 / 2000 [ 50%]  (Sampling)
Chain 8: Iteration:  600 / 2000 [ 30%]  (Warmup)
Chain 1: Iteration: 1600 / 2000 [ 80%]  (Sampling)
Chain 10: Iteration: 1000 / 2000 [ 50%]  (Warmup)
Chain 10: Iteration: 1001 / 2000 [ 50%]  (Sampling)
Chain 8: Iteration:  800 / 2000 [ 40%]  (Warmup)
Chain 2: Iteration: 1200 / 2000 [ 60%]  (Sampling)
Chain 8: Iteration: 1000 / 2000 [ 50%]  (Warmup)
Chain 8: Iteration: 1001 / 2000 [ 50%]  (Sampling)
Chain 5: Iteration:  800 / 2000 [ 40%]  (Warmup)
Chain 1: Iteration: 1800 / 2000 [ 90%]  (Sampling)
Chain 6: Iteration:  800 / 2000 [ 40%]  (Warmup)
