$job_id
[1] 10

$N_sims
[1] 1

$dataset
[1] "ny"

$models
[1] "X1" "X2" "X3"

$n.sample
[1] 1000

$burnin
[1] 500

$family
[1] "normal"

$use_softmax
[1] TRUE

$variances
[1]  NA 100 100

$means
[1] 100 100 100

$rho
[1] 0.3

$tau2
[1] 1

$sigma2
[1] 100

$sigma2_prior_shape
[1] 50

$sigma2_prior_rate
[1] 0.5

$tau2_prior_shape
[1] 1

$tau2_prior_rate
[1] 1

$num_y_samples
[1] 3

$stan_path
[1] "code/CAR_leroux_sparse_normal.stan"

$CV_blocks
[1] 5

$output_path
[1] "softmax_tau21_tauprior11_CV5_05022024_v2"

$seed_start
[1] 9

groups
 1  2  3  4  5 
14 12 12 12 12 
[1] "------------1------------"
Stan model 'anon_model' does not contain samples.
